2.0567 	WARNING 	We strongly recommend you activate the PTB sound engine in PsychoPy prefs as the preferred audio engine. Its timing is vastly superior. Your prefs are currently set to use ['sounddevice', 'PTB', 'pyo', 'pygame'] (in that order).
6.7402 	WARNING 	User requested fullscreen with size [1024  768], but screen is actually [1920, 1080]. Using actual size
7.7986 	EXP 	Created window1 = Window(allowGUI=False, allowStencil=False, autoLog=True, backendConf=UNKNOWN, bitsMode=UNKNOWN, blendMode='avg', bpc=(8, 8, 8), color=array([0, 0, 0]), colorSpace='rgb', depthBits=8, fullscr=<method-wrapper '__getattribute__' of attributeSetter object at 0x000002A5E0C9AAC8>, gamma=None, gammaErrorPolicy='raise', lms=UNKNOWN, monitor=<psychopy.monitors.calibTools.Monitor object at 0x000002A5E0C031D0>, multiSample=False, name='window1', numSamples=2, pos=[0.0, 0.0], screen=0, size=array([1920, 1080]), stencilBits=0, stereo=False, units='height', useFBO=True, useRetina=False, viewOri=0.0, viewPos=None, viewScale=None, waitBlanking=True, winType='pyglet')
7.7993 	EXP 	window1: mouseVisible = True
7.7993 	EXP 	window1: recordFrameIntervals = False
7.9603 	EXP 	window1: recordFrameIntervals = True
8.1455 	EXP 	window1: recordFrameIntervals = False
8.4116 	EXP 	Created marble = Circle(__class__=<class 'psychopy.visual.circle.Circle'>, autoDraw=False, autoLog=True, closeShape=True, color=method-wrapper(...), colorSpace='rgb', contrast=None, depth=0.0, fillColor=array([1, 0, 0]), fillColorSpace='rgb', fillRGB=array([1, 0, 0]), interpolate=True, lineColor=array([0., 0., 0.]), lineColorSpace='rgb', lineRGB=array([0, 0, 0]), lineWidth=1.5, name='marble', opacity=0.5, ori=0.0, pos=array([-0.4,  0. ]), size=array([1., 1.]), units='height', vertices=ndarray(...), win=Window(...))
8.4129 	EXP 	Created marble_space = Rect(__class__=<class 'psychopy.visual.rect.Rect'>, autoDraw=False, autoLog=True, closeShape=True, color=method-wrapper(...), colorSpace='rgb', contrast=None, depth=0.0, fillColor=array([1, 1, 0]), fillColorSpace='rgb', fillRGB=array([1, 1, 0]), interpolate=True, lineColor=array([0., 0., 0.]), lineColorSpace='rgb', lineRGB=array([0, 0, 0]), lineWidth=1.5, name='marble_space', opacity=0.5, ori=0.0, pos=array([-0.78888889, -0.4       ]), size=array([0.1, 0.1]), units='height', vertices=ndarray(...), win=Window(...))
8.4130 	EXP 	window1: mouseVisible = True
8.4134 	EXP 	Created sequence: random, trialTypes=1, nReps=5, seed=None
8.4135 	EXP 	New trial (rep=0, index=0): None
8.4443 	EXP 	marble: autoDraw = True
8.4443 	EXP 	marble_space: autoDraw = True
10.6629 	DATA 	Mouse: Left button down, pos=(461,596)
10.6925 	EXP 	marble: pos = array([-0.46203704,  0.05185185])
10.7094 	EXP 	marble: pos = array([-0.46203704,  0.05185185])
10.7256 	EXP 	marble: pos = array([-0.46203704,  0.05185185])
10.7431 	EXP 	marble: pos = array([-0.46203704,  0.05185185])
10.7595 	EXP 	marble: pos = array([-0.46203704,  0.05185185])
10.7762 	EXP 	marble: pos = array([-0.46203704,  0.05185185])
10.7928 	EXP 	marble: pos = array([-0.46203704,  0.05185185])
10.8096 	EXP 	marble: pos = array([-0.46203704,  0.05185185])
10.8264 	EXP 	marble: pos = array([-0.46203704,  0.05185185])
10.8423 	EXP 	marble: pos = array([-0.46203704,  0.05185185])
10.8597 	EXP 	marble: pos = array([-0.46203704,  0.05185185])
10.8758 	EXP 	marble: pos = array([-0.44537037,  0.03703704])
10.8923 	EXP 	marble: pos = array([-0.42962963,  0.01296296])
10.9100 	EXP 	marble: pos = array([-0.41851852, -0.00185185])
10.9257 	EXP 	marble: pos = array([-0.40555556, -0.0212963 ])
10.9426 	EXP 	marble: pos = array([-0.39259259, -0.04351852])
10.9600 	EXP 	marble: pos = array([-0.38425926, -0.05555556])
10.9759 	EXP 	marble: pos = array([-0.36481481, -0.0712963 ])
10.9929 	EXP 	marble: pos = array([-0.35092593, -0.08611111])
11.0096 	EXP 	marble: pos = array([-0.3287037 , -0.10925926])
11.0258 	EXP 	marble: pos = array([-0.31759259, -0.11666667])
11.0429 	EXP 	marble: pos = array([-0.30833333, -0.12222222])
11.0595 	EXP 	marble: pos = array([-0.29814815, -0.125     ])
11.0759 	EXP 	marble: pos = array([-0.29444444, -0.12407407])
11.0925 	EXP 	marble: pos = array([-0.29444444, -0.12407407])
11.1090 	EXP 	marble: pos = array([-0.29444444, -0.12407407])
11.1254 	EXP 	marble: pos = array([-0.29444444, -0.12407407])
11.1425 	EXP 	marble: pos = array([-0.29444444, -0.12407407])
11.1593 	EXP 	marble: pos = array([-0.29444444, -0.12407407])
11.1758 	EXP 	marble: pos = array([-0.29444444, -0.12407407])
11.1923 	EXP 	marble: pos = array([-0.29444444, -0.12407407])
11.2097 	EXP 	marble: pos = array([-0.29444444, -0.12407407])
11.2254 	EXP 	marble: pos = array([-0.29444444, -0.12407407])
11.2421 	EXP 	marble: pos = array([-0.29444444, -0.12407407])
11.2594 	EXP 	marble: pos = array([-0.29444444, -0.12407407])
11.2755 	EXP 	marble: pos = array([-0.30185185, -0.11944444])
11.2925 	EXP 	marble: pos = array([-0.3212963 , -0.10740741])
11.3093 	EXP 	marble: pos = array([-0.35648148, -0.06388889])
11.3254 	EXP 	marble: pos = array([-0.37962963, -0.04537037])
11.3419 	EXP 	marble: pos = array([-0.41018519,  0.00277778])
11.3591 	EXP 	marble: pos = array([-0.42314815,  0.02037037])
11.3751 	EXP 	marble: pos = array([-0.45092593,  0.05277778])
11.3921 	EXP 	marble: pos = array([-0.45555556,  0.05925926])
11.4093 	EXP 	marble: pos = array([-0.46018519,  0.06481481])
11.4255 	EXP 	marble: pos = array([-0.46296296,  0.06574074])
11.4422 	EXP 	marble: pos = array([-0.46388889,  0.06666667])
11.4587 	EXP 	marble: pos = array([-0.46388889,  0.06666667])
11.4756 	EXP 	marble: pos = array([-0.46388889,  0.06666667])
11.4921 	EXP 	marble: pos = array([-0.46481481,  0.06666667])
11.5087 	EXP 	marble: pos = array([-0.46574074,  0.06666667])
11.5103 	DATA 	Mouse:  Left button up, pos=(457,612)
12.9599 	DATA 	Mouse: Left button down, pos=(113,151)
13.5258 	DATA 	Mouse:  Left button up, pos=(205,294)
28.1792 	DATA 	Mouse: Left button down, pos=(466,651)
28.2081 	EXP 	marble: pos = array([-0.45740741,  0.10277778])
28.2248 	EXP 	marble: pos = array([-0.45740741,  0.10277778])
28.2414 	EXP 	marble: pos = array([-0.45740741,  0.10277778])
28.2580 	EXP 	marble: pos = array([-0.45740741,  0.10277778])
28.2746 	EXP 	marble: pos = array([-0.45740741,  0.10277778])
28.2913 	EXP 	marble: pos = array([-0.45740741,  0.10277778])
28.3081 	EXP 	marble: pos = array([-0.45740741,  0.10277778])
28.3247 	EXP 	marble: pos = array([-0.45740741,  0.10277778])
28.3414 	EXP 	marble: pos = array([-0.45740741,  0.10277778])
28.3580 	EXP 	marble: pos = array([-0.45740741,  0.10277778])
28.3747 	EXP 	marble: pos = array([-0.45740741,  0.10277778])
28.3913 	EXP 	marble: pos = array([-0.45740741,  0.10277778])
28.4079 	EXP 	marble: pos = array([-0.45740741,  0.10277778])
28.4246 	EXP 	marble: pos = array([-0.45740741,  0.10277778])
28.4413 	EXP 	marble: pos = array([-0.45740741,  0.10277778])
28.4579 	EXP 	marble: pos = array([-0.45740741,  0.10277778])
28.4745 	EXP 	marble: pos = array([-0.45740741,  0.10277778])
28.4912 	EXP 	marble: pos = array([-0.45740741,  0.10277778])
28.5078 	EXP 	marble: pos = array([-0.45740741,  0.10277778])
28.5246 	EXP 	marble: pos = array([-0.45740741,  0.10277778])
28.5412 	EXP 	marble: pos = array([-0.45740741,  0.10277778])
28.5578 	EXP 	marble: pos = array([-0.45740741,  0.10277778])
28.5745 	EXP 	marble: pos = array([-0.45740741,  0.10277778])
28.5912 	EXP 	marble: pos = array([-0.44351852,  0.10462963])
28.6078 	EXP 	marble: pos = array([-0.42037037,  0.10555556])
28.6245 	EXP 	marble: pos = array([-0.4037037 ,  0.10555556])
28.6412 	EXP 	marble: pos = array([-0.37222222,  0.10555556])
28.6577 	EXP 	marble: pos = array([-0.35833333,  0.10462963])
28.6744 	EXP 	marble: pos = array([-0.35277778,  0.10462963])
28.6911 	EXP 	marble: pos = array([-0.34074074,  0.1037037 ])
28.7078 	EXP 	marble: pos = array([-0.31111111,  0.10277778])
28.7244 	EXP 	marble: pos = array([-0.30092593,  0.10092593])
28.7411 	EXP 	marble: pos = array([-0.28333333,  0.09351852])
28.7577 	EXP 	marble: pos = array([-0.27222222,  0.08981481])
28.7742 	EXP 	marble: pos = array([-0.25740741,  0.08611111])
28.7911 	EXP 	marble: pos = array([-0.2537037 ,  0.08333333])
28.8076 	EXP 	marble: pos = array([-0.25185185,  0.08333333])
28.8243 	EXP 	marble: pos = array([-0.25092593,  0.08240741])
28.8411 	EXP 	marble: pos = array([-0.24444444,  0.08333333])
28.8576 	EXP 	marble: pos = array([-0.23981481,  0.08611111])
28.8744 	EXP 	marble: pos = array([-0.22777778,  0.09074074])
28.8909 	EXP 	marble: pos = array([-0.225     ,  0.09259259])
28.9075 	EXP 	marble: pos = array([-0.225     ,  0.09259259])
28.9242 	EXP 	marble: pos = array([-0.225     ,  0.09259259])
28.9408 	EXP 	marble: pos = array([-0.225     ,  0.09259259])
28.9574 	EXP 	marble: pos = array([-0.225     ,  0.09259259])
28.9741 	EXP 	marble: pos = array([-0.225     ,  0.09259259])
28.9909 	EXP 	marble: pos = array([-0.225     ,  0.09259259])
29.0074 	EXP 	marble: pos = array([-0.225     ,  0.09259259])
29.0240 	EXP 	marble: pos = array([-0.225     ,  0.09259259])
29.0408 	EXP 	marble: pos = array([-0.225     ,  0.09259259])
29.0574 	EXP 	marble: pos = array([-0.225     ,  0.09259259])
29.0740 	EXP 	marble: pos = array([-0.225     ,  0.09259259])
29.0909 	EXP 	marble: pos = array([-0.225     ,  0.09259259])
29.1073 	EXP 	marble: pos = array([-0.225     ,  0.09259259])
29.1240 	EXP 	marble: pos = array([-0.225     ,  0.09259259])
29.1407 	EXP 	marble: pos = array([-0.225     ,  0.09259259])
29.1573 	EXP 	marble: pos = array([-0.225     ,  0.09259259])
29.1739 	EXP 	marble: pos = array([-0.225     ,  0.09259259])
29.1906 	EXP 	marble: pos = array([-0.225     ,  0.09259259])
29.2072 	EXP 	marble: pos = array([-0.225     ,  0.09259259])
29.2239 	EXP 	marble: pos = array([-0.2212963 ,  0.08796296])
29.2406 	EXP 	marble: pos = array([-0.22037037,  0.08240741])
29.2573 	EXP 	marble: pos = array([-0.24074074,  0.06111111])
29.2738 	EXP 	marble: pos = array([-0.26018519,  0.03981481])
29.2905 	EXP 	marble: pos = array([-0.31296296,  0.00648148])
29.3072 	EXP 	marble: pos = array([-0.33981481, -0.02592593])
29.3239 	EXP 	marble: pos = array([-0.36111111, -0.05092593])
29.3404 	EXP 	marble: pos = array([-0.38240741, -0.06759259])
29.3572 	EXP 	marble: pos = array([-0.39259259, -0.08425926])
29.3739 	EXP 	marble: pos = array([-0.39537037, -0.08981481])
29.3906 	EXP 	marble: pos = array([-0.39722222, -0.09074074])
29.4071 	EXP 	marble: pos = array([-0.39722222, -0.09074074])
29.4237 	EXP 	marble: pos = array([-0.39722222, -0.09074074])
29.4404 	EXP 	marble: pos = array([-0.39722222, -0.09074074])
29.4570 	EXP 	marble: pos = array([-0.39722222, -0.09074074])
29.4736 	EXP 	marble: pos = array([-0.39722222, -0.09074074])
29.4903 	EXP 	marble: pos = array([-0.39722222, -0.09074074])
29.5070 	EXP 	marble: pos = array([-0.39722222, -0.09074074])
29.5236 	EXP 	marble: pos = array([-0.39722222, -0.09074074])
29.5406 	EXP 	marble: pos = array([-0.39537037, -0.09074074])
29.5569 	EXP 	marble: pos = array([-0.38703704, -0.08703704])
29.5737 	EXP 	marble: pos = array([-0.36851852, -0.07685185])
29.5905 	EXP 	marble: pos = array([-0.33981481, -0.06018519])
29.6069 	EXP 	marble: pos = array([-0.2962963, -0.025    ])
29.6234 	EXP 	marble: pos = array([-0.26388889,  0.00185185])
29.6404 	EXP 	marble: pos = array([-0.21296296,  0.03518519])
29.6568 	EXP 	marble: pos = array([-0.18055556,  0.06203704])
29.6734 	EXP 	marble: pos = array([-0.15648148,  0.08240741])
29.6901 	EXP 	marble: pos = array([-0.12592593,  0.09537037])
29.7068 	EXP 	marble: pos = array([-0.11759259,  0.10092593])
29.7235 	EXP 	marble: pos = array([-0.10648148,  0.10462963])
29.7401 	EXP 	marble: pos = array([-0.08611111,  0.11574074])
29.7568 	EXP 	marble: pos = array([-0.07592593,  0.12037037])
29.7735 	EXP 	marble: pos = array([-0.07222222,  0.1212963 ])
29.7900 	EXP 	marble: pos = array([-0.06944444,  0.12222222])
29.8066 	EXP 	marble: pos = array([-0.06944444,  0.12222222])
29.8234 	EXP 	marble: pos = array([-0.06944444,  0.12222222])
29.8402 	EXP 	marble: pos = array([-0.06944444,  0.12222222])
29.8565 	EXP 	marble: pos = array([-0.06944444,  0.12222222])
29.8734 	EXP 	marble: pos = array([-0.06944444,  0.12222222])
29.8899 	EXP 	marble: pos = array([-0.06944444,  0.12222222])
29.9065 	EXP 	marble: pos = array([-0.06944444,  0.12222222])
29.9232 	EXP 	marble: pos = array([-0.06944444,  0.12222222])
29.9401 	EXP 	marble: pos = array([-0.06944444,  0.12222222])
29.9565 	EXP 	marble: pos = array([-0.06944444,  0.12222222])
29.9732 	EXP 	marble: pos = array([-0.06944444,  0.12222222])
29.9899 	EXP 	marble: pos = array([-0.06944444,  0.12222222])
30.0065 	EXP 	marble: pos = array([-0.06944444,  0.12222222])
30.0231 	EXP 	marble: pos = array([-0.06944444,  0.12222222])
30.0402 	EXP 	marble: pos = array([-0.06944444,  0.12222222])
30.0564 	EXP 	marble: pos = array([-0.07962963,  0.1212963 ])
30.0731 	EXP 	marble: pos = array([-0.13518519,  0.10277778])
30.0900 	EXP 	marble: pos = array([-0.2287037 ,  0.07407407])
30.1063 	EXP 	marble: pos = array([-0.26944444,  0.06203704])
30.1230 	EXP 	marble: pos = array([-0.31388889,  0.03703704])
30.1402 	EXP 	marble: pos = array([-0.33796296,  0.02037037])
30.1563 	EXP 	marble: pos = array([-0.35185185,  0.01296296])
30.1730 	EXP 	marble: pos = array([-0.35462963,  0.01296296])
30.1897 	EXP 	marble: pos = array([-0.35740741,  0.01203704])
30.2062 	EXP 	marble: pos = array([-0.35925926,  0.01203704])
30.2229 	EXP 	marble: pos = array([-0.35925926,  0.01203704])
30.2396 	EXP 	marble: pos = array([-0.35925926,  0.01203704])
30.2563 	EXP 	marble: pos = array([-0.35925926,  0.01203704])
30.2729 	EXP 	marble: pos = array([-0.35925926,  0.01203704])
30.2901 	EXP 	marble: pos = array([-0.35925926,  0.01203704])
30.3062 	EXP 	marble: pos = array([-0.35648148,  0.01296296])
30.3228 	EXP 	marble: pos = array([-0.35      ,  0.01574074])
30.3398 	EXP 	marble: pos = array([-0.3287037 ,  0.03240741])
30.3563 	EXP 	marble: pos = array([-0.28703704,  0.04814815])
30.3729 	EXP 	marble: pos = array([-0.25555556,  0.05648148])
30.3899 	EXP 	marble: pos = array([-0.1962963 ,  0.07222222])
30.4061 	EXP 	marble: pos = array([-0.16944444,  0.08240741])
30.4228 	EXP 	marble: pos = array([-0.12592593,  0.1037037 ])
30.4397 	EXP 	marble: pos = array([-0.08333333,  0.12407407])
30.4560 	EXP 	marble: pos = array([-0.06018519,  0.13055556])
30.4727 	EXP 	marble: pos = array([-0.05      ,  0.13240741])
30.4896 	EXP 	marble: pos = array([-0.04444444,  0.13333333])
30.5061 	EXP 	marble: pos = array([-0.03703704,  0.13425926])
30.5227 	EXP 	marble: pos = array([-0.0212963 ,  0.13518519])
30.5393 	EXP 	marble: pos = array([-0.00555556,  0.13796296])
30.5560 	EXP 	marble: pos = array([-0.00462963,  0.13796296])
30.5728 	EXP 	marble: pos = array([-0.00462963,  0.13796296])
30.5894 	EXP 	marble: pos = array([0.00092593, 0.13796296])
30.6060 	EXP 	marble: pos = array([0.0037037 , 0.13796296])
30.6228 	EXP 	marble: pos = array([0.00740741, 0.13611111])
30.6392 	EXP 	marble: pos = array([0.01203704, 0.13518519])
30.6559 	EXP 	marble: pos = array([0.01203704, 0.13518519])
30.6726 	EXP 	marble: pos = array([0.01203704, 0.13518519])
30.6892 	EXP 	marble: pos = array([0.01203704, 0.13518519])
30.7058 	EXP 	marble: pos = array([0.01203704, 0.13518519])
30.7226 	EXP 	marble: pos = array([0.01203704, 0.13518519])
30.7391 	EXP 	marble: pos = array([0.01296296, 0.13240741])
30.7559 	EXP 	marble: pos = array([0.01296296, 0.12592593])
30.7724 	EXP 	marble: pos = array([0.01203704, 0.12037037])
30.7892 	EXP 	marble: pos = array([0.00925926, 0.11388889])
30.8057 	EXP 	marble: pos = array([0.00740741, 0.10833333])
30.8226 	EXP 	marble: pos = array([-0.00185185,  0.1       ])
30.8392 	EXP 	marble: pos = array([-0.04444444,  0.07222222])
30.8557 	EXP 	marble: pos = array([-0.05555556,  0.05925926])
30.8724 	EXP 	marble: pos = array([-0.06481481,  0.05      ])
30.8893 	EXP 	marble: pos = array([-0.08518519,  0.03703704])
30.9056 	EXP 	marble: pos = array([-0.10185185,  0.03055556])
30.9223 	EXP 	marble: pos = array([-0.11481481,  0.02314815])
30.9390 	EXP 	marble: pos = array([-0.14814815,  0.        ])
30.9556 	EXP 	marble: pos = array([-0.17407407, -0.01388889])
30.9724 	EXP 	marble: pos = array([-0.18611111, -0.0212963 ])
30.9889 	EXP 	marble: pos = array([-0.19537037, -0.02685185])
31.0055 	EXP 	marble: pos = array([-0.19537037, -0.02685185])
31.0223 	EXP 	marble: pos = array([-0.19537037, -0.02685185])
31.0389 	EXP 	marble: pos = array([-0.19537037, -0.02685185])
31.0555 	EXP 	marble: pos = array([-0.19537037, -0.02685185])
31.0723 	EXP 	marble: pos = array([-0.19537037, -0.02685185])
31.0887 	EXP 	marble: pos = array([-0.19537037, -0.02685185])
31.1054 	EXP 	marble: pos = array([-0.19537037, -0.02685185])
31.1222 	EXP 	marble: pos = array([-0.1962963 , -0.02685185])
31.1389 	EXP 	marble: pos = array([-0.19814815, -0.02314815])
31.1554 	EXP 	marble: pos = array([-0.19814815, -0.01666667])
31.1721 	EXP 	marble: pos = array([-0.19814815, -0.01018519])
31.1892 	EXP 	marble: pos = array([-0.19166667,  0.00462963])
31.2054 	EXP 	marble: pos = array([-0.18703704,  0.01481481])
31.2220 	EXP 	marble: pos = array([-0.18055556,  0.025     ])
31.2387 	EXP 	marble: pos = array([-0.16851852,  0.04537037])
31.2555 	EXP 	marble: pos = array([-0.15740741,  0.06111111])
31.2721 	EXP 	marble: pos = array([-0.14537037,  0.0712963 ])
31.2887 	EXP 	marble: pos = array([-0.12962963,  0.08703704])
31.3053 	EXP 	marble: pos = array([-0.10925926,  0.11111111])
31.3221 	EXP 	marble: pos = array([-0.07592593,  0.13518519])
31.3388 	EXP 	marble: pos = array([-0.03981481,  0.15185185])
31.3575 	EXP 	marble: pos = array([-0.01481481,  0.16759259])
31.3743 	EXP 	marble: pos = array([0.00277778, 0.1787037 ])
31.3910 	EXP 	marble: pos = array([0.00648148, 0.18240741])
31.4074 	EXP 	marble: pos = array([0.01018519, 0.18518519])
31.4242 	EXP 	marble: pos = array([0.02407407, 0.18888889])
31.4408 	EXP 	marble: pos = array([0.04444444, 0.19351852])
31.4574 	EXP 	marble: pos = array([0.05277778, 0.19351852])
31.4742 	EXP 	marble: pos = array([0.05555556, 0.19259259])
31.4907 	EXP 	marble: pos = array([0.05648148, 0.19259259])
31.5073 	EXP 	marble: pos = array([0.05648148, 0.19259259])
31.5241 	EXP 	marble: pos = array([0.05648148, 0.19259259])
31.5407 	EXP 	marble: pos = array([0.05648148, 0.19259259])
31.5573 	EXP 	marble: pos = array([0.05648148, 0.19259259])
31.5740 	EXP 	marble: pos = array([0.05648148, 0.19259259])
31.5905 	EXP 	marble: pos = array([0.05648148, 0.19259259])
31.6072 	EXP 	marble: pos = array([0.05648148, 0.19259259])
31.6240 	EXP 	marble: pos = array([0.05648148, 0.19259259])
31.6405 	EXP 	marble: pos = array([0.05648148, 0.19259259])
31.6572 	EXP 	marble: pos = array([0.05648148, 0.19259259])
31.6739 	EXP 	marble: pos = array([0.05648148, 0.19259259])
31.6906 	EXP 	marble: pos = array([0.05648148, 0.19259259])
31.7071 	EXP 	marble: pos = array([0.05648148, 0.19259259])
31.7238 	EXP 	marble: pos = array([0.05648148, 0.19259259])
31.7404 	EXP 	marble: pos = array([0.05648148, 0.19259259])
31.7571 	EXP 	marble: pos = array([0.05648148, 0.19259259])
31.7738 	EXP 	marble: pos = array([0.05648148, 0.19259259])
31.7906 	EXP 	marble: pos = array([0.05      , 0.19166667])
31.8070 	EXP 	marble: pos = array([0.02962963, 0.18518519])
31.8238 	EXP 	marble: pos = array([-0.0037037 ,  0.17222222])
31.8405 	EXP 	marble: pos = array([-0.025     ,  0.16388889])
31.8571 	EXP 	marble: pos = array([-0.05462963,  0.15648148])
31.8740 	EXP 	marble: pos = array([-0.08518519,  0.14814815])
31.9069 	EXP 	marble: pos = array([-0.10555556,  0.14259259])
31.9237 	EXP 	marble: pos = array([-0.14351852,  0.11203704])
31.9402 	EXP 	marble: pos = array([-0.15      ,  0.10185185])
31.9569 	EXP 	marble: pos = array([-0.1537037 ,  0.09907407])
31.9737 	EXP 	marble: pos = array([-0.15462963,  0.09814815])
31.9901 	EXP 	marble: pos = array([-0.15462963,  0.09814815])
32.0068 	EXP 	marble: pos = array([-0.15462963,  0.09814815])
32.0236 	EXP 	marble: pos = array([-0.15462963,  0.09722222])
32.0401 	EXP 	marble: pos = array([-0.15462963,  0.0962963 ])
32.0568 	EXP 	marble: pos = array([-0.15462963,  0.0962963 ])
32.0736 	EXP 	marble: pos = array([-0.15462963,  0.0962963 ])
32.0900 	EXP 	marble: pos = array([-0.15462963,  0.0962963 ])
32.1068 	EXP 	marble: pos = array([-0.1537037 ,  0.09537037])
32.1235 	EXP 	marble: pos = array([-0.13796296,  0.09166667])
32.1400 	EXP 	marble: pos = array([-0.11574074,  0.08888889])
32.1567 	EXP 	marble: pos = array([-0.09259259,  0.08611111])
32.1735 	EXP 	marble: pos = array([-0.06018519,  0.08240741])
32.2066 	EXP 	marble: pos = array([-0.03518519,  0.0787037 ])
32.2234 	EXP 	marble: pos = array([0.01388889, 0.07407407])
32.2399 	EXP 	marble: pos = array([0.02407407, 0.0712963 ])
32.2567 	EXP 	marble: pos = array([0.0287037 , 0.07037037])
32.2733 	EXP 	marble: pos = array([0.0287037 , 0.06944444])
32.3076 	EXP 	marble: pos = array([0.02962963, 0.06944444])
32.3232 	EXP 	marble: pos = array([0.03240741, 0.06851852])
32.3398 	EXP 	marble: pos = array([0.03240741, 0.06851852])
32.3565 	EXP 	marble: pos = array([0.03240741, 0.06851852])
32.3733 	EXP 	marble: pos = array([0.03240741, 0.06851852])
32.3898 	EXP 	marble: pos = array([0.03240741, 0.06851852])
32.4065 	EXP 	marble: pos = array([0.03240741, 0.06759259])
32.4232 	EXP 	marble: pos = array([0.01296296, 0.05833333])
32.4397 	EXP 	marble: pos = array([-0.00648148,  0.05185185])
32.4564 	EXP 	marble: pos = array([-0.02962963,  0.04537037])
32.4732 	EXP 	marble: pos = array([-0.075     ,  0.03240741])
32.4897 	EXP 	marble: pos = array([-0.10648148,  0.01944444])
32.5064 	EXP 	marble: pos = array([-0.14166667,  0.0037037 ])
32.5231 	EXP 	marble: pos = array([-0.1712963 , -0.01296296])
32.5396 	EXP 	marble: pos = array([-0.18981481, -0.0212963 ])
32.5564 	EXP 	marble: pos = array([-0.20185185, -0.025     ])
32.5730 	EXP 	marble: pos = array([-0.21388889, -0.0287037 ])
32.5896 	EXP 	marble: pos = array([-0.21851852, -0.03055556])
32.6063 	EXP 	marble: pos = array([-0.22314815, -0.03055556])
32.6230 	EXP 	marble: pos = array([-0.22407407, -0.03055556])
32.6396 	EXP 	marble: pos = array([-0.2287037 , -0.03240741])
32.6562 	EXP 	marble: pos = array([-0.23055556, -0.03240741])
32.6729 	EXP 	marble: pos = array([-0.23148148, -0.03240741])
32.6895 	EXP 	marble: pos = array([-0.24166667, -0.03148148])
32.7062 	EXP 	marble: pos = array([-0.24351852, -0.03148148])
32.7229 	EXP 	marble: pos = array([-0.24907407, -0.02962963])
32.7395 	EXP 	marble: pos = array([-0.25092593, -0.0287037 ])
32.7562 	EXP 	marble: pos = array([-0.25462963, -0.02314815])
32.7729 	EXP 	marble: pos = array([-0.26296296,  0.0037037 ])
32.7894 	EXP 	marble: pos = array([-0.26481481,  0.02314815])
32.8061 	EXP 	marble: pos = array([-0.27037037,  0.04259259])
32.8228 	EXP 	marble: pos = array([-0.2712963 ,  0.08055556])
32.8394 	EXP 	marble: pos = array([-0.27314815,  0.08981481])
32.8560 	EXP 	marble: pos = array([-0.2787037 ,  0.11203704])
32.8728 	EXP 	marble: pos = array([-0.27962963,  0.125     ])
32.8893 	EXP 	marble: pos = array([-0.27962963,  0.13333333])
32.9060 	EXP 	marble: pos = array([-0.27777778,  0.14166667])
32.9227 	EXP 	marble: pos = array([-0.26481481,  0.16481481])
32.9393 	EXP 	marble: pos = array([-0.23703704,  0.18703704])
32.9560 	EXP 	marble: pos = array([-0.16018519,  0.21296296])
32.9727 	EXP 	marble: pos = array([-0.075     ,  0.23425926])
33.2058 	EXP 	marble: pos = array([-0.07314815,  0.18796296])
33.8246 	DATA 	Mouse:  Left button up, pos=(454,467)
35.3566 	DATA 	Mouse: Left button down, pos=(859,729)
35.3869 	EXP 	marble: pos = array([-0.09351852,  0.175     ])
35.4037 	EXP 	marble: pos = array([-0.09351852,  0.175     ])
35.4202 	EXP 	marble: pos = array([-0.09351852,  0.175     ])
35.4370 	EXP 	marble: pos = array([-0.09351852,  0.175     ])
35.4538 	EXP 	marble: pos = array([-0.09351852,  0.175     ])
35.4702 	EXP 	marble: pos = array([-0.09351852,  0.175     ])
35.4870 	EXP 	marble: pos = array([-0.09351852,  0.175     ])
35.5036 	EXP 	marble: pos = array([-0.09351852,  0.175     ])
35.5201 	EXP 	marble: pos = array([-0.09351852,  0.175     ])
35.5369 	EXP 	marble: pos = array([-0.09351852,  0.175     ])
35.5535 	EXP 	marble: pos = array([-0.09351852,  0.175     ])
35.5701 	EXP 	marble: pos = array([-0.09351852,  0.175     ])
35.5868 	EXP 	marble: pos = array([-0.09351852,  0.175     ])
35.6036 	EXP 	marble: pos = array([-0.09351852,  0.175     ])
35.6201 	EXP 	marble: pos = array([-0.09351852,  0.175     ])
35.6367 	EXP 	marble: pos = array([-0.09351852,  0.175     ])
35.6536 	EXP 	marble: pos = array([-0.09351852,  0.175     ])
35.6702 	EXP 	marble: pos = array([-0.09351852,  0.175     ])
35.6867 	EXP 	marble: pos = array([-0.10462963,  0.17222222])
35.7036 	EXP 	marble: pos = array([-0.13333333,  0.16574074])
35.7203 	EXP 	marble: pos = array([-0.14907407,  0.16111111])
35.7367 	EXP 	marble: pos = array([-0.17222222,  0.15833333])
35.7539 	EXP 	marble: pos = array([-0.20185185,  0.14907407])
35.7702 	EXP 	marble: pos = array([-0.23240741,  0.13888889])
35.7866 	EXP 	marble: pos = array([-0.25462963,  0.13148148])
35.8034 	EXP 	marble: pos = array([-0.28703704,  0.11574074])
35.8366 	EXP 	marble: pos = array([-0.31203704,  0.10462963])
35.8534 	EXP 	marble: pos = array([-0.35740741,  0.07407407])
35.8698 	EXP 	marble: pos = array([-0.36481481,  0.06759259])
35.8865 	EXP 	marble: pos = array([-0.36944444,  0.06481481])
35.9031 	EXP 	marble: pos = array([-0.36944444,  0.06481481])
35.9198 	EXP 	marble: pos = array([-0.36944444,  0.06481481])
35.9365 	EXP 	marble: pos = array([-0.36944444,  0.06481481])
35.9532 	EXP 	marble: pos = array([-0.36944444,  0.06481481])
35.9698 	EXP 	marble: pos = array([-0.36944444,  0.06481481])
35.9864 	EXP 	marble: pos = array([-0.36944444,  0.06481481])
36.0032 	EXP 	marble: pos = array([-0.36944444,  0.06481481])
36.0197 	EXP 	marble: pos = array([-0.36944444,  0.06481481])
36.0364 	EXP 	marble: pos = array([-0.36944444,  0.06481481])
36.0532 	EXP 	marble: pos = array([-0.36944444,  0.06481481])
36.0696 	EXP 	marble: pos = array([-0.36944444,  0.06481481])
36.0863 	EXP 	marble: pos = array([-0.36944444,  0.06481481])
36.1031 	EXP 	marble: pos = array([-0.36944444,  0.06481481])
36.1197 	EXP 	marble: pos = array([-0.38981481,  0.05555556])
36.1363 	EXP 	marble: pos = array([-0.41203704,  0.0462963 ])
36.1531 	EXP 	marble: pos = array([-0.46851852,  0.01388889])
36.1696 	EXP 	marble: pos = array([-0.51481481, -0.01944444])
36.1863 	EXP 	marble: pos = array([-0.54537037, -0.03981481])
36.2030 	EXP 	marble: pos = array([-0.57037037, -0.06203704])
36.2369 	EXP 	marble: pos = array([-0.58333333, -0.07314815])
36.2532 	EXP 	marble: pos = array([-0.6       , -0.08240741])
36.2695 	EXP 	marble: pos = array([-0.60277778, -0.08425926])
36.2862 	EXP 	marble: pos = array([-0.60277778, -0.08425926])
36.3029 	EXP 	marble: pos = array([-0.60277778, -0.08425926])
36.3194 	EXP 	marble: pos = array([-0.60277778, -0.08425926])
36.3361 	EXP 	marble: pos = array([-0.60277778, -0.08425926])
36.3529 	EXP 	marble: pos = array([-0.60277778, -0.08425926])
36.3695 	EXP 	marble: pos = array([-0.60277778, -0.08425926])
36.3861 	EXP 	marble: pos = array([-0.60277778, -0.08425926])
36.4029 	EXP 	marble: pos = array([-0.60277778, -0.08425926])
36.4194 	EXP 	marble: pos = array([-0.60277778, -0.08425926])
36.4361 	EXP 	marble: pos = array([-0.60277778, -0.08425926])
36.4527 	EXP 	marble: pos = array([-0.60277778, -0.08425926])
36.4693 	EXP 	marble: pos = array([-0.60277778, -0.08425926])
36.4860 	EXP 	marble: pos = array([-0.60277778, -0.08425926])
36.5028 	EXP 	marble: pos = array([-0.60277778, -0.08425926])
36.5192 	EXP 	marble: pos = array([-0.60277778, -0.08425926])
36.5359 	EXP 	marble: pos = array([-0.61944444, -0.09074074])
36.5526 	EXP 	marble: pos = array([-0.6462963, -0.1037037])
36.5864 	EXP 	marble: pos = array([-0.65648148, -0.11203704])
36.6026 	EXP 	marble: pos = array([-0.70092593, -0.14259259])
36.6192 	EXP 	marble: pos = array([-0.71851852, -0.15277778])
36.6358 	EXP 	marble: pos = array([-0.73611111, -0.1712963 ])
36.6526 	EXP 	marble: pos = array([-0.75833333, -0.19259259])
36.6691 	EXP 	marble: pos = array([-0.76759259, -0.20462963])
36.6858 	EXP 	marble: pos = array([-0.77407407, -0.21851852])
36.7025 	EXP 	marble: pos = array([-0.78055556, -0.23148148])
36.7191 	EXP 	marble: pos = array([-0.78055556, -0.23425926])
36.7358 	EXP 	marble: pos = array([-0.78055556, -0.23425926])
36.7525 	EXP 	marble: pos = array([-0.78055556, -0.23425926])
36.7690 	EXP 	marble: pos = array([-0.78055556, -0.23425926])
36.7857 	EXP 	marble: pos = array([-0.78055556, -0.23425926])
36.8024 	EXP 	marble: pos = array([-0.78055556, -0.23425926])
36.8190 	EXP 	marble: pos = array([-0.78055556, -0.23425926])
36.8357 	EXP 	marble: pos = array([-0.78055556, -0.23425926])
36.8524 	EXP 	marble: pos = array([-0.78055556, -0.23425926])
36.8690 	EXP 	marble: pos = array([-0.78055556, -0.23425926])
36.8857 	EXP 	marble: pos = array([-0.78055556, -0.23425926])
36.9023 	EXP 	marble: pos = array([-0.78055556, -0.23425926])
36.9189 	EXP 	marble: pos = array([-0.78055556, -0.23425926])
36.9357 	EXP 	marble: pos = array([-0.78055556, -0.23425926])
36.9523 	EXP 	marble: pos = array([-0.78055556, -0.23425926])
36.9688 	EXP 	marble: pos = array([-0.78055556, -0.23425926])
36.9855 	EXP 	marble: pos = array([-0.7962963 , -0.24074074])
37.0023 	EXP 	marble: pos = array([-0.81111111, -0.24907407])
37.0187 	EXP 	marble: pos = array([-0.81481481, -0.25      ])
37.0354 	EXP 	marble: pos = array([-0.81666667, -0.25277778])
37.0522 	EXP 	marble: pos = array([-0.81666667, -0.25277778])
37.0687 	EXP 	marble: pos = array([-0.81666667, -0.25277778])
37.0854 	EXP 	marble: pos = array([-0.81944444, -0.25833333])
37.1021 	EXP 	marble: pos = array([-0.82037037, -0.26574074])
37.1188 	EXP 	marble: pos = array([-0.82037037, -0.27037037])
37.1353 	EXP 	marble: pos = array([-0.82037037, -0.2787037 ])
37.1521 	EXP 	marble: pos = array([-0.8212963 , -0.28425926])
37.1686 	EXP 	marble: pos = array([-0.8212963 , -0.28611111])
37.1853 	EXP 	marble: pos = array([-0.82222222, -0.29166667])
37.2020 	EXP 	marble: pos = array([-0.82407407, -0.29537037])
37.2185 	EXP 	marble: pos = array([-0.82777778, -0.30648148])
37.2352 	EXP 	marble: pos = array([-0.8287037 , -0.30925926])
37.2520 	EXP 	marble: pos = array([-0.8287037 , -0.31111111])
37.2685 	EXP 	marble: pos = array([-0.82962963, -0.31203704])
37.2852 	EXP 	marble: pos = array([-0.82962963, -0.31296296])
37.3020 	EXP 	marble: pos = array([-0.82962963, -0.31574074])
37.3185 	EXP 	marble: pos = array([-0.82685185, -0.31851852])
37.3352 	EXP 	marble: pos = array([-0.82592593, -0.32037037])
37.3519 	EXP 	marble: pos = array([-0.82037037, -0.32592593])
37.3684 	EXP 	marble: pos = array([-0.81574074, -0.32962963])
37.3851 	EXP 	marble: pos = array([-0.81388889, -0.33055556])
37.4019 	EXP 	marble: pos = array([-0.81018519, -0.33703704])
37.4184 	EXP 	marble: pos = array([-0.80648148, -0.34259259])
37.4351 	EXP 	marble: pos = array([-0.8037037 , -0.34722222])
37.4518 	EXP 	marble: pos = array([-0.80277778, -0.3537037 ])
37.4683 	EXP 	marble: pos = array([-0.80277778, -0.35740741])
37.4850 	EXP 	marble: pos = array([-0.80277778, -0.36018519])
37.5018 	EXP 	marble: pos = array([-0.80185185, -0.36759259])
37.5184 	EXP 	marble: pos = array([-0.80185185, -0.36851852])
37.5351 	EXP 	marble: pos = array([-0.80185185, -0.36851852])
37.5517 	EXP 	marble: pos = array([-0.80185185, -0.36851852])
37.5682 	EXP 	marble: pos = array([-0.80185185, -0.36851852])
37.5850 	EXP 	marble: pos = array([-0.80185185, -0.36851852])
37.6016 	EXP 	marble: pos = array([-0.80185185, -0.36851852])
37.6182 	EXP 	marble: pos = array([-0.80185185, -0.36851852])
37.6354 	EXP 	marble: pos = array([-0.80185185, -0.36851852])
37.6516 	EXP 	marble: pos = array([-0.80185185, -0.36851852])
37.6682 	EXP 	marble: pos = array([-0.80185185, -0.36851852])
37.6849 	EXP 	marble: pos = array([-0.80185185, -0.36851852])
37.7015 	EXP 	marble: pos = array([-0.80185185, -0.36851852])
37.7182 	EXP 	marble: pos = array([-0.80185185, -0.36851852])
37.7349 	EXP 	marble: pos = array([-0.80185185, -0.36851852])
37.7516 	EXP 	marble: pos = array([-0.80185185, -0.36851852])
37.7682 	EXP 	marble: pos = array([-0.80185185, -0.36851852])
37.7850 	EXP 	marble: pos = array([-0.80185185, -0.36851852])
37.8014 	EXP 	marble: pos = array([-0.80185185, -0.36851852])
37.8180 	EXP 	marble: pos = array([-0.80185185, -0.36851852])
37.8349 	EXP 	marble: pos = array([-0.80185185, -0.36851852])
37.8515 	EXP 	marble: pos = array([-0.80185185, -0.36851852])
37.8680 	EXP 	marble: pos = array([-0.80185185, -0.36851852])
37.8847 	EXP 	marble: pos = array([-0.80185185, -0.36851852])
37.9013 	EXP 	marble: pos = array([-0.80185185, -0.36851852])
37.9179 	EXP 	marble: pos = array([-0.80185185, -0.36851852])
37.9347 	EXP 	marble: pos = array([-0.80185185, -0.36851852])
37.9514 	EXP 	marble: pos = array([-0.78888889, -0.35925926])
37.9679 	EXP 	marble: pos = array([-0.77222222, -0.34907407])
37.9847 	EXP 	marble: pos = array([-0.74814815, -0.33611111])
38.0014 	EXP 	marble: pos = array([-0.73240741, -0.32314815])
38.0178 	EXP 	marble: pos = array([-0.7037037 , -0.30648148])
38.0345 	EXP 	marble: pos = array([-0.66666667, -0.28425926])
38.0513 	EXP 	marble: pos = array([-0.64351852, -0.26481481])
38.0678 	EXP 	marble: pos = array([-0.61666667, -0.24444444])
38.0845 	EXP 	marble: pos = array([-0.56851852, -0.22037037])
38.1013 	EXP 	marble: pos = array([-0.52407407, -0.20185185])
38.1178 	EXP 	marble: pos = array([-0.49166667, -0.18796296])
38.1344 	EXP 	marble: pos = array([-0.46481481, -0.18240741])
38.1512 	EXP 	marble: pos = array([-0.46481481, -0.18240741])
38.1677 	EXP 	marble: pos = array([-0.46481481, -0.18240741])
38.1845 	EXP 	marble: pos = array([-0.46481481, -0.18240741])
38.2011 	EXP 	marble: pos = array([-0.46481481, -0.18240741])
38.2178 	EXP 	marble: pos = array([-0.46481481, -0.18240741])
38.2343 	EXP 	marble: pos = array([-0.46481481, -0.18240741])
38.2511 	EXP 	marble: pos = array([-0.46481481, -0.18240741])
38.2678 	EXP 	marble: pos = array([-0.46481481, -0.18240741])
38.2843 	EXP 	marble: pos = array([-0.46481481, -0.18240741])
38.3010 	EXP 	marble: pos = array([-0.46481481, -0.18240741])
38.3176 	EXP 	marble: pos = array([-0.46481481, -0.18240741])
38.3342 	EXP 	marble: pos = array([-0.46481481, -0.18240741])
38.3509 	EXP 	marble: pos = array([-0.46481481, -0.18240741])
38.3675 	EXP 	marble: pos = array([-0.46481481, -0.18240741])
38.3843 	EXP 	marble: pos = array([-0.46481481, -0.18240741])
38.4011 	EXP 	marble: pos = array([-0.46481481, -0.18240741])
38.4175 	EXP 	marble: pos = array([-0.46481481, -0.18240741])
38.4341 	EXP 	marble: pos = array([-0.46481481, -0.18240741])
38.4508 	EXP 	marble: pos = array([-0.46481481, -0.18240741])
38.4674 	EXP 	marble: pos = array([-0.46481481, -0.18240741])
38.4842 	EXP 	marble: pos = array([-0.44166667, -0.16944444])
38.5008 	EXP 	marble: pos = array([-0.40740741, -0.14259259])
38.5174 	EXP 	marble: pos = array([-0.36388889, -0.08796296])
39.2693 	DATA 	Mouse:  Left button up, pos=(767,665)
40.6848 	DATA 	Mouse: Left button down, pos=(565,449)
40.7153 	EXP 	marble: pos = array([-0.36574074, -0.08425926])
40.7321 	EXP 	marble: pos = array([-0.36574074, -0.08425926])
40.7487 	EXP 	marble: pos = array([-0.36574074, -0.08425926])
40.7653 	EXP 	marble: pos = array([-0.36574074, -0.08425926])
40.7820 	EXP 	marble: pos = array([-0.36574074, -0.08425926])
40.7986 	EXP 	marble: pos = array([-0.36574074, -0.08425926])
40.8153 	EXP 	marble: pos = array([-0.36574074, -0.08425926])
40.8320 	EXP 	marble: pos = array([-0.36574074, -0.08425926])
40.8485 	EXP 	marble: pos = array([-0.36574074, -0.08425926])
40.8652 	EXP 	marble: pos = array([-0.36574074, -0.08425926])
40.8820 	EXP 	marble: pos = array([-0.36574074, -0.08425926])
40.8984 	EXP 	marble: pos = array([-0.36574074, -0.08425926])
40.9152 	EXP 	marble: pos = array([-0.36574074, -0.08425926])
40.9319 	EXP 	marble: pos = array([-0.36574074, -0.08425926])
40.9484 	EXP 	marble: pos = array([-0.36574074, -0.08425926])
40.9651 	EXP 	marble: pos = array([-0.36574074, -0.08425926])
40.9819 	EXP 	marble: pos = array([-0.36574074, -0.08425926])
40.9984 	EXP 	marble: pos = array([-0.36296296, -0.06851852])
41.0151 	EXP 	marble: pos = array([-0.36018519, -0.04351852])
41.0320 	EXP 	marble: pos = array([-0.35462963, -0.01574074])
41.0486 	EXP 	marble: pos = array([-0.35092593,  0.00833333])
41.0650 	EXP 	marble: pos = array([-0.34722222,  0.025     ])
41.0820 	EXP 	marble: pos = array([-0.33425926,  0.07222222])
41.0986 	EXP 	marble: pos = array([-0.32314815,  0.1       ])
41.1150 	EXP 	marble: pos = array([-0.3037037,  0.1287037])
41.1318 	EXP 	marble: pos = array([-0.29074074,  0.15185185])
41.1483 	EXP 	marble: pos = array([-0.28055556,  0.16018519])
41.1649 	EXP 	marble: pos = array([-0.26759259,  0.16759259])
41.1816 	EXP 	marble: pos = array([-0.26111111,  0.1712963 ])
41.1982 	EXP 	marble: pos = array([-0.26111111,  0.1712963 ])
41.2150 	EXP 	marble: pos = array([-0.26111111,  0.1712963 ])
41.2316 	EXP 	marble: pos = array([-0.26111111,  0.1712963 ])
41.2483 	EXP 	marble: pos = array([-0.26111111,  0.1712963 ])
41.2648 	EXP 	marble: pos = array([-0.26111111,  0.1712963 ])
41.2815 	EXP 	marble: pos = array([-0.26111111,  0.1712963 ])
41.2981 	EXP 	marble: pos = array([-0.26111111,  0.1712963 ])
41.3148 	EXP 	marble: pos = array([-0.26111111,  0.1712963 ])
41.3315 	EXP 	marble: pos = array([-0.26111111,  0.1712963 ])
41.3481 	EXP 	marble: pos = array([-0.26111111,  0.1712963 ])
41.3647 	EXP 	marble: pos = array([-0.26111111,  0.1712963 ])
41.3814 	EXP 	marble: pos = array([-0.26111111,  0.1712963 ])
41.3980 	EXP 	marble: pos = array([-0.26111111,  0.1712963 ])
41.4147 	EXP 	marble: pos = array([-0.26111111,  0.1712963 ])
41.4314 	EXP 	marble: pos = array([-0.26111111,  0.1712963 ])
41.4480 	EXP 	marble: pos = array([-0.26111111,  0.1712963 ])
41.4647 	EXP 	marble: pos = array([-0.26111111,  0.1712963 ])
41.4813 	EXP 	marble: pos = array([-0.26111111,  0.1712963 ])
41.4980 	EXP 	marble: pos = array([-0.26111111,  0.1712963 ])
41.5145 	EXP 	marble: pos = array([-0.26111111,  0.1712963 ])
41.5313 	EXP 	marble: pos = array([-0.2537037 ,  0.18240741])
41.5652 	EXP 	marble: pos = array([-0.23425926,  0.19907407])
41.5813 	EXP 	marble: pos = array([-0.18055556,  0.26574074])
41.6145 	EXP 	marble: pos = array([-0.15833333,  0.29537037])
41.6312 	EXP 	marble: pos = array([-0.1287037 ,  0.33611111])
41.6652 	EXP 	marble: pos = array([-0.12037037,  0.34537037])
41.6812 	EXP 	marble: pos = array([-0.09444444,  0.36944444])
41.6977 	EXP 	marble: pos = array([-0.08611111,  0.37407407])
41.7144 	EXP 	marble: pos = array([-0.08240741,  0.37592593])
41.7311 	EXP 	marble: pos = array([-0.07592593,  0.3787037 ])
41.7476 	EXP 	marble: pos = array([-0.07407407,  0.3787037 ])
41.7643 	EXP 	marble: pos = array([-0.07314815,  0.3787037 ])
41.7810 	EXP 	marble: pos = array([-0.07222222,  0.3787037 ])
41.7976 	EXP 	marble: pos = array([-0.07222222,  0.3787037 ])
41.8143 	EXP 	marble: pos = array([-0.07222222,  0.3787037 ])
41.8310 	EXP 	marble: pos = array([-0.0712963,  0.3787037])
41.8476 	EXP 	marble: pos = array([-0.06944444,  0.37777778])
41.8647 	EXP 	marble: pos = array([-0.06759259,  0.36944444])
41.8813 	EXP 	marble: pos = array([-0.06851852,  0.35462963])
41.8978 	EXP 	marble: pos = array([-0.07592593,  0.34351852])
41.9143 	EXP 	marble: pos = array([-0.10740741,  0.31203704])
41.9310 	EXP 	marble: pos = array([-0.16018519,  0.26018519])
41.9474 	EXP 	marble: pos = array([-0.20462963,  0.2212963 ])
41.9642 	EXP 	marble: pos = array([-0.23148148,  0.18981481])
41.9809 	EXP 	marble: pos = array([-0.26666667,  0.16203704])
41.9974 	EXP 	marble: pos = array([-0.28425926,  0.14537037])
42.0141 	EXP 	marble: pos = array([-0.29814815,  0.13148148])
42.0308 	EXP 	marble: pos = array([-0.31759259,  0.12037037])
42.0476 	EXP 	marble: pos = array([-0.32777778,  0.11759259])
42.0641 	EXP 	marble: pos = array([-0.33703704,  0.11481481])
42.0808 	EXP 	marble: pos = array([-0.34444444,  0.11203704])
42.1140 	EXP 	marble: pos = array([-0.34907407,  0.11111111])
42.1308 	EXP 	marble: pos = array([-0.36203704,  0.11388889])
42.1473 	EXP 	marble: pos = array([-0.36851852,  0.11481481])
42.1640 	EXP 	marble: pos = array([-0.37222222,  0.11666667])
42.1807 	EXP 	marble: pos = array([-0.37777778,  0.11759259])
42.1971 	EXP 	marble: pos = array([-0.37962963,  0.12037037])
42.2139 	EXP 	marble: pos = array([-0.38703704,  0.12962963])
42.2307 	EXP 	marble: pos = array([-0.39166667,  0.15185185])
42.2472 	EXP 	marble: pos = array([-0.39444444,  0.16944444])
42.2639 	EXP 	marble: pos = array([-0.39444444,  0.19259259])
42.2806 	EXP 	marble: pos = array([-0.39166667,  0.2212963 ])
42.2971 	EXP 	marble: pos = array([-0.38981481,  0.22962963])
42.3138 	EXP 	marble: pos = array([-0.38703704,  0.23888889])
42.3306 	EXP 	marble: pos = array([-0.37777778,  0.26018519])
42.3472 	EXP 	marble: pos = array([-0.36388889,  0.27407407])
42.3638 	EXP 	marble: pos = array([-0.35092593,  0.28240741])
42.3806 	EXP 	marble: pos = array([-0.29814815,  0.31296296])
42.3971 	EXP 	marble: pos = array([-0.25925926,  0.33148148])
42.4137 	EXP 	marble: pos = array([-0.23148148,  0.34259259])
42.4304 	EXP 	marble: pos = array([-0.20092593,  0.34722222])
42.4470 	EXP 	marble: pos = array([-0.19444444,  0.34814815])
42.4637 	EXP 	marble: pos = array([-0.17962963,  0.35092593])
42.4804 	EXP 	marble: pos = array([-0.15555556,  0.35185185])
42.4970 	EXP 	marble: pos = array([-0.14814815,  0.35185185])
42.5137 	EXP 	marble: pos = array([-0.14351852,  0.35      ])
42.5305 	EXP 	marble: pos = array([-0.13055556,  0.34722222])
42.5470 	EXP 	marble: pos = array([-0.12592593,  0.34259259])
42.5636 	EXP 	marble: pos = array([-0.1212963 ,  0.33703704])
42.5803 	EXP 	marble: pos = array([-0.11759259,  0.32962963])
42.5969 	EXP 	marble: pos = array([-0.11574074,  0.32222222])
42.6135 	EXP 	marble: pos = array([-0.11481481,  0.31759259])
42.6303 	EXP 	marble: pos = array([-0.11481481,  0.30925926])
42.6468 	EXP 	marble: pos = array([-0.12314815,  0.27962963])
42.6635 	EXP 	marble: pos = array([-0.13055556,  0.25740741])
42.6803 	EXP 	marble: pos = array([-0.13888889,  0.24259259])
42.6968 	EXP 	marble: pos = array([-0.14722222,  0.22685185])
42.7135 	EXP 	marble: pos = array([-0.15925926,  0.21018519])
42.7302 	EXP 	marble: pos = array([-0.17592593,  0.19907407])
42.7467 	EXP 	marble: pos = array([-0.19166667,  0.19074074])
42.7634 	EXP 	marble: pos = array([-0.2037037 ,  0.18240741])
42.7802 	EXP 	marble: pos = array([-0.22592593,  0.16666667])
42.7967 	EXP 	marble: pos = array([-0.23888889,  0.16111111])
42.8134 	EXP 	marble: pos = array([-0.25092593,  0.15740741])
42.8301 	EXP 	marble: pos = array([-0.26296296,  0.15462963])
42.8467 	EXP 	marble: pos = array([-0.27777778,  0.15277778])
42.8633 	EXP 	marble: pos = array([-0.29814815,  0.15185185])
42.8801 	EXP 	marble: pos = array([-0.30740741,  0.15462963])
42.8966 	EXP 	marble: pos = array([-0.31759259,  0.15925926])
42.9133 	EXP 	marble: pos = array([-0.33518519,  0.16481481])
42.9300 	EXP 	marble: pos = array([-0.35925926,  0.17777778])
42.9466 	EXP 	marble: pos = array([-0.36851852,  0.18240741])
42.9632 	EXP 	marble: pos = array([-0.37962963,  0.19166667])
42.9801 	EXP 	marble: pos = array([-0.3962963 ,  0.20277778])
42.9965 	EXP 	marble: pos = array([-0.40740741,  0.21296296])
43.0132 	EXP 	marble: pos = array([-0.41759259,  0.22592593])
43.0300 	EXP 	marble: pos = array([-0.42222222,  0.23425926])
43.0465 	EXP 	marble: pos = array([-0.42314815,  0.23888889])
43.0631 	EXP 	marble: pos = array([-0.42407407,  0.24074074])
43.0798 	EXP 	marble: pos = array([-0.425     ,  0.24907407])
43.0964 	EXP 	marble: pos = array([-0.42314815,  0.25462963])
43.1132 	EXP 	marble: pos = array([-0.42037037,  0.26018519])
43.1298 	EXP 	marble: pos = array([-0.42037037,  0.26018519])
43.1464 	EXP 	marble: pos = array([-0.42037037,  0.26018519])
43.1631 	EXP 	marble: pos = array([-0.42037037,  0.26018519])
43.1798 	EXP 	marble: pos = array([-0.42037037,  0.26018519])
43.1963 	EXP 	marble: pos = array([-0.42037037,  0.26018519])
43.2130 	EXP 	marble: pos = array([-0.42037037,  0.26018519])
43.2298 	EXP 	marble: pos = array([-0.42037037,  0.26018519])
43.2467 	EXP 	marble: pos = array([-0.42037037,  0.26018519])
43.2630 	EXP 	marble: pos = array([-0.42037037,  0.26018519])
43.2797 	EXP 	marble: pos = array([-0.42037037,  0.26018519])
43.2962 	EXP 	marble: pos = array([-0.42037037,  0.26018519])
43.3130 	EXP 	marble: pos = array([-0.42037037,  0.26018519])
43.3297 	EXP 	marble: pos = array([-0.42037037,  0.26018519])
43.3462 	EXP 	marble: pos = array([-0.42037037,  0.26018519])
43.3629 	EXP 	marble: pos = array([-0.42037037,  0.26018519])
43.3797 	EXP 	marble: pos = array([-0.42037037,  0.26018519])
43.3961 	EXP 	marble: pos = array([-0.42037037,  0.26018519])
43.4129 	EXP 	marble: pos = array([-0.42037037,  0.26018519])
43.4296 	EXP 	marble: pos = array([-0.42037037,  0.26018519])
43.4461 	EXP 	marble: pos = array([-0.42037037,  0.26018519])
43.4628 	EXP 	marble: pos = array([-0.42037037,  0.26018519])
43.4795 	EXP 	marble: pos = array([-0.42037037,  0.26018519])
43.4960 	EXP 	marble: pos = array([-0.42037037,  0.26018519])
43.5128 	EXP 	marble: pos = array([-0.4287037 ,  0.26388889])
43.5295 	EXP 	marble: pos = array([-0.44537037,  0.26944444])
43.5460 	EXP 	marble: pos = array([-0.46574074,  0.27777778])
43.5626 	EXP 	marble: pos = array([-0.48703704,  0.28981481])
43.5794 	EXP 	marble: pos = array([-0.49907407,  0.29907407])
43.5959 	EXP 	marble: pos = array([-0.51203704,  0.3037037 ])
43.6126 	EXP 	marble: pos = array([-0.52962963,  0.30925926])
43.6295 	EXP 	marble: pos = array([-0.53703704,  0.31018519])
43.6459 	EXP 	marble: pos = array([-0.54259259,  0.31203704])
43.6631 	EXP 	marble: pos = array([-0.55185185,  0.31574074])
43.6793 	EXP 	marble: pos = array([-0.55833333,  0.31666667])
43.6959 	EXP 	marble: pos = array([-0.56203704,  0.31666667])
43.7127 	EXP 	marble: pos = array([-0.56203704,  0.31666667])
43.7295 	EXP 	marble: pos = array([-0.56203704,  0.31666667])
43.7461 	EXP 	marble: pos = array([-0.56203704,  0.31666667])
43.7627 	EXP 	marble: pos = array([-0.56203704,  0.31666667])
43.7792 	EXP 	marble: pos = array([-0.56203704,  0.31666667])
43.7957 	EXP 	marble: pos = array([-0.56203704,  0.31666667])
43.8125 	EXP 	marble: pos = array([-0.55185185,  0.31759259])
43.8295 	EXP 	marble: pos = array([-0.53796296,  0.31666667])
43.8461 	EXP 	marble: pos = array([-0.50092593,  0.30648148])
43.8626 	EXP 	marble: pos = array([-0.45740741,  0.27685185])
43.8792 	EXP 	marble: pos = array([-0.42592593,  0.25277778])
43.8958 	EXP 	marble: pos = array([-0.41018519,  0.23981481])
43.9124 	EXP 	marble: pos = array([-0.39907407,  0.21666667])
43.9292 	EXP 	marble: pos = array([-0.3962963 ,  0.20462963])
43.9456 	EXP 	marble: pos = array([-0.3962963 ,  0.19814815])
43.9623 	EXP 	marble: pos = array([-0.39537037,  0.18425926])
43.9790 	EXP 	marble: pos = array([-0.39537037,  0.17592593])
43.9955 	EXP 	marble: pos = array([-0.39814815,  0.17037037])
44.0126 	EXP 	marble: pos = array([-0.4       ,  0.16666667])
44.0290 	EXP 	marble: pos = array([-0.40092593,  0.16574074])
44.0457 	EXP 	marble: pos = array([-0.40462963,  0.16481481])
44.0623 	EXP 	marble: pos = array([-0.40462963,  0.16481481])
44.0789 	EXP 	marble: pos = array([-0.40462963,  0.16481481])
44.0955 	EXP 	marble: pos = array([-0.40462963,  0.16481481])
44.1122 	EXP 	marble: pos = array([-0.40462963,  0.16481481])
44.1289 	EXP 	marble: pos = array([-0.40462963,  0.16481481])
44.1455 	EXP 	marble: pos = array([-0.40462963,  0.16481481])
44.1623 	EXP 	marble: pos = array([-0.40462963,  0.16481481])
44.1789 	EXP 	marble: pos = array([-0.40462963,  0.16481481])
44.1954 	EXP 	marble: pos = array([-0.40462963,  0.16481481])
44.2123 	EXP 	marble: pos = array([-0.40462963,  0.16481481])
44.2287 	EXP 	marble: pos = array([-0.40462963,  0.16481481])
44.2454 	EXP 	marble: pos = array([-0.40462963,  0.16481481])
44.2621 	EXP 	marble: pos = array([-0.40462963,  0.16481481])
44.2787 	EXP 	marble: pos = array([-0.40462963,  0.16481481])
44.2953 	EXP 	marble: pos = array([-0.40462963,  0.16481481])
44.3121 	EXP 	marble: pos = array([-0.40462963,  0.16481481])
44.3288 	EXP 	marble: pos = array([-0.40462963,  0.16481481])
44.3452 	EXP 	marble: pos = array([-0.40462963,  0.16481481])
44.3620 	EXP 	marble: pos = array([-0.40462963,  0.16481481])
44.3786 	EXP 	marble: pos = array([-0.40462963,  0.16481481])
44.3952 	EXP 	marble: pos = array([-0.40462963,  0.16481481])
44.4120 	EXP 	marble: pos = array([-0.40462963,  0.16481481])
44.4286 	EXP 	marble: pos = array([-0.40462963,  0.16481481])
44.4452 	EXP 	marble: pos = array([-0.40462963,  0.16481481])
44.4620 	EXP 	marble: pos = array([-0.40462963,  0.16481481])
44.4785 	EXP 	marble: pos = array([-0.40462963,  0.16481481])
44.4951 	EXP 	marble: pos = array([-0.40462963,  0.16481481])
44.5119 	EXP 	marble: pos = array([-0.40462963,  0.16481481])
44.5286 	EXP 	marble: pos = array([-0.40462963,  0.16481481])
44.5451 	EXP 	marble: pos = array([-0.40462963,  0.16481481])
44.5618 	EXP 	marble: pos = array([-0.40462963,  0.16481481])
44.5783 	EXP 	marble: pos = array([-0.40462963,  0.16481481])
44.5951 	EXP 	marble: pos = array([-0.40462963,  0.16481481])
44.6118 	EXP 	marble: pos = array([-0.40462963,  0.16481481])
44.6285 	EXP 	marble: pos = array([-0.40462963,  0.16481481])
44.6450 	EXP 	marble: pos = array([-0.40462963,  0.16481481])
44.6617 	EXP 	marble: pos = array([-0.40462963,  0.16481481])
44.6783 	EXP 	marble: pos = array([-0.40462963,  0.16481481])
44.6949 	EXP 	marble: pos = array([-0.40462963,  0.16481481])
44.7117 	EXP 	marble: pos = array([-0.40462963,  0.16481481])
44.7281 	EXP 	marble: pos = array([-0.40462963,  0.16481481])
44.7449 	EXP 	marble: pos = array([-0.40462963,  0.16481481])
44.7616 	EXP 	marble: pos = array([-0.40462963,  0.16481481])
44.7782 	EXP 	marble: pos = array([-0.40462963,  0.16481481])
44.7948 	EXP 	marble: pos = array([-0.40462963,  0.16481481])
44.8117 	EXP 	marble: pos = array([-0.40462963,  0.16481481])
44.8138 	DATA 	Mouse:  Left button up, pos=(523,718)
50.8253 	DATA 	Mouse: Left button down, pos=(124,100)
51.3599 	DATA 	Mouse:  Left button up, pos=(237,202)
52.9080 	DATA 	Mouse: Left button down, pos=(539,712)
52.9379 	EXP 	marble: pos = array([-0.38981481,  0.15925926])
52.9539 	EXP 	marble: pos = array([-0.38981481,  0.15925926])
52.9710 	EXP 	marble: pos = array([-0.38981481,  0.15925926])
52.9873 	EXP 	marble: pos = array([-0.38981481,  0.15925926])
53.0038 	EXP 	marble: pos = array([-0.38981481,  0.15925926])
53.0207 	EXP 	marble: pos = array([-0.38981481,  0.15925926])
53.0372 	EXP 	marble: pos = array([-0.38981481,  0.15925926])
53.0538 	EXP 	marble: pos = array([-0.38981481,  0.15925926])
53.0704 	EXP 	marble: pos = array([-0.38981481,  0.15925926])
53.0871 	EXP 	marble: pos = array([-0.38981481,  0.15925926])
53.1039 	EXP 	marble: pos = array([-0.38981481,  0.15925926])
53.1204 	EXP 	marble: pos = array([-0.38981481,  0.15925926])
53.1371 	EXP 	marble: pos = array([-0.38981481,  0.15925926])
53.1537 	EXP 	marble: pos = array([-0.38981481,  0.15925926])
53.1703 	EXP 	marble: pos = array([-0.38981481,  0.15925926])
53.1871 	EXP 	marble: pos = array([-0.38981481,  0.15925926])
53.2036 	EXP 	marble: pos = array([-0.38981481,  0.15925926])
53.2202 	EXP 	marble: pos = array([-0.38981481,  0.15925926])
53.2370 	EXP 	marble: pos = array([-0.38981481,  0.15925926])
53.2536 	EXP 	marble: pos = array([-0.40277778,  0.15277778])
53.2702 	EXP 	marble: pos = array([-0.4212963 ,  0.14259259])
53.2870 	EXP 	marble: pos = array([-0.4462963 ,  0.12407407])
53.3035 	EXP 	marble: pos = array([-0.475     ,  0.11111111])
53.3202 	EXP 	marble: pos = array([-0.49722222,  0.09722222])
53.3369 	EXP 	marble: pos = array([-0.54259259,  0.05740741])
53.3535 	EXP 	marble: pos = array([-0.56203704,  0.0462963 ])
53.3703 	EXP 	marble: pos = array([-0.5712963 ,  0.03796296])
53.3869 	EXP 	marble: pos = array([-0.58518519,  0.02685185])
53.4037 	EXP 	marble: pos = array([-0.58981481,  0.02222222])
53.4202 	EXP 	marble: pos = array([-0.59166667,  0.0212963 ])
53.4368 	EXP 	marble: pos = array([-0.59166667,  0.0212963 ])
53.4534 	EXP 	marble: pos = array([-0.59166667,  0.0212963 ])
53.4703 	EXP 	marble: pos = array([-0.59166667,  0.0212963 ])
53.4868 	EXP 	marble: pos = array([-0.59166667,  0.0212963 ])
53.5033 	EXP 	marble: pos = array([-0.59166667,  0.0212963 ])
53.5201 	EXP 	marble: pos = array([-0.59166667,  0.0212963 ])
53.5367 	EXP 	marble: pos = array([-0.59166667,  0.0212963 ])
53.5533 	EXP 	marble: pos = array([-0.59166667,  0.0212963 ])
53.5700 	EXP 	marble: pos = array([-0.59166667,  0.0212963 ])
53.5867 	EXP 	marble: pos = array([-0.59166667,  0.0212963 ])
53.6034 	EXP 	marble: pos = array([-0.59166667,  0.0212963 ])
53.6202 	EXP 	marble: pos = array([-0.59166667,  0.0212963 ])
53.6368 	EXP 	marble: pos = array([-0.59166667,  0.0212963 ])
53.6534 	EXP 	marble: pos = array([-0.59166667,  0.0212963 ])
53.6700 	EXP 	marble: pos = array([-0.59166667,  0.0212963 ])
53.6868 	EXP 	marble: pos = array([-0.59166667,  0.0212963 ])
53.7032 	EXP 	marble: pos = array([-0.59166667,  0.0212963 ])
53.7200 	EXP 	marble: pos = array([-0.61111111,  0.00092593])
53.7367 	EXP 	marble: pos = array([-0.63240741, -0.02314815])
53.7532 	EXP 	marble: pos = array([-0.65      , -0.03981481])
53.7697 	EXP 	marble: pos = array([-0.66203704, -0.05462963])
53.7866 	EXP 	marble: pos = array([-0.67685185, -0.07592593])
53.8031 	EXP 	marble: pos = array([-0.67962963, -0.0787037 ])
53.8197 	EXP 	marble: pos = array([-0.67962963, -0.0787037 ])
53.8367 	EXP 	marble: pos = array([-0.67962963, -0.0787037 ])
53.8530 	EXP 	marble: pos = array([-0.67962963, -0.0787037 ])
53.8697 	EXP 	marble: pos = array([-0.67962963, -0.0787037 ])
53.8864 	EXP 	marble: pos = array([-0.68055556, -0.0787037 ])
53.9031 	EXP 	marble: pos = array([-0.68055556, -0.0787037 ])
53.9197 	EXP 	marble: pos = array([-0.68055556, -0.0787037 ])
53.9363 	EXP 	marble: pos = array([-0.68055556, -0.0787037 ])
53.9529 	EXP 	marble: pos = array([-0.68055556, -0.0787037 ])
53.9696 	EXP 	marble: pos = array([-0.68055556, -0.0787037 ])
53.9865 	EXP 	marble: pos = array([-0.68055556, -0.0787037 ])
54.0029 	EXP 	marble: pos = array([-0.68055556, -0.0787037 ])
54.0196 	EXP 	marble: pos = array([-0.68055556, -0.0787037 ])
54.0362 	EXP 	marble: pos = array([-0.68055556, -0.0787037 ])
54.0528 	EXP 	marble: pos = array([-0.68055556, -0.0787037 ])
54.0695 	EXP 	marble: pos = array([-0.68055556, -0.0787037 ])
54.0862 	EXP 	marble: pos = array([-0.68055556, -0.0787037 ])
54.1028 	EXP 	marble: pos = array([-0.68055556, -0.0787037 ])
54.1195 	EXP 	marble: pos = array([-0.68055556, -0.0787037 ])
54.1362 	EXP 	marble: pos = array([-0.68055556, -0.0787037 ])
54.1528 	EXP 	marble: pos = array([-0.68055556, -0.0787037 ])
54.1695 	EXP 	marble: pos = array([-0.68055556, -0.0787037 ])
54.1861 	EXP 	marble: pos = array([-0.68055556, -0.0787037 ])
54.2027 	EXP 	marble: pos = array([-0.68055556, -0.0787037 ])
54.2195 	EXP 	marble: pos = array([-0.68055556, -0.0787037 ])
54.2361 	EXP 	marble: pos = array([-0.68055556, -0.0787037 ])
54.2527 	EXP 	marble: pos = array([-0.68055556, -0.0787037 ])
54.2694 	EXP 	marble: pos = array([-0.68055556, -0.0787037 ])
54.2860 	EXP 	marble: pos = array([-0.68055556, -0.0787037 ])
54.3026 	EXP 	marble: pos = array([-0.68055556, -0.0787037 ])
54.3194 	EXP 	marble: pos = array([-0.68055556, -0.0787037 ])
54.3360 	EXP 	marble: pos = array([-0.68055556, -0.0787037 ])
54.3526 	EXP 	marble: pos = array([-0.68055556, -0.0787037 ])
54.3694 	EXP 	marble: pos = array([-0.68055556, -0.0787037 ])
54.3859 	EXP 	marble: pos = array([-0.68055556, -0.0787037 ])
54.4025 	EXP 	marble: pos = array([-0.68055556, -0.0787037 ])
54.4194 	EXP 	marble: pos = array([-0.68055556, -0.0787037 ])
54.4358 	EXP 	marble: pos = array([-0.68055556, -0.0787037 ])
54.4525 	EXP 	marble: pos = array([-0.68055556, -0.0787037 ])
54.4692 	EXP 	marble: pos = array([-0.68055556, -0.0787037 ])
54.4859 	EXP 	marble: pos = array([-0.68055556, -0.0787037 ])
54.5024 	EXP 	marble: pos = array([-0.68055556, -0.0787037 ])
54.5191 	EXP 	marble: pos = array([-0.68055556, -0.0787037 ])
54.5358 	EXP 	marble: pos = array([-0.68055556, -0.0787037 ])
54.5525 	EXP 	marble: pos = array([-0.68055556, -0.0787037 ])
54.5690 	EXP 	marble: pos = array([-0.68055556, -0.0787037 ])
54.5858 	EXP 	marble: pos = array([-0.68055556, -0.0787037 ])
54.6024 	EXP 	marble: pos = array([-0.68055556, -0.0787037 ])
54.6191 	EXP 	marble: pos = array([-0.68055556, -0.0787037 ])
54.6357 	EXP 	marble: pos = array([-0.68055556, -0.0787037 ])
54.6524 	EXP 	marble: pos = array([-0.68055556, -0.0787037 ])
54.6690 	EXP 	marble: pos = array([-0.68055556, -0.0787037 ])
54.6857 	EXP 	marble: pos = array([-0.68055556, -0.0787037 ])
54.7023 	EXP 	marble: pos = array([-0.68055556, -0.0787037 ])
54.7189 	EXP 	marble: pos = array([-0.68055556, -0.0787037 ])
54.7356 	EXP 	marble: pos = array([-0.68055556, -0.0787037 ])
54.7522 	EXP 	marble: pos = array([-0.68055556, -0.0787037 ])
54.7689 	EXP 	marble: pos = array([-0.68333333, -0.08240741])
54.7856 	EXP 	marble: pos = array([-0.68333333, -0.08240741])
54.8022 	EXP 	marble: pos = array([-0.68888889, -0.09074074])
54.8190 	EXP 	marble: pos = array([-0.69259259, -0.09814815])
54.8356 	EXP 	marble: pos = array([-0.6962963 , -0.10277778])
54.8522 	EXP 	marble: pos = array([-0.69814815, -0.10462963])
54.8688 	EXP 	marble: pos = array([-0.69814815, -0.10462963])
54.8855 	EXP 	marble: pos = array([-0.69814815, -0.10462963])
54.9020 	EXP 	marble: pos = array([-0.69814815, -0.10462963])
54.9187 	EXP 	marble: pos = array([-0.69814815, -0.10462963])
54.9355 	EXP 	marble: pos = array([-0.69814815, -0.10462963])
54.9521 	EXP 	marble: pos = array([-0.69814815, -0.10462963])
54.9687 	EXP 	marble: pos = array([-0.69814815, -0.10462963])
54.9853 	EXP 	marble: pos = array([-0.69814815, -0.10462963])
55.0020 	EXP 	marble: pos = array([-0.69814815, -0.10462963])
55.0187 	EXP 	marble: pos = array([-0.69814815, -0.10462963])
55.0353 	EXP 	marble: pos = array([-0.69814815, -0.10462963])
55.0519 	EXP 	marble: pos = array([-0.69814815, -0.10462963])
55.0688 	EXP 	marble: pos = array([-0.69814815, -0.10462963])
55.0852 	EXP 	marble: pos = array([-0.69814815, -0.10462963])
55.1019 	EXP 	marble: pos = array([-0.69814815, -0.10462963])
55.1186 	EXP 	marble: pos = array([-0.69814815, -0.10462963])
55.1352 	EXP 	marble: pos = array([-0.69814815, -0.10462963])
55.1518 	EXP 	marble: pos = array([-0.69814815, -0.10462963])
55.1685 	EXP 	marble: pos = array([-0.69814815, -0.10462963])
55.1851 	EXP 	marble: pos = array([-0.69814815, -0.10462963])
55.2017 	EXP 	marble: pos = array([-0.69814815, -0.10462963])
55.2185 	EXP 	marble: pos = array([-0.69814815, -0.10462963])
55.2350 	EXP 	marble: pos = array([-0.69814815, -0.10462963])
55.2517 	EXP 	marble: pos = array([-0.69814815, -0.10462963])
55.2684 	EXP 	marble: pos = array([-0.69814815, -0.10462963])
55.2852 	EXP 	marble: pos = array([-0.69814815, -0.10462963])
55.3017 	EXP 	marble: pos = array([-0.69814815, -0.10462963])
55.3183 	EXP 	marble: pos = array([-0.69814815, -0.10462963])
55.3351 	EXP 	marble: pos = array([-0.70740741, -0.10833333])
55.3516 	EXP 	marble: pos = array([-0.7212963 , -0.11574074])
55.3683 	EXP 	marble: pos = array([-0.7537037 , -0.14722222])
55.3850 	EXP 	marble: pos = array([-0.76574074, -0.16388889])
55.4015 	EXP 	marble: pos = array([-0.77407407, -0.17777778])
55.4184 	EXP 	marble: pos = array([-0.78055556, -0.19166667])
55.4350 	EXP 	marble: pos = array([-0.78518519, -0.20092593])
55.4515 	EXP 	marble: pos = array([-0.78611111, -0.20648148])
55.4683 	EXP 	marble: pos = array([-0.78796296, -0.21111111])
55.4850 	EXP 	marble: pos = array([-0.78888889, -0.21296296])
55.5015 	EXP 	marble: pos = array([-0.78981481, -0.21666667])
55.5182 	EXP 	marble: pos = array([-0.78981481, -0.21851852])
55.5349 	EXP 	marble: pos = array([-0.79166667, -0.22407407])
55.5514 	EXP 	marble: pos = array([-0.79166667, -0.22962963])
55.5681 	EXP 	marble: pos = array([-0.79259259, -0.23796296])
55.5849 	EXP 	marble: pos = array([-0.79351852, -0.24351852])
55.6013 	EXP 	marble: pos = array([-0.79444444, -0.25185185])
55.6181 	EXP 	marble: pos = array([-0.8       , -0.26481481])
55.6348 	EXP 	marble: pos = array([-0.8037037 , -0.27407407])
55.6513 	EXP 	marble: pos = array([-0.80740741, -0.28425926])
55.6681 	EXP 	marble: pos = array([-0.81388889, -0.29907407])
55.6847 	EXP 	marble: pos = array([-0.81666667, -0.30833333])
55.7012 	EXP 	marble: pos = array([-0.82222222, -0.32222222])
55.7181 	EXP 	marble: pos = array([-0.83055556, -0.3462963 ])
55.7346 	EXP 	marble: pos = array([-0.83148148, -0.35185185])
55.7512 	EXP 	marble: pos = array([-0.83148148, -0.35833333])
55.7681 	EXP 	marble: pos = array([-0.83148148, -0.36574074])
55.7846 	EXP 	marble: pos = array([-0.83148148, -0.37314815])
55.8012 	EXP 	marble: pos = array([-0.83148148, -0.37777778])
55.8181 	EXP 	marble: pos = array([-0.83055556, -0.38888889])
55.8346 	EXP 	marble: pos = array([-0.83055556, -0.39351852])
55.8511 	EXP 	marble: pos = array([-0.8287037 , -0.39907407])
55.8679 	EXP 	marble: pos = array([-0.82777778, -0.40462963])
55.8844 	EXP 	marble: pos = array([-0.82777778, -0.40648148])
55.9011 	EXP 	marble: pos = array([-0.82777778, -0.40648148])
55.9178 	EXP 	marble: pos = array([-0.82777778, -0.40648148])
55.9344 	EXP 	marble: pos = array([-0.82777778, -0.40648148])
55.9510 	EXP 	marble: pos = array([-0.82777778, -0.40648148])
55.9677 	EXP 	marble: pos = array([-0.82777778, -0.40648148])
55.9843 	EXP 	marble: pos = array([-0.82777778, -0.40648148])
56.0012 	EXP 	marble: pos = array([-0.82777778, -0.40648148])
56.0177 	EXP 	marble: pos = array([-0.82777778, -0.40648148])
56.0343 	EXP 	marble: pos = array([-0.82777778, -0.40648148])
56.0509 	EXP 	marble: pos = array([-0.82777778, -0.40648148])
56.0677 	EXP 	marble: pos = array([-0.82777778, -0.40648148])
56.0844 	EXP 	marble: pos = array([-0.82777778, -0.40648148])
56.1008 	EXP 	marble: pos = array([-0.82777778, -0.40648148])
56.1177 	EXP 	marble: pos = array([-0.82777778, -0.40648148])
56.1342 	EXP 	marble: pos = array([-0.82777778, -0.40648148])
56.1508 	EXP 	marble: pos = array([-0.825     , -0.40185185])
56.1676 	EXP 	marble: pos = array([-0.81296296, -0.39166667])
56.1843 	EXP 	marble: pos = array([-0.8037037 , -0.38425926])
56.2008 	EXP 	marble: pos = array([-0.79722222, -0.38055556])
56.2176 	EXP 	marble: pos = array([-0.79444444, -0.38055556])
56.2342 	EXP 	marble: pos = array([-0.79351852, -0.37962963])
56.2508 	EXP 	marble: pos = array([-0.79074074, -0.3787037 ])
56.2676 	EXP 	marble: pos = array([-0.78425926, -0.37592593])
56.2843 	EXP 	marble: pos = array([-0.775     , -0.36944444])
56.3008 	EXP 	marble: pos = array([-0.77314815, -0.36759259])
56.3174 	EXP 	marble: pos = array([-0.77314815, -0.36666667])
56.3339 	EXP 	marble: pos = array([-0.77314815, -0.36666667])
56.3507 	EXP 	marble: pos = array([-0.77314815, -0.36666667])
56.3674 	EXP 	marble: pos = array([-0.77222222, -0.36666667])
56.3840 	EXP 	marble: pos = array([-0.77222222, -0.36666667])
56.4006 	EXP 	marble: pos = array([-0.77222222, -0.36666667])
56.4174 	EXP 	marble: pos = array([-0.77222222, -0.36666667])
56.4339 	EXP 	marble: pos = array([-0.77222222, -0.36666667])
56.4506 	EXP 	marble: pos = array([-0.77222222, -0.36666667])
56.4673 	EXP 	marble: pos = array([-0.77222222, -0.36666667])
56.4839 	EXP 	marble: pos = array([-0.77222222, -0.36666667])
56.5006 	EXP 	marble: pos = array([-0.77222222, -0.36666667])
56.5172 	EXP 	marble: pos = array([-0.77222222, -0.36666667])
56.5338 	EXP 	marble: pos = array([-0.77222222, -0.36666667])
56.5505 	EXP 	marble: pos = array([-0.77222222, -0.36666667])
56.5672 	EXP 	marble: pos = array([-0.77222222, -0.36666667])
56.5837 	EXP 	marble: pos = array([-0.77222222, -0.36759259])
56.6004 	EXP 	marble: pos = array([-0.77407407, -0.36851852])
56.6171 	EXP 	marble: pos = array([-0.77407407, -0.36851852])
56.6337 	EXP 	marble: pos = array([-0.77407407, -0.36944444])
56.6504 	EXP 	marble: pos = array([-0.77407407, -0.36944444])
56.6671 	EXP 	marble: pos = array([-0.77407407, -0.36944444])
56.6836 	EXP 	marble: pos = array([-0.77407407, -0.36944444])
56.7003 	EXP 	marble: pos = array([-0.77407407, -0.36944444])
56.7170 	EXP 	marble: pos = array([-0.77685185, -0.37222222])
56.7336 	EXP 	marble: pos = array([-0.77685185, -0.37222222])
56.7503 	EXP 	marble: pos = array([-0.78240741, -0.37962963])
56.7670 	EXP 	marble: pos = array([-0.78240741, -0.37962963])
56.7835 	EXP 	marble: pos = array([-0.78333333, -0.38240741])
56.8002 	EXP 	marble: pos = array([-0.78518519, -0.38425926])
56.8169 	EXP 	marble: pos = array([-0.78518519, -0.38425926])
56.8335 	EXP 	marble: pos = array([-0.78518519, -0.38425926])
56.8502 	EXP 	marble: pos = array([-0.78518519, -0.38425926])
56.8670 	EXP 	marble: pos = array([-0.78796296, -0.38611111])
56.8835 	EXP 	marble: pos = array([-0.78796296, -0.38703704])
56.9003 	EXP 	marble: pos = array([-0.79259259, -0.38981481])
56.9169 	EXP 	marble: pos = array([-0.79444444, -0.38981481])
56.9334 	EXP 	marble: pos = array([-0.79537037, -0.39074074])
56.9501 	EXP 	marble: pos = array([-0.79722222, -0.39166667])
56.9668 	EXP 	marble: pos = array([-0.79722222, -0.39166667])
56.9834 	EXP 	marble: pos = array([-0.79722222, -0.39166667])
57.0000 	EXP 	marble: pos = array([-0.79814815, -0.39166667])
57.0168 	EXP 	marble: pos = array([-0.79814815, -0.39166667])
57.0333 	EXP 	marble: pos = array([-0.79814815, -0.39166667])
57.0500 	EXP 	marble: pos = array([-0.79814815, -0.39166667])
57.0666 	EXP 	marble: pos = array([-0.79814815, -0.39166667])
57.0834 	EXP 	marble: pos = array([-0.79814815, -0.39166667])
57.1000 	EXP 	marble: pos = array([-0.79814815, -0.39166667])
57.1167 	EXP 	marble: pos = array([-0.79814815, -0.39166667])
57.1332 	EXP 	marble: pos = array([-0.79814815, -0.39166667])
57.1499 	EXP 	marble: pos = array([-0.79814815, -0.39166667])
57.1666 	EXP 	marble: pos = array([-0.79814815, -0.39166667])
57.1832 	EXP 	marble: pos = array([-0.79814815, -0.39166667])
57.1998 	EXP 	marble: pos = array([-0.79814815, -0.39166667])
57.2166 	EXP 	marble: pos = array([-0.79814815, -0.39166667])
57.2332 	EXP 	marble: pos = array([-0.79814815, -0.39166667])
57.2498 	EXP 	marble: pos = array([-0.79814815, -0.39166667])
57.2665 	EXP 	marble: pos = array([-0.79814815, -0.39166667])
57.2831 	EXP 	marble: pos = array([-0.79814815, -0.39166667])
57.2998 	EXP 	marble: pos = array([-0.79814815, -0.39166667])
57.3166 	EXP 	marble: pos = array([-0.79814815, -0.39166667])
57.3331 	EXP 	marble: pos = array([-0.79814815, -0.39166667])
57.3497 	EXP 	marble: pos = array([-0.79814815, -0.39166667])
57.3664 	EXP 	marble: pos = array([-0.79814815, -0.39166667])
57.3830 	EXP 	marble: pos = array([-0.79814815, -0.39166667])
57.3997 	EXP 	marble: pos = array([-0.79814815, -0.39166667])
57.4164 	EXP 	marble: pos = array([-0.79814815, -0.39166667])
57.4329 	EXP 	marble: pos = array([-0.79814815, -0.39166667])
57.4496 	EXP 	marble: pos = array([-0.79814815, -0.39166667])
57.4663 	EXP 	marble: pos = array([-0.79814815, -0.39166667])
57.4829 	EXP 	marble: pos = array([-0.79814815, -0.39166667])
57.4996 	EXP 	marble: pos = array([-0.79814815, -0.39166667])
57.5163 	EXP 	marble: pos = array([-0.79814815, -0.39166667])
57.5330 	EXP 	marble: pos = array([-0.79814815, -0.39166667])
57.5496 	EXP 	marble: pos = array([-0.79814815, -0.39166667])
57.5663 	EXP 	marble: pos = array([-0.79814815, -0.39166667])
57.5828 	EXP 	marble: pos = array([-0.79537037, -0.39166667])
57.5995 	EXP 	marble: pos = array([-0.79537037, -0.39166667])
57.6162 	EXP 	marble: pos = array([-0.79537037, -0.39166667])
57.6328 	EXP 	marble: pos = array([-0.79537037, -0.39166667])
57.6494 	EXP 	marble: pos = array([-0.79537037, -0.39166667])
57.6661 	EXP 	marble: pos = array([-0.79537037, -0.39166667])
57.6827 	EXP 	marble: pos = array([-0.79444444, -0.39166667])
57.6993 	EXP 	marble: pos = array([-0.79444444, -0.39166667])
57.7161 	EXP 	marble: pos = array([-0.79444444, -0.39166667])
57.7326 	EXP 	marble: pos = array([-0.79444444, -0.39166667])
57.7501 	EXP 	marble: pos = array([-0.79444444, -0.39166667])
57.7661 	EXP 	marble: pos = array([-0.79259259, -0.38981481])
57.7826 	EXP 	marble: pos = array([-0.79074074, -0.38796296])
57.7993 	EXP 	marble: pos = array([-0.78796296, -0.38703704])
57.8160 	EXP 	marble: pos = array([-0.78796296, -0.38703704])
57.8326 	EXP 	marble: pos = array([-0.78796296, -0.38703704])
57.8493 	EXP 	marble: pos = array([-0.78796296, -0.38703704])
57.8660 	EXP 	marble: pos = array([-0.78796296, -0.38703704])
57.8826 	EXP 	marble: pos = array([-0.78796296, -0.38703704])
57.8992 	EXP 	marble: pos = array([-0.78796296, -0.38703704])
57.9160 	EXP 	marble: pos = array([-0.78796296, -0.38703704])
57.9325 	EXP 	marble: pos = array([-0.78796296, -0.38703704])
57.9492 	EXP 	marble: pos = array([-0.78796296, -0.38703704])
57.9659 	EXP 	marble: pos = array([-0.78796296, -0.38703704])
57.9825 	EXP 	marble: pos = array([-0.78796296, -0.38703704])
57.9992 	EXP 	marble: pos = array([-0.78796296, -0.38703704])
58.0160 	EXP 	marble: pos = array([-0.78796296, -0.38703704])
58.0324 	EXP 	marble: pos = array([-0.78796296, -0.38703704])
58.0491 	EXP 	marble: pos = array([-0.78796296, -0.38703704])
58.0658 	EXP 	marble: pos = array([-0.78796296, -0.38703704])
58.0824 	EXP 	marble: pos = array([-0.78796296, -0.38703704])
58.0990 	EXP 	marble: pos = array([-0.78796296, -0.38703704])
58.1158 	EXP 	marble: pos = array([-0.78796296, -0.38703704])
58.1323 	EXP 	marble: pos = array([-0.78796296, -0.38703704])
58.1490 	EXP 	marble: pos = array([-0.78796296, -0.38703704])
58.1657 	EXP 	marble: pos = array([-0.78796296, -0.38703704])
58.1823 	EXP 	marble: pos = array([-0.78796296, -0.38703704])
58.1988 	EXP 	marble: pos = array([-0.78796296, -0.38703704])
58.2157 	EXP 	marble: pos = array([-0.78796296, -0.38703704])
58.2323 	EXP 	marble: pos = array([-0.78796296, -0.38703704])
58.2499 	EXP 	marble: pos = array([-0.78796296, -0.38703704])
58.2656 	EXP 	marble: pos = array([-0.78796296, -0.38703704])
58.2822 	EXP 	marble: pos = array([-0.78796296, -0.38703704])
58.2988 	EXP 	marble: pos = array([-0.78796296, -0.38703704])
58.3156 	EXP 	marble: pos = array([-0.78796296, -0.38703704])
58.3229 	DATA 	Mouse:  Left button up, pos=(109,122)
58.3321 	EXP 	marble: pos = array([-0.78796296, -0.38703704])
72.5926 	DATA 	Keypress: escape
72.9139 	EXP 	window1: mouseVisible = True
