1.9332 	WARNING 	We strongly recommend you activate the PTB sound engine in PsychoPy prefs as the preferred audio engine. Its timing is vastly superior. Your prefs are currently set to use ['sounddevice', 'PTB', 'pyo', 'pygame'] (in that order).
5.9865 	WARNING 	User requested fullscreen with size [1024  768], but screen is actually [1920, 1080]. Using actual size
6.8935 	EXP 	Created window1 = Window(allowGUI=False, allowStencil=False, autoLog=True, backendConf=UNKNOWN, bitsMode=UNKNOWN, blendMode='avg', bpc=(8, 8, 8), color=array([0, 0, 0]), colorSpace='rgb', depthBits=8, fullscr=<method-wrapper '__getattribute__' of attributeSetter object at 0x0000021175ABAB38>, gamma=None, gammaErrorPolicy='raise', lms=UNKNOWN, monitor=<psychopy.monitors.calibTools.Monitor object at 0x0000021175A22240>, multiSample=False, name='window1', numSamples=2, pos=[0.0, 0.0], screen=0, size=array([1920, 1080]), stencilBits=0, stereo=False, units='height', useFBO=True, useRetina=False, viewOri=0.0, viewPos=None, viewScale=None, waitBlanking=True, winType='pyglet')
6.8941 	EXP 	window1: mouseVisible = True
6.8941 	EXP 	window1: recordFrameIntervals = False
7.0605 	EXP 	window1: recordFrameIntervals = True
7.2432 	EXP 	window1: recordFrameIntervals = False
7.4910 	EXP 	Created marble = Circle(__class__=<class 'psychopy.visual.circle.Circle'>, autoDraw=False, autoLog=True, closeShape=True, color=method-wrapper(...), colorSpace='rgb', contrast=None, depth=0.0, fillColor=array([1, 0, 0]), fillColorSpace='rgb', fillRGB=array([1, 0, 0]), interpolate=True, lineColor=array([0., 0., 0.]), lineColorSpace='rgb', lineRGB=array([0, 0, 0]), lineWidth=1.5, name='marble', opacity=0.5, ori=0.0, pos=array([-0.4,  0. ]), size=array([1., 1.]), units='height', vertices=ndarray(...), win=Window(...))
7.4922 	EXP 	Created marble_space = Rect(__class__=<class 'psychopy.visual.rect.Rect'>, autoDraw=False, autoLog=True, closeShape=True, color=method-wrapper(...), colorSpace='rgb', contrast=None, depth=0.0, fillColor=array([1, 1, 0]), fillColorSpace='rgb', fillRGB=array([1, 1, 0]), interpolate=True, lineColor=array([0., 0., 0.]), lineColorSpace='rgb', lineRGB=array([0, 0, 0]), lineWidth=1.5, name='marble_space', opacity=0.5, ori=0.0, pos=array([-0.78888889, -0.4       ]), size=array([0.1, 0.1]), units='height', vertices=ndarray(...), win=Window(...))
7.4923 	EXP 	window1: mouseVisible = True
7.4927 	EXP 	Created sequence: random, trialTypes=1, nReps=5, seed=None
7.4928 	EXP 	New trial (rep=0, index=0): None
7.5254 	EXP 	marble: autoDraw = True
7.5254 	EXP 	marble_space: autoDraw = True
8.3437 	DATA 	Mouse: Left button down, pos=(532,528)
8.3746 	EXP 	marble: pos = array([-0.3962963 , -0.01111111])
8.3913 	EXP 	marble: pos = array([-0.3962963 , -0.01111111])
8.4082 	EXP 	marble: pos = array([-0.3962963 , -0.01111111])
8.4245 	EXP 	marble: pos = array([-0.3962963 , -0.01111111])
8.4413 	EXP 	marble: pos = array([-0.3962963 , -0.01111111])
8.4578 	EXP 	marble: pos = array([-0.3962963 , -0.01111111])
8.4745 	EXP 	marble: pos = array([-0.3962963 , -0.01111111])
8.4911 	EXP 	marble: pos = array([-0.3962963 , -0.01111111])
8.5077 	EXP 	marble: pos = array([-0.3962963 , -0.01111111])
8.5245 	EXP 	marble: pos = array([-0.3962963 , -0.01111111])
8.5414 	EXP 	marble: pos = array([-0.3962963 , -0.01111111])
8.5579 	EXP 	marble: pos = array([-0.38055556,  0.01944444])
8.5743 	EXP 	marble: pos = array([-0.36296296,  0.07037037])
8.5912 	EXP 	marble: pos = array([-0.33981481,  0.12037037])
8.8908 	EXP 	marble: pos = array([-0.27037037,  0.07314815])
8.9076 	EXP 	marble: pos = array([-0.27962963,  0.04814815])
8.9243 	EXP 	marble: pos = array([-0.29259259,  0.01203704])
8.9409 	EXP 	marble: pos = array([-0.30277778, -0.01574074])
8.9573 	EXP 	marble: pos = array([-0.31111111, -0.03888889])
8.9744 	EXP 	marble: pos = array([-0.32314815, -0.05740741])
8.9906 	EXP 	marble: pos = array([-0.33703704, -0.0712963 ])
9.0074 	EXP 	marble: pos = array([-0.35      , -0.08148148])
9.0245 	EXP 	marble: pos = array([-0.36018519, -0.08981481])
9.0408 	EXP 	marble: pos = array([-0.38333333, -0.09722222])
9.0575 	EXP 	marble: pos = array([-0.39074074, -0.09722222])
9.0740 	EXP 	marble: pos = array([-0.39907407, -0.0962963 ])
9.0905 	EXP 	marble: pos = array([-0.40648148, -0.09351852])
9.1073 	EXP 	marble: pos = array([-0.41574074, -0.08703704])
9.1238 	EXP 	marble: pos = array([-0.42685185, -0.07962963])
9.1406 	EXP 	marble: pos = array([-0.44537037, -0.05925926])
9.1574 	EXP 	marble: pos = array([-0.46111111, -0.00462963])
9.1739 	EXP 	marble: pos = array([-0.46944444,  0.0537037 ])
9.1906 	EXP 	marble: pos = array([-0.47037037,  0.11111111])
9.2073 	EXP 	marble: pos = array([-0.46388889,  0.15277778])
9.2239 	EXP 	marble: pos = array([-0.45092593,  0.18333333])
9.2405 	EXP 	marble: pos = array([-0.42407407,  0.22037037])
9.2573 	EXP 	marble: pos = array([-0.41018519,  0.23148148])
9.2738 	EXP 	marble: pos = array([-0.38796296,  0.25462963])
9.2905 	EXP 	marble: pos = array([-0.33611111,  0.29074074])
9.3071 	EXP 	marble: pos = array([-0.30925926,  0.30185185])
9.3237 	EXP 	marble: pos = array([-0.28796296,  0.30555556])
9.3404 	EXP 	marble: pos = array([-0.2712963 ,  0.30555556])
9.3572 	EXP 	marble: pos = array([-0.26111111,  0.30092593])
9.3737 	EXP 	marble: pos = array([-0.23981481,  0.27314815])
9.3905 	EXP 	marble: pos = array([-0.23518519,  0.2462963 ])
9.4073 	EXP 	marble: pos = array([-0.23425926,  0.22314815])
9.4236 	EXP 	marble: pos = array([-0.23611111,  0.17037037])
9.4403 	EXP 	marble: pos = array([-0.23518519,  0.11388889])
9.4573 	EXP 	marble: pos = array([-0.23518519,  0.08240741])
9.4736 	EXP 	marble: pos = array([-0.23611111,  0.02962963])
9.4904 	EXP 	marble: pos = array([-0.24074074, -0.00185185])
9.5070 	EXP 	marble: pos = array([-0.24537037, -0.02407407])
9.5235 	EXP 	marble: pos = array([-0.25740741, -0.05092593])
9.5403 	EXP 	marble: pos = array([-0.26481481, -0.06203704])
9.5570 	EXP 	marble: pos = array([-0.27314815, -0.07407407])
9.5735 	EXP 	marble: pos = array([-0.2962963 , -0.08518519])
9.5902 	EXP 	marble: pos = array([-0.32037037, -0.08611111])
9.6069 	EXP 	marble: pos = array([-0.35      , -0.07777778])
9.6234 	EXP 	marble: pos = array([-0.40277778, -0.0462963 ])
9.6402 	EXP 	marble: pos = array([-0.44259259, -0.02037037])
9.6567 	EXP 	marble: pos = array([-0.47407407,  0.00833333])
9.6734 	EXP 	marble: pos = array([-0.49907407,  0.05      ])
9.6902 	EXP 	marble: pos = array([-0.51203704,  0.07777778])
9.7067 	EXP 	marble: pos = array([-0.51759259,  0.11203704])
9.7233 	EXP 	marble: pos = array([-0.51574074,  0.12592593])
9.7399 	EXP 	marble: pos = array([-0.50833333,  0.15185185])
9.7566 	EXP 	marble: pos = array([-0.49537037,  0.17685185])
9.7734 	EXP 	marble: pos = array([-0.47222222,  0.20555556])
9.7901 	EXP 	marble: pos = array([-0.42592593,  0.24814815])
9.8069 	EXP 	marble: pos = array([-0.40555556,  0.26296296])
9.8234 	EXP 	marble: pos = array([-0.39722222,  0.26666667])
9.8402 	EXP 	marble: pos = array([-0.38981481,  0.27037037])
9.8571 	EXP 	marble: pos = array([-0.38703704,  0.27037037])
9.8730 	EXP 	marble: pos = array([-0.38425926,  0.26944444])
9.8903 	EXP 	marble: pos = array([-0.38148148,  0.26759259])
9.9065 	EXP 	marble: pos = array([-0.37685185,  0.26018519])
9.9231 	EXP 	marble: pos = array([-0.375     ,  0.24907407])
9.9398 	EXP 	marble: pos = array([-0.37685185,  0.2212963 ])
9.9562 	EXP 	marble: pos = array([-0.38148148,  0.20462963])
9.9732 	EXP 	marble: pos = array([-0.38333333,  0.19351852])
9.9897 	EXP 	marble: pos = array([-0.38611111,  0.175     ])
10.0064 	EXP 	marble: pos = array([-0.38888889,  0.16481481])
10.0232 	EXP 	marble: pos = array([-0.38888889,  0.16388889])
10.0398 	EXP 	marble: pos = array([-0.38888889,  0.16388889])
10.0564 	EXP 	marble: pos = array([-0.38888889,  0.16388889])
10.0732 	EXP 	marble: pos = array([-0.38888889,  0.16388889])
10.0896 	EXP 	marble: pos = array([-0.38888889,  0.16388889])
10.1062 	EXP 	marble: pos = array([-0.38888889,  0.16388889])
10.1231 	EXP 	marble: pos = array([-0.38888889,  0.16388889])
10.1396 	EXP 	marble: pos = array([-0.38888889,  0.16388889])
10.1562 	EXP 	marble: pos = array([-0.38888889,  0.16388889])
10.1731 	EXP 	marble: pos = array([-0.38888889,  0.16388889])
10.1898 	EXP 	marble: pos = array([-0.38888889,  0.16388889])
10.2063 	EXP 	marble: pos = array([-0.38888889,  0.16388889])
10.2229 	EXP 	marble: pos = array([-0.38888889,  0.16388889])
10.2394 	EXP 	marble: pos = array([-0.38888889,  0.16388889])
10.2564 	EXP 	marble: pos = array([-0.38888889,  0.16388889])
10.2729 	EXP 	marble: pos = array([-0.38888889,  0.16388889])
10.2895 	EXP 	marble: pos = array([-0.38888889,  0.16388889])
10.3063 	EXP 	marble: pos = array([-0.38888889,  0.16388889])
10.3229 	EXP 	marble: pos = array([-0.38888889,  0.16388889])
10.3392 	EXP 	marble: pos = array([-0.38888889,  0.16388889])
10.3565 	EXP 	marble: pos = array([-0.38888889,  0.16388889])
10.3727 	EXP 	marble: pos = array([-0.38888889,  0.16388889])
10.3895 	EXP 	marble: pos = array([-0.38888889,  0.16388889])
10.4062 	EXP 	marble: pos = array([-0.38888889,  0.16388889])
10.4227 	EXP 	marble: pos = array([-0.38888889,  0.16388889])
10.4393 	EXP 	marble: pos = array([-0.38888889,  0.16388889])
10.4558 	EXP 	marble: pos = array([-0.38888889,  0.16388889])
10.4727 	EXP 	marble: pos = array([-0.38888889,  0.16388889])
10.4893 	EXP 	marble: pos = array([-0.38888889,  0.16388889])
10.5061 	EXP 	marble: pos = array([-0.38888889,  0.16388889])
10.5227 	EXP 	marble: pos = array([-0.38888889,  0.16388889])
10.5393 	EXP 	marble: pos = array([-0.38888889,  0.16388889])
10.5561 	EXP 	marble: pos = array([-0.38888889,  0.16388889])
10.5724 	EXP 	marble: pos = array([-0.38888889,  0.16388889])
10.5891 	EXP 	marble: pos = array([-0.38888889,  0.16388889])
10.6060 	EXP 	marble: pos = array([-0.38888889,  0.16388889])
10.6224 	EXP 	marble: pos = array([-0.38888889,  0.16388889])
10.6393 	EXP 	marble: pos = array([-0.38888889,  0.16388889])
10.6560 	EXP 	marble: pos = array([-0.40185185,  0.1537037 ])
10.6726 	EXP 	marble: pos = array([-0.42037037,  0.13333333])
10.6892 	EXP 	marble: pos = array([-0.43796296,  0.11111111])
10.7060 	EXP 	marble: pos = array([-0.45185185,  0.09444444])
10.7224 	EXP 	marble: pos = array([-0.47037037,  0.06851852])
10.7393 	EXP 	marble: pos = array([-0.48240741,  0.04907407])
10.7559 	EXP 	marble: pos = array([-0.49074074,  0.03703704])
10.7723 	EXP 	marble: pos = array([-0.51018519,  0.01203704])
10.7889 	EXP 	marble: pos = array([-0.51574074, -0.00555556])
10.8056 	EXP 	marble: pos = array([-0.52037037, -0.01388889])
10.8223 	EXP 	marble: pos = array([-0.52407407, -0.02222222])
10.8390 	EXP 	marble: pos = array([-0.52685185, -0.02685185])
10.8557 	EXP 	marble: pos = array([-0.52962963, -0.03333333])
10.8722 	EXP 	marble: pos = array([-0.53240741, -0.04722222])
10.8891 	EXP 	marble: pos = array([-0.53518519, -0.0537037 ])
10.9057 	EXP 	marble: pos = array([-0.53518519, -0.05740741])
10.9222 	EXP 	marble: pos = array([-0.53611111, -0.06203704])
10.9390 	EXP 	marble: pos = array([-0.53611111, -0.06388889])
10.9555 	EXP 	marble: pos = array([-0.53611111, -0.06666667])
10.9721 	EXP 	marble: pos = array([-0.53518519, -0.06944444])
10.9891 	EXP 	marble: pos = array([-0.53425926, -0.07314815])
11.0055 	EXP 	marble: pos = array([-0.53240741, -0.07592593])
11.0220 	EXP 	marble: pos = array([-0.53240741, -0.07685185])
11.0393 	EXP 	marble: pos = array([-0.53055556, -0.07685185])
11.0554 	EXP 	marble: pos = array([-0.53055556, -0.07685185])
11.0720 	EXP 	marble: pos = array([-0.53055556, -0.07685185])
11.0888 	EXP 	marble: pos = array([-0.53055556, -0.07685185])
11.1052 	EXP 	marble: pos = array([-0.53055556, -0.07685185])
11.1222 	EXP 	marble: pos = array([-0.53055556, -0.07685185])
11.1385 	EXP 	marble: pos = array([-0.53055556, -0.07685185])
11.1552 	EXP 	marble: pos = array([-0.53055556, -0.07685185])
11.1721 	EXP 	marble: pos = array([-0.53055556, -0.07685185])
11.1886 	EXP 	marble: pos = array([-0.53055556, -0.07685185])
11.2052 	EXP 	marble: pos = array([-0.53055556, -0.07685185])
11.2220 	EXP 	marble: pos = array([-0.53055556, -0.07685185])
11.2388 	EXP 	marble: pos = array([-0.53055556, -0.07685185])
11.2556 	EXP 	marble: pos = array([-0.53055556, -0.07685185])
11.2721 	EXP 	marble: pos = array([-0.53055556, -0.07685185])
11.2885 	EXP 	marble: pos = array([-0.53055556, -0.07685185])
11.3049 	EXP 	marble: pos = array([-0.53055556, -0.07685185])
11.3221 	EXP 	marble: pos = array([-0.53055556, -0.07685185])
11.3386 	EXP 	marble: pos = array([-0.53055556, -0.07685185])
11.3552 	EXP 	marble: pos = array([-0.47407407, -0.10555556])
11.3719 	EXP 	marble: pos = array([-0.42407407, -0.11944444])
11.3885 	EXP 	marble: pos = array([-0.35740741, -0.15277778])
11.4051 	EXP 	marble: pos = array([-0.34166667, -0.17222222])
11.4220 	EXP 	marble: pos = array([-0.33148148, -0.18055556])
11.4388 	EXP 	marble: pos = array([-0.3212963 , -0.18888889])
11.4551 	EXP 	marble: pos = array([-0.31388889, -0.19814815])
11.4718 	EXP 	marble: pos = array([-0.31018519, -0.2037037 ])
11.4883 	EXP 	marble: pos = array([-0.30648148, -0.21018519])
11.5051 	EXP 	marble: pos = array([-0.30555556, -0.21203704])
11.5218 	EXP 	marble: pos = array([-0.30555556, -0.21203704])
11.5385 	EXP 	marble: pos = array([-0.30555556, -0.21203704])
11.5549 	EXP 	marble: pos = array([-0.30555556, -0.21203704])
11.5718 	EXP 	marble: pos = array([-0.30555556, -0.21203704])
11.5886 	EXP 	marble: pos = array([-0.30555556, -0.21203704])
11.6049 	EXP 	marble: pos = array([-0.30555556, -0.21296296])
11.6216 	EXP 	marble: pos = array([-0.30555556, -0.21296296])
11.6379 	EXP 	marble: pos = array([-0.30555556, -0.21296296])
11.6550 	EXP 	marble: pos = array([-0.30555556, -0.21296296])
11.6716 	EXP 	marble: pos = array([-0.30555556, -0.21296296])
11.6881 	EXP 	marble: pos = array([-0.30555556, -0.21296296])
11.7048 	EXP 	marble: pos = array([-0.30555556, -0.21296296])
11.7215 	EXP 	marble: pos = array([-0.30555556, -0.21111111])
11.7382 	EXP 	marble: pos = array([-0.30555556, -0.20925926])
11.7549 	EXP 	marble: pos = array([-0.30555556, -0.20925926])
11.7714 	EXP 	marble: pos = array([-0.30555556, -0.20925926])
11.7881 	EXP 	marble: pos = array([-0.30555556, -0.20925926])
11.8048 	EXP 	marble: pos = array([-0.30555556, -0.20925926])
11.8214 	EXP 	marble: pos = array([-0.30555556, -0.20925926])
11.8383 	EXP 	marble: pos = array([-0.30555556, -0.20925926])
11.8550 	EXP 	marble: pos = array([-0.30555556, -0.20925926])
11.8712 	EXP 	marble: pos = array([-0.30555556, -0.20925926])
11.8880 	EXP 	marble: pos = array([-0.30555556, -0.20925926])
11.9047 	EXP 	marble: pos = array([-0.30555556, -0.20925926])
11.9213 	EXP 	marble: pos = array([-0.30555556, -0.20925926])
11.9382 	EXP 	marble: pos = array([-0.30555556, -0.20925926])
11.9546 	EXP 	marble: pos = array([-0.30555556, -0.20925926])
11.9711 	EXP 	marble: pos = array([-0.30555556, -0.20925926])
11.9880 	EXP 	marble: pos = array([-0.30555556, -0.20925926])
12.0047 	EXP 	marble: pos = array([-0.30555556, -0.20925926])
12.0212 	EXP 	marble: pos = array([-0.30555556, -0.20925926])
12.0379 	EXP 	marble: pos = array([-0.30555556, -0.20925926])
12.0545 	EXP 	marble: pos = array([-0.30555556, -0.20925926])
12.0712 	EXP 	marble: pos = array([-0.30555556, -0.20925926])
12.0880 	EXP 	marble: pos = array([-0.30555556, -0.20925926])
12.1045 	EXP 	marble: pos = array([-0.30555556, -0.20925926])
12.1210 	EXP 	marble: pos = array([-0.30555556, -0.20925926])
12.1379 	EXP 	marble: pos = array([-0.30555556, -0.20925926])
12.1544 	EXP 	marble: pos = array([-0.30555556, -0.20925926])
12.1709 	EXP 	marble: pos = array([-0.30555556, -0.20925926])
12.1879 	EXP 	marble: pos = array([-0.30555556, -0.20925926])
12.2045 	EXP 	marble: pos = array([-0.30555556, -0.20925926])
12.2210 	EXP 	marble: pos = array([-0.30555556, -0.20925926])
12.2378 	EXP 	marble: pos = array([-0.30555556, -0.20925926])
12.2547 	EXP 	marble: pos = array([-0.30555556, -0.20925926])
12.2713 	EXP 	marble: pos = array([-0.30555556, -0.20925926])
12.2879 	EXP 	marble: pos = array([-0.30555556, -0.20925926])
12.3042 	EXP 	marble: pos = array([-0.30555556, -0.20925926])
12.3208 	EXP 	marble: pos = array([-0.30555556, -0.20925926])
12.3380 	EXP 	marble: pos = array([-0.30555556, -0.20925926])
12.3541 	EXP 	marble: pos = array([-0.30555556, -0.20925926])
12.3710 	EXP 	marble: pos = array([-0.30555556, -0.20925926])
12.3876 	EXP 	marble: pos = array([-0.30555556, -0.20925926])
12.4043 	EXP 	marble: pos = array([-0.30555556, -0.20925926])
12.4206 	EXP 	marble: pos = array([-0.30555556, -0.20925926])
12.4373 	EXP 	marble: pos = array([-0.30555556, -0.20925926])
12.4541 	EXP 	marble: pos = array([-0.30555556, -0.20925926])
12.4709 	EXP 	marble: pos = array([-0.30555556, -0.20925926])
12.4875 	EXP 	marble: pos = array([-0.30555556, -0.20925926])
12.5039 	EXP 	marble: pos = array([-0.30555556, -0.20925926])
12.5209 	EXP 	marble: pos = array([-0.30555556, -0.20925926])
12.5374 	EXP 	marble: pos = array([-0.30555556, -0.20925926])
12.5539 	EXP 	marble: pos = array([-0.30555556, -0.20925926])
12.5708 	EXP 	marble: pos = array([-0.30555556, -0.20925926])
12.5873 	EXP 	marble: pos = array([-0.30555556, -0.20925926])
12.6040 	EXP 	marble: pos = array([-0.30555556, -0.20925926])
12.6206 	EXP 	marble: pos = array([-0.30555556, -0.20925926])
12.6374 	EXP 	marble: pos = array([-0.30555556, -0.20925926])
12.6539 	EXP 	marble: pos = array([-0.30555556, -0.20925926])
12.6706 	EXP 	marble: pos = array([-0.30555556, -0.20925926])
12.6872 	EXP 	marble: pos = array([-0.30555556, -0.20925926])
12.7041 	EXP 	marble: pos = array([-0.30555556, -0.20925926])
12.7097 	DATA 	Mouse:  Left button up, pos=(630,314)
12.7208 	EXP 	marble: pos = array([-0.30555556, -0.20925926])
26.1770 	DATA 	Mouse: Left button down, pos=(630,314)
26.2077 	EXP 	marble: pos = array([-0.30555556, -0.20925926])
26.2247 	EXP 	marble: pos = array([-0.30555556, -0.20925926])
26.2413 	EXP 	marble: pos = array([-0.30555556, -0.20925926])
26.2578 	EXP 	marble: pos = array([-0.30555556, -0.20925926])
26.2746 	EXP 	marble: pos = array([-0.30555556, -0.20925926])
26.2911 	EXP 	marble: pos = array([-0.30555556, -0.20925926])
26.3077 	EXP 	marble: pos = array([-0.30555556, -0.20925926])
26.3247 	EXP 	marble: pos = array([-0.30555556, -0.20925926])
26.3412 	EXP 	marble: pos = array([-0.30555556, -0.20925926])
26.3576 	EXP 	marble: pos = array([-0.30555556, -0.20925926])
26.3746 	EXP 	marble: pos = array([-0.30555556, -0.20925926])
26.3908 	EXP 	marble: pos = array([-0.30555556, -0.20925926])
26.4076 	EXP 	marble: pos = array([-0.30555556, -0.20925926])
26.4245 	EXP 	marble: pos = array([-0.30555556, -0.20925926])
26.4413 	EXP 	marble: pos = array([-0.30555556, -0.20925926])
26.4577 	EXP 	marble: pos = array([-0.30555556, -0.20925926])
26.4745 	EXP 	marble: pos = array([-0.30925926, -0.21111111])
26.4909 	EXP 	marble: pos = array([-0.32314815, -0.21481481])
26.5076 	EXP 	marble: pos = array([-0.33611111, -0.21759259])
26.5244 	EXP 	marble: pos = array([-0.35092593, -0.2212963 ])
26.5410 	EXP 	marble: pos = array([-0.36944444, -0.22685185])
26.5575 	EXP 	marble: pos = array([-0.38148148, -0.23055556])
26.5742 	EXP 	marble: pos = array([-0.39814815, -0.23518519])
26.5906 	EXP 	marble: pos = array([-0.41296296, -0.23981481])
26.6076 	EXP 	marble: pos = array([-0.4212963 , -0.24351852])
26.6243 	EXP 	marble: pos = array([-0.43240741, -0.24907407])
26.6409 	EXP 	marble: pos = array([-0.44166667, -0.2537037 ])
26.6577 	EXP 	marble: pos = array([-0.44907407, -0.25555556])
26.6743 	EXP 	marble: pos = array([-0.45092593, -0.25555556])
26.6908 	EXP 	marble: pos = array([-0.45185185, -0.25648148])
26.7076 	EXP 	marble: pos = array([-0.45462963, -0.25740741])
26.7242 	EXP 	marble: pos = array([-0.45462963, -0.25740741])
26.7406 	EXP 	marble: pos = array([-0.45462963, -0.25740741])
26.7575 	EXP 	marble: pos = array([-0.45462963, -0.25740741])
26.7741 	EXP 	marble: pos = array([-0.45462963, -0.25740741])
26.7906 	EXP 	marble: pos = array([-0.45462963, -0.25740741])
26.8080 	EXP 	marble: pos = array([-0.45462963, -0.25740741])
26.8241 	EXP 	marble: pos = array([-0.45462963, -0.25740741])
26.8406 	EXP 	marble: pos = array([-0.45462963, -0.25740741])
26.8574 	EXP 	marble: pos = array([-0.45462963, -0.25740741])
26.8739 	EXP 	marble: pos = array([-0.45462963, -0.25740741])
26.8906 	EXP 	marble: pos = array([-0.45462963, -0.25740741])
26.9076 	EXP 	marble: pos = array([-0.45462963, -0.25740741])
26.9241 	EXP 	marble: pos = array([-0.45462963, -0.25740741])
26.9406 	EXP 	marble: pos = array([-0.45462963, -0.25740741])
26.9573 	EXP 	marble: pos = array([-0.45462963, -0.25740741])
26.9737 	EXP 	marble: pos = array([-0.45462963, -0.25740741])
26.9905 	EXP 	marble: pos = array([-0.45462963, -0.25740741])
27.0075 	EXP 	marble: pos = array([-0.45462963, -0.25740741])
27.0239 	EXP 	marble: pos = array([-0.45462963, -0.25740741])
27.0404 	EXP 	marble: pos = array([-0.45462963, -0.25740741])
27.0571 	EXP 	marble: pos = array([-0.45462963, -0.25740741])
27.0737 	EXP 	marble: pos = array([-0.46759259, -0.25740741])
27.0905 	EXP 	marble: pos = array([-0.48148148, -0.26018519])
27.1072 	EXP 	marble: pos = array([-0.49074074, -0.26111111])
27.1237 	EXP 	marble: pos = array([-0.5       , -0.26388889])
27.1405 	EXP 	marble: pos = array([-0.51296296, -0.26666667])
27.1570 	EXP 	marble: pos = array([-0.52777778, -0.27407407])
27.1736 	EXP 	marble: pos = array([-0.54537037, -0.28333333])
27.1904 	EXP 	marble: pos = array([-0.55462963, -0.28888889])
27.2070 	EXP 	marble: pos = array([-0.56296296, -0.29351852])
27.2235 	EXP 	marble: pos = array([-0.57685185, -0.30185185])
27.2403 	EXP 	marble: pos = array([-0.58333333, -0.30833333])
27.2568 	EXP 	marble: pos = array([-0.59166667, -0.31574074])
27.2734 	EXP 	marble: pos = array([-0.59537037, -0.31944444])
27.2903 	EXP 	marble: pos = array([-0.59722222, -0.3212963 ])
27.3069 	EXP 	marble: pos = array([-0.59907407, -0.32222222])
27.3236 	EXP 	marble: pos = array([-0.60092593, -0.32407407])
27.3403 	EXP 	marble: pos = array([-0.60185185, -0.325     ])
27.3568 	EXP 	marble: pos = array([-0.60555556, -0.3287037 ])
27.3733 	EXP 	marble: pos = array([-0.60925926, -0.32962963])
27.3902 	EXP 	marble: pos = array([-0.61388889, -0.33148148])
27.4068 	EXP 	marble: pos = array([-0.61944444, -0.33425926])
27.4234 	EXP 	marble: pos = array([-0.62407407, -0.33425926])
27.4405 	EXP 	marble: pos = array([-0.62592593, -0.33518519])
27.4566 	EXP 	marble: pos = array([-0.63055556, -0.33611111])
27.4742 	EXP 	marble: pos = array([-0.63240741, -0.33611111])
27.4900 	EXP 	marble: pos = array([-0.63518519, -0.33703704])
27.5071 	EXP 	marble: pos = array([-0.63518519, -0.33796296])
27.5234 	EXP 	marble: pos = array([-0.63611111, -0.33796296])
27.5403 	EXP 	marble: pos = array([-0.63611111, -0.33796296])
27.5566 	EXP 	marble: pos = array([-0.63611111, -0.33796296])
27.5734 	EXP 	marble: pos = array([-0.63611111, -0.33796296])
27.5906 	EXP 	marble: pos = array([-0.63611111, -0.33796296])
27.6065 	EXP 	marble: pos = array([-0.63611111, -0.33796296])
27.6233 	EXP 	marble: pos = array([-0.63611111, -0.33796296])
27.6399 	EXP 	marble: pos = array([-0.63611111, -0.33796296])
27.6565 	EXP 	marble: pos = array([-0.63611111, -0.33796296])
27.6733 	EXP 	marble: pos = array([-0.63611111, -0.33796296])
27.6898 	EXP 	marble: pos = array([-0.63611111, -0.33796296])
27.7066 	EXP 	marble: pos = array([-0.63611111, -0.33796296])
27.7230 	EXP 	marble: pos = array([-0.63611111, -0.33796296])
27.7397 	EXP 	marble: pos = array([-0.63611111, -0.33796296])
27.7564 	EXP 	marble: pos = array([-0.63611111, -0.33796296])
27.7732 	EXP 	marble: pos = array([-0.63611111, -0.33796296])
27.7895 	EXP 	marble: pos = array([-0.63611111, -0.33796296])
27.8065 	EXP 	marble: pos = array([-0.63611111, -0.33796296])
27.8232 	EXP 	marble: pos = array([-0.63611111, -0.33796296])
27.8396 	EXP 	marble: pos = array([-0.63611111, -0.33796296])
27.8564 	EXP 	marble: pos = array([-0.63611111, -0.33796296])
27.8730 	EXP 	marble: pos = array([-0.63611111, -0.33796296])
27.8896 	EXP 	marble: pos = array([-0.63611111, -0.33796296])
27.9063 	EXP 	marble: pos = array([-0.63611111, -0.33796296])
27.9230 	EXP 	marble: pos = array([-0.63611111, -0.33796296])
27.9396 	EXP 	marble: pos = array([-0.63611111, -0.33796296])
27.9563 	EXP 	marble: pos = array([-0.63611111, -0.33796296])
27.9728 	EXP 	marble: pos = array([-0.63611111, -0.33796296])
27.9895 	EXP 	marble: pos = array([-0.63611111, -0.33796296])
28.0064 	EXP 	marble: pos = array([-0.63611111, -0.33796296])
28.0228 	EXP 	marble: pos = array([-0.63611111, -0.33796296])
28.0394 	EXP 	marble: pos = array([-0.63611111, -0.33796296])
28.0563 	EXP 	marble: pos = array([-0.63611111, -0.33796296])
28.0729 	EXP 	marble: pos = array([-0.63611111, -0.33796296])
28.0894 	EXP 	marble: pos = array([-0.63611111, -0.33796296])
28.1062 	EXP 	marble: pos = array([-0.63611111, -0.33796296])
28.1230 	EXP 	marble: pos = array([-0.63611111, -0.33796296])
28.1395 	EXP 	marble: pos = array([-0.63611111, -0.33796296])
28.1561 	EXP 	marble: pos = array([-0.63611111, -0.33796296])
28.1727 	EXP 	marble: pos = array([-0.63611111, -0.33796296])
28.1897 	EXP 	marble: pos = array([-0.63611111, -0.33796296])
28.2061 	EXP 	marble: pos = array([-0.63611111, -0.33796296])
28.2227 	EXP 	marble: pos = array([-0.63611111, -0.33796296])
28.2393 	EXP 	marble: pos = array([-0.63611111, -0.33796296])
28.2560 	EXP 	marble: pos = array([-0.63611111, -0.33796296])
28.2726 	EXP 	marble: pos = array([-0.63611111, -0.33796296])
28.2895 	EXP 	marble: pos = array([-0.63611111, -0.33796296])
28.3059 	EXP 	marble: pos = array([-0.63611111, -0.33796296])
28.3225 	EXP 	marble: pos = array([-0.63611111, -0.33796296])
28.3392 	EXP 	marble: pos = array([-0.63611111, -0.33796296])
28.3560 	EXP 	marble: pos = array([-0.63611111, -0.33796296])
28.3725 	EXP 	marble: pos = array([-0.63611111, -0.33796296])
28.3892 	EXP 	marble: pos = array([-0.63611111, -0.33796296])
28.4059 	EXP 	marble: pos = array([-0.63611111, -0.33796296])
28.4223 	EXP 	marble: pos = array([-0.63611111, -0.33796296])
28.4393 	EXP 	marble: pos = array([-0.63611111, -0.33796296])
28.4558 	EXP 	marble: pos = array([-0.63611111, -0.33796296])
28.4724 	EXP 	marble: pos = array([-0.63611111, -0.33796296])
28.4892 	EXP 	marble: pos = array([-0.63611111, -0.33796296])
28.5057 	EXP 	marble: pos = array([-0.63611111, -0.33796296])
28.5224 	EXP 	marble: pos = array([-0.63611111, -0.33796296])
28.5391 	EXP 	marble: pos = array([-0.63611111, -0.33796296])
28.5557 	EXP 	marble: pos = array([-0.63611111, -0.33796296])
28.5726 	EXP 	marble: pos = array([-0.63611111, -0.33796296])
28.5886 	EXP 	marble: pos = array([-0.63611111, -0.33796296])
28.6055 	EXP 	marble: pos = array([-0.63611111, -0.33796296])
28.6224 	EXP 	marble: pos = array([-0.63611111, -0.33796296])
28.6393 	EXP 	marble: pos = array([-0.63611111, -0.33796296])
28.6555 	EXP 	marble: pos = array([-0.63611111, -0.33796296])
28.6724 	EXP 	marble: pos = array([-0.63611111, -0.33796296])
28.6890 	EXP 	marble: pos = array([-0.63611111, -0.33796296])
28.7053 	EXP 	marble: pos = array([-0.63611111, -0.33796296])
28.7223 	EXP 	marble: pos = array([-0.63611111, -0.33796296])
28.7389 	EXP 	marble: pos = array([-0.63611111, -0.33796296])
28.7554 	EXP 	marble: pos = array([-0.63611111, -0.33796296])
28.7723 	EXP 	marble: pos = array([-0.63611111, -0.33796296])
28.7888 	EXP 	marble: pos = array([-0.64444444, -0.33703704])
28.8054 	EXP 	marble: pos = array([-0.66018519, -0.33611111])
28.8222 	EXP 	marble: pos = array([-0.66666667, -0.33425926])
28.8388 	EXP 	marble: pos = array([-0.67592593, -0.33333333])
28.8554 	EXP 	marble: pos = array([-0.69537037, -0.33240741])
28.8720 	EXP 	marble: pos = array([-0.71574074, -0.33333333])
28.8888 	EXP 	marble: pos = array([-0.72962963, -0.33703704])
28.9053 	EXP 	marble: pos = array([-0.75277778, -0.34444444])
28.9222 	EXP 	marble: pos = array([-0.76759259, -0.35277778])
28.9388 	EXP 	marble: pos = array([-0.77777778, -0.35740741])
28.9553 	EXP 	marble: pos = array([-0.78796296, -0.36481481])
28.9721 	EXP 	marble: pos = array([-0.79166667, -0.36851852])
28.9886 	EXP 	marble: pos = array([-0.79351852, -0.36944444])
29.0051 	EXP 	marble: pos = array([-0.79444444, -0.37037037])
29.0219 	EXP 	marble: pos = array([-0.79537037, -0.3712963 ])
29.0386 	EXP 	marble: pos = array([-0.7962963 , -0.37222222])
29.0552 	EXP 	marble: pos = array([-0.7962963 , -0.37222222])
29.0720 	EXP 	marble: pos = array([-0.79907407, -0.375     ])
29.0888 	EXP 	marble: pos = array([-0.80092593, -0.38333333])
29.1054 	EXP 	marble: pos = array([-0.8       , -0.38981481])
29.1222 	EXP 	marble: pos = array([-0.79907407, -0.39444444])
29.1387 	EXP 	marble: pos = array([-0.79814815, -0.39814815])
29.1552 	EXP 	marble: pos = array([-0.79814815, -0.39814815])
29.1721 	EXP 	marble: pos = array([-0.79814815, -0.39814815])
29.1883 	EXP 	marble: pos = array([-0.79722222, -0.39907407])
29.2052 	EXP 	marble: pos = array([-0.79722222, -0.39907407])
29.2218 	EXP 	marble: pos = array([-0.7962963, -0.4      ])
29.2383 	EXP 	marble: pos = array([-0.79444444, -0.40185185])
29.2552 	EXP 	marble: pos = array([-0.79444444, -0.40185185])
29.2717 	EXP 	marble: pos = array([-0.79444444, -0.40185185])
29.2883 	EXP 	marble: pos = array([-0.79444444, -0.40185185])
29.3051 	EXP 	marble: pos = array([-0.79351852, -0.40185185])
29.3217 	EXP 	marble: pos = array([-0.79259259, -0.40185185])
29.3383 	EXP 	marble: pos = array([-0.79259259, -0.40185185])
29.3551 	EXP 	marble: pos = array([-0.79166667, -0.40185185])
29.3715 	EXP 	marble: pos = array([-0.79166667, -0.40185185])
29.3883 	EXP 	marble: pos = array([-0.79166667, -0.40185185])
29.4051 	EXP 	marble: pos = array([-0.79074074, -0.40092593])
29.4215 	EXP 	marble: pos = array([-0.79074074, -0.40092593])
29.4381 	EXP 	marble: pos = array([-0.79074074, -0.40092593])
29.4551 	EXP 	marble: pos = array([-0.78981481, -0.40092593])
29.4713 	EXP 	marble: pos = array([-0.78981481, -0.40092593])
29.4882 	EXP 	marble: pos = array([-0.78981481, -0.40092593])
29.5049 	EXP 	marble: pos = array([-0.78888889, -0.40092593])
29.5216 	EXP 	marble: pos = array([-0.78703704, -0.39907407])
29.5381 	EXP 	marble: pos = array([-0.78703704, -0.39907407])
29.5549 	EXP 	marble: pos = array([-0.78703704, -0.39907407])
29.5713 	EXP 	marble: pos = array([-0.78611111, -0.39907407])
29.5883 	EXP 	marble: pos = array([-0.78611111, -0.39814815])
29.6048 	EXP 	marble: pos = array([-0.78425926, -0.39537037])
29.6214 	EXP 	marble: pos = array([-0.78425926, -0.39537037])
29.6381 	EXP 	marble: pos = array([-0.78148148, -0.39166667])
29.6546 	EXP 	marble: pos = array([-0.78148148, -0.39166667])
29.6713 	EXP 	marble: pos = array([-0.78055556, -0.39074074])
29.6881 	EXP 	marble: pos = array([-0.78055556, -0.39074074])
29.7047 	EXP 	marble: pos = array([-0.78055556, -0.39074074])
29.7214 	EXP 	marble: pos = array([-0.78055556, -0.39074074])
29.7381 	EXP 	marble: pos = array([-0.78055556, -0.39074074])
29.7546 	EXP 	marble: pos = array([-0.78055556, -0.39074074])
29.7712 	EXP 	marble: pos = array([-0.78055556, -0.39074074])
29.7880 	EXP 	marble: pos = array([-0.78055556, -0.39074074])
29.8044 	EXP 	marble: pos = array([-0.78055556, -0.39074074])
29.8210 	EXP 	marble: pos = array([-0.78055556, -0.39074074])
29.8379 	EXP 	marble: pos = array([-0.78055556, -0.39074074])
29.8544 	EXP 	marble: pos = array([-0.78055556, -0.39074074])
29.8711 	EXP 	marble: pos = array([-0.78055556, -0.39074074])
29.8879 	EXP 	marble: pos = array([-0.78055556, -0.39074074])
29.9044 	EXP 	marble: pos = array([-0.78055556, -0.39074074])
29.9211 	EXP 	marble: pos = array([-0.78055556, -0.39074074])
29.9380 	EXP 	marble: pos = array([-0.78055556, -0.39074074])
29.9545 	EXP 	marble: pos = array([-0.78055556, -0.39074074])
29.9710 	EXP 	marble: pos = array([-0.78055556, -0.39074074])
29.9878 	EXP 	marble: pos = array([-0.78055556, -0.39074074])
30.0043 	EXP 	marble: pos = array([-0.78055556, -0.39074074])
30.0210 	EXP 	marble: pos = array([-0.78055556, -0.39074074])
30.0377 	EXP 	marble: pos = array([-0.78055556, -0.39074074])
30.0542 	EXP 	marble: pos = array([-0.78055556, -0.39074074])
30.0708 	EXP 	marble: pos = array([-0.78055556, -0.39074074])
30.0875 	EXP 	marble: pos = array([-0.78055556, -0.39074074])
30.1041 	EXP 	marble: pos = array([-0.78055556, -0.39074074])
30.1210 	EXP 	marble: pos = array([-0.78055556, -0.39074074])
30.1375 	EXP 	marble: pos = array([-0.78055556, -0.39074074])
30.1541 	EXP 	marble: pos = array([-0.78055556, -0.39074074])
30.1710 	EXP 	marble: pos = array([-0.78055556, -0.39074074])
30.1875 	EXP 	marble: pos = array([-0.78055556, -0.39074074])
30.2041 	EXP 	marble: pos = array([-0.78055556, -0.39074074])
30.2209 	EXP 	marble: pos = array([-0.78055556, -0.39074074])
30.2376 	EXP 	marble: pos = array([-0.78055556, -0.39074074])
30.2539 	EXP 	marble: pos = array([-0.78055556, -0.39074074])
30.2708 	EXP 	marble: pos = array([-0.78055556, -0.39074074])
30.2873 	EXP 	marble: pos = array([-0.78055556, -0.39074074])
30.3038 	EXP 	marble: pos = array([-0.78055556, -0.39074074])
30.3209 	EXP 	marble: pos = array([-0.78055556, -0.39074074])
30.3374 	EXP 	marble: pos = array([-0.78055556, -0.39074074])
30.3539 	EXP 	marble: pos = array([-0.78055556, -0.39074074])
30.3708 	EXP 	marble: pos = array([-0.78055556, -0.39074074])
30.3876 	EXP 	marble: pos = array([-0.78055556, -0.39074074])
30.4040 	EXP 	marble: pos = array([-0.78055556, -0.39074074])
30.4207 	EXP 	marble: pos = array([-0.78055556, -0.39074074])
30.4374 	EXP 	marble: pos = array([-0.78055556, -0.39074074])
30.4539 	EXP 	marble: pos = array([-0.78055556, -0.39074074])
30.4709 	EXP 	marble: pos = array([-0.78055556, -0.39074074])
30.4872 	EXP 	marble: pos = array([-0.78055556, -0.39074074])
30.5039 	EXP 	marble: pos = array([-0.78055556, -0.39074074])
30.5205 	EXP 	marble: pos = array([-0.78055556, -0.39074074])
30.5371 	EXP 	marble: pos = array([-0.78055556, -0.39074074])
30.5541 	EXP 	marble: pos = array([-0.78055556, -0.39074074])
30.5704 	EXP 	marble: pos = array([-0.78055556, -0.39074074])
30.5871 	EXP 	marble: pos = array([-0.78055556, -0.39074074])
30.6039 	EXP 	marble: pos = array([-0.78055556, -0.39074074])
30.6204 	EXP 	marble: pos = array([-0.78055556, -0.39074074])
30.6370 	EXP 	marble: pos = array([-0.78055556, -0.39074074])
30.6537 	EXP 	marble: pos = array([-0.78055556, -0.39074074])
30.6704 	EXP 	marble: pos = array([-0.78055556, -0.39074074])
30.6869 	EXP 	marble: pos = array([-0.78055556, -0.39074074])
30.7039 	EXP 	marble: pos = array([-0.78055556, -0.39074074])
30.7204 	EXP 	marble: pos = array([-0.78055556, -0.39074074])
30.7370 	EXP 	marble: pos = array([-0.78055556, -0.39074074])
30.7537 	EXP 	marble: pos = array([-0.78055556, -0.39074074])
30.7703 	EXP 	marble: pos = array([-0.78055556, -0.39074074])
30.7869 	EXP 	marble: pos = array([-0.78055556, -0.39074074])
30.8038 	EXP 	marble: pos = array([-0.78055556, -0.39074074])
30.8205 	EXP 	marble: pos = array([-0.78055556, -0.39074074])
30.8370 	EXP 	marble: pos = array([-0.78055556, -0.39074074])
30.8535 	EXP 	marble: pos = array([-0.78055556, -0.39074074])
30.8701 	EXP 	marble: pos = array([-0.78055556, -0.39074074])
30.8869 	EXP 	marble: pos = array([-0.78055556, -0.39074074])
30.9035 	EXP 	marble: pos = array([-0.78055556, -0.39074074])
30.9200 	EXP 	marble: pos = array([-0.78055556, -0.39074074])
30.9369 	EXP 	marble: pos = array([-0.78055556, -0.39074074])
30.9534 	EXP 	marble: pos = array([-0.78055556, -0.39074074])
30.9701 	EXP 	marble: pos = array([-0.78055556, -0.39074074])
30.9868 	EXP 	marble: pos = array([-0.78055556, -0.39074074])
31.0035 	EXP 	marble: pos = array([-0.78055556, -0.39074074])
31.0199 	EXP 	marble: pos = array([-0.78055556, -0.39074074])
31.0367 	EXP 	marble: pos = array([-0.78055556, -0.39074074])
31.0535 	EXP 	marble: pos = array([-0.78055556, -0.39074074])
31.0699 	EXP 	marble: pos = array([-0.78055556, -0.39074074])
31.0866 	EXP 	marble: pos = array([-0.78055556, -0.39074074])
31.1032 	EXP 	marble: pos = array([-0.78055556, -0.39074074])
31.1201 	EXP 	marble: pos = array([-0.78055556, -0.39074074])
31.1367 	EXP 	marble: pos = array([-0.78055556, -0.39074074])
31.1537 	EXP 	marble: pos = array([-0.78055556, -0.39074074])
31.1698 	EXP 	marble: pos = array([-0.78055556, -0.39074074])
31.1723 	DATA 	Mouse:  Left button up, pos=(117,118)
95.9781 	DATA 	Mouse: Left button down, pos=(117,118)
96.0092 	EXP 	marble: pos = array([-0.78055556, -0.39074074])
96.0257 	EXP 	marble: pos = array([-0.78055556, -0.39074074])
96.0425 	EXP 	marble: pos = array([-0.78055556, -0.39074074])
96.0590 	EXP 	marble: pos = array([-0.78055556, -0.39074074])
96.0756 	EXP 	marble: pos = array([-0.78055556, -0.39074074])
96.0923 	EXP 	marble: pos = array([-0.78055556, -0.39074074])
96.1087 	EXP 	marble: pos = array([-0.78055556, -0.39074074])
96.1255 	EXP 	marble: pos = array([-0.78055556, -0.39074074])
96.1424 	EXP 	marble: pos = array([-0.78055556, -0.39074074])
96.1592 	EXP 	marble: pos = array([-0.78055556, -0.39074074])
96.1757 	EXP 	marble: pos = array([-0.77962963, -0.38703704])
96.1923 	EXP 	marble: pos = array([-0.775     , -0.37685185])
96.2087 	EXP 	marble: pos = array([-0.76481481, -0.34259259])
96.2254 	EXP 	marble: pos = array([-0.75740741, -0.32685185])
96.2422 	EXP 	marble: pos = array([-0.74814815, -0.30648148])
96.2587 	EXP 	marble: pos = array([-0.72962963, -0.26388889])
96.2756 	EXP 	marble: pos = array([-0.71666667, -0.24907407])
96.2924 	EXP 	marble: pos = array([-0.7037037, -0.225    ])
96.3087 	EXP 	marble: pos = array([-0.69259259, -0.20092593])
96.3254 	EXP 	marble: pos = array([-0.68240741, -0.18425926])
96.3421 	EXP 	marble: pos = array([-0.67037037, -0.16574074])
96.3585 	EXP 	marble: pos = array([-0.65277778, -0.14537037])
96.3755 	EXP 	marble: pos = array([-0.64259259, -0.13888889])
96.3920 	EXP 	marble: pos = array([-0.625, -0.125])
96.4084 	EXP 	marble: pos = array([-0.60462963, -0.11388889])
96.4258 	EXP 	marble: pos = array([-0.58796296, -0.10833333])
96.4421 	EXP 	marble: pos = array([-0.58796296, -0.10833333])
96.4585 	EXP 	marble: pos = array([-0.58796296, -0.10833333])
96.4752 	EXP 	marble: pos = array([-0.58796296, -0.10833333])
96.4917 	EXP 	marble: pos = array([-0.58796296, -0.10833333])
96.5086 	EXP 	marble: pos = array([-0.58796296, -0.10833333])
96.5259 	EXP 	marble: pos = array([-0.58796296, -0.10833333])
96.5417 	EXP 	marble: pos = array([-0.58796296, -0.10833333])
96.5586 	EXP 	marble: pos = array([-0.58796296, -0.10833333])
96.5752 	EXP 	marble: pos = array([-0.58796296, -0.10833333])
96.5916 	EXP 	marble: pos = array([-0.58796296, -0.10833333])
96.6085 	EXP 	marble: pos = array([-0.58796296, -0.10833333])
96.6251 	EXP 	marble: pos = array([-0.58796296, -0.10833333])
96.6417 	EXP 	marble: pos = array([-0.58796296, -0.10833333])
96.6585 	EXP 	marble: pos = array([-0.58796296, -0.10833333])
96.6750 	EXP 	marble: pos = array([-0.58796296, -0.10833333])
96.6916 	EXP 	marble: pos = array([-0.58796296, -0.10833333])
96.7084 	EXP 	marble: pos = array([-0.58796296, -0.10833333])
96.7250 	EXP 	marble: pos = array([-0.58796296, -0.10833333])
96.7416 	EXP 	marble: pos = array([-0.58796296, -0.10833333])
96.7584 	EXP 	marble: pos = array([-0.58796296, -0.10833333])
96.7637 	DATA 	Mouse:  Left button up, pos=(325,423)
96.7753 	EXP 	marble: pos = array([-0.58796296, -0.10833333])
381.2426 	DATA 	Mouse: Left button down, pos=(316,352)
381.2741 	EXP 	marble: pos = array([-0.5962963 , -0.17407407])
381.2908 	EXP 	marble: pos = array([-0.5962963 , -0.17407407])
381.3078 	EXP 	marble: pos = array([-0.5962963 , -0.17407407])
381.3243 	EXP 	marble: pos = array([-0.5962963 , -0.17407407])
381.3407 	EXP 	marble: pos = array([-0.5962963 , -0.17407407])
381.3574 	EXP 	marble: pos = array([-0.5962963 , -0.17407407])
381.3742 	EXP 	marble: pos = array([-0.5962963 , -0.17407407])
381.3908 	EXP 	marble: pos = array([-0.5962963 , -0.17407407])
381.4075 	EXP 	marble: pos = array([-0.5962963 , -0.17407407])
381.4240 	EXP 	marble: pos = array([-0.5962963 , -0.17407407])
381.4406 	EXP 	marble: pos = array([-0.5962963 , -0.17407407])
381.4574 	EXP 	marble: pos = array([-0.5962963 , -0.17407407])
381.4740 	EXP 	marble: pos = array([-0.5962963 , -0.17407407])
381.4907 	EXP 	marble: pos = array([-0.5962963 , -0.17407407])
381.5072 	EXP 	marble: pos = array([-0.58240741, -0.13981481])
381.5239 	EXP 	marble: pos = array([-0.56296296, -0.09351852])
381.5406 	EXP 	marble: pos = array([-0.53333333, -0.03055556])
381.5572 	EXP 	marble: pos = array([-0.50833333,  0.00092593])
381.5737 	EXP 	marble: pos = array([-0.46296296,  0.08888889])
381.5907 	EXP 	marble: pos = array([-0.41018519,  0.1462963 ])
381.6073 	EXP 	marble: pos = array([-0.38240741,  0.17222222])
381.6237 	EXP 	marble: pos = array([-0.31851852,  0.20648148])
381.6405 	EXP 	marble: pos = array([-0.2962963 ,  0.22314815])
381.6571 	EXP 	marble: pos = array([-0.26296296,  0.23703704])
381.6737 	EXP 	marble: pos = array([-0.2537037 ,  0.23796296])
381.6903 	EXP 	marble: pos = array([-0.24907407,  0.23888889])
381.7074 	EXP 	marble: pos = array([-0.24814815,  0.23888889])
381.7237 	EXP 	marble: pos = array([-0.24814815,  0.23888889])
381.7406 	EXP 	marble: pos = array([-0.24814815,  0.23888889])
381.7569 	EXP 	marble: pos = array([-0.24814815,  0.23888889])
381.7737 	EXP 	marble: pos = array([-0.24814815,  0.23888889])
381.7905 	EXP 	marble: pos = array([-0.24814815,  0.23888889])
381.8074 	EXP 	marble: pos = array([-0.24814815,  0.23888889])
381.8237 	EXP 	marble: pos = array([-0.24814815,  0.23888889])
381.8404 	EXP 	marble: pos = array([-0.24814815,  0.23888889])
381.8568 	EXP 	marble: pos = array([-0.26296296,  0.22222222])
381.8737 	EXP 	marble: pos = array([-0.2787037 ,  0.20185185])
381.8903 	EXP 	marble: pos = array([-0.31574074,  0.16018519])
381.9069 	EXP 	marble: pos = array([-0.36111111,  0.10462963])
381.9236 	EXP 	marble: pos = array([-0.4       ,  0.04259259])
381.9401 	EXP 	marble: pos = array([-0.42407407,  0.01759259])
381.9567 	EXP 	marble: pos = array([-0.45925926, -0.04351852])
381.9739 	EXP 	marble: pos = array([-0.4712963 , -0.06203704])
381.9902 	EXP 	marble: pos = array([-0.49259259, -0.09722222])
382.0071 	EXP 	marble: pos = array([-0.50555556, -0.11296296])
382.0237 	EXP 	marble: pos = array([-0.51111111, -0.12314815])
382.0402 	EXP 	marble: pos = array([-0.51296296, -0.1287037 ])
382.0569 	EXP 	marble: pos = array([-0.51296296, -0.1287037 ])
382.0735 	EXP 	marble: pos = array([-0.51296296, -0.12962963])
382.0904 	EXP 	marble: pos = array([-0.51296296, -0.12962963])
382.1069 	EXP 	marble: pos = array([-0.51666667, -0.11111111])
382.1237 	EXP 	marble: pos = array([-0.51666667, -0.075     ])
382.1401 	EXP 	marble: pos = array([-0.51018519, -0.03981481])
382.1571 	EXP 	marble: pos = array([-0.50648148, -0.025     ])
382.1734 	EXP 	marble: pos = array([-0.50185185, -0.01296296])
382.1901 	EXP 	marble: pos = array([-0.49259259,  0.00185185])
382.2067 	EXP 	marble: pos = array([-0.47962963,  0.01296296])
382.2236 	EXP 	marble: pos = array([-0.45833333,  0.04166667])
382.2402 	EXP 	marble: pos = array([-0.41296296,  0.09074074])
382.2568 	EXP 	marble: pos = array([-0.36296296,  0.14351852])
382.2737 	EXP 	marble: pos = array([-0.32962963,  0.17407407])
382.2899 	EXP 	marble: pos = array([-0.28611111,  0.20648148])
382.3068 	EXP 	marble: pos = array([-0.28148148,  0.21111111])
382.3233 	EXP 	marble: pos = array([-0.27777778,  0.21388889])
382.3399 	EXP 	marble: pos = array([-0.27777778,  0.21388889])
382.3568 	EXP 	marble: pos = array([-0.27777778,  0.21388889])
382.3733 	EXP 	marble: pos = array([-0.27777778,  0.21388889])
382.3898 	EXP 	marble: pos = array([-0.27777778,  0.21111111])
382.4069 	EXP 	marble: pos = array([-0.2962963 ,  0.18703704])
382.4232 	EXP 	marble: pos = array([-0.35925926,  0.15740741])
382.7459 	DATA 	Mouse:  Left button up, pos=(251,499)
388.7701 	DATA 	Mouse: Left button down, pos=(606,698)
388.8007 	EXP 	marble: pos = array([-0.32777778,  0.1462963 ])
388.8173 	EXP 	marble: pos = array([-0.32777778,  0.1462963 ])
388.8337 	EXP 	marble: pos = array([-0.32777778,  0.1462963 ])
388.8505 	EXP 	marble: pos = array([-0.32777778,  0.1462963 ])
388.8671 	EXP 	marble: pos = array([-0.32777778,  0.1462963 ])
388.8838 	EXP 	marble: pos = array([-0.32777778,  0.1462963 ])
388.9006 	EXP 	marble: pos = array([-0.32777778,  0.1462963 ])
388.9171 	EXP 	marble: pos = array([-0.32777778,  0.1462963 ])
388.9336 	EXP 	marble: pos = array([-0.32777778,  0.1462963 ])
388.9507 	EXP 	marble: pos = array([-0.32777778,  0.1462963 ])
388.9670 	EXP 	marble: pos = array([-0.325    ,  0.1537037])
388.9838 	EXP 	marble: pos = array([-0.31203704,  0.18148148])
389.0005 	EXP 	marble: pos = array([-0.29537037,  0.22777778])
389.0170 	EXP 	marble: pos = array([-0.2712963 ,  0.26388889])
389.6334 	EXP 	marble: pos = array([-0.29259259,  0.24537037])
389.6497 	EXP 	marble: pos = array([-0.2462963 ,  0.29537037])
389.6666 	EXP 	marble: pos = array([-0.23611111,  0.3037037 ])
389.6831 	EXP 	marble: pos = array([-0.23611111,  0.3037037 ])
389.6997 	EXP 	marble: pos = array([-0.23611111,  0.3037037 ])
389.7164 	EXP 	marble: pos = array([-0.23611111,  0.3037037 ])
389.7331 	EXP 	marble: pos = array([-0.23611111,  0.3037037 ])
389.7496 	EXP 	marble: pos = array([-0.23611111,  0.3037037 ])
389.7664 	EXP 	marble: pos = array([-0.23611111,  0.3037037 ])
389.7830 	EXP 	marble: pos = array([-0.23611111,  0.3037037 ])
389.7995 	EXP 	marble: pos = array([-0.23518519,  0.3037037 ])
389.8161 	EXP 	marble: pos = array([-0.23333333,  0.30277778])
389.8328 	EXP 	marble: pos = array([-0.23148148,  0.29722222])
389.8493 	EXP 	marble: pos = array([-0.22962963,  0.28518519])
389.8664 	EXP 	marble: pos = array([-0.22962963,  0.27685185])
389.8829 	EXP 	marble: pos = array([-0.23240741,  0.26481481])
389.8995 	EXP 	marble: pos = array([-0.23703704,  0.25648148])
389.9163 	EXP 	marble: pos = array([-0.24351852,  0.24074074])
389.9328 	EXP 	marble: pos = array([-0.26296296,  0.20555556])
389.9496 	EXP 	marble: pos = array([-0.29907407,  0.16296296])
389.9666 	EXP 	marble: pos = array([-0.32314815,  0.1212963 ])
389.9827 	EXP 	marble: pos = array([-0.35740741,  0.07037037])
389.9994 	EXP 	marble: pos = array([-0.36944444,  0.05185185])
390.0160 	EXP 	marble: pos = array([-0.38333333,  0.02962963])
390.0326 	EXP 	marble: pos = array([-0.39444444,  0.00462963])
390.0495 	EXP 	marble: pos = array([-0.40185185, -0.01018519])
390.0663 	EXP 	marble: pos = array([-0.40925926, -0.025     ])
390.0826 	EXP 	marble: pos = array([-0.41574074, -0.0462963 ])
390.0994 	EXP 	marble: pos = array([-0.41944444, -0.05648148])
390.1161 	EXP 	marble: pos = array([-0.4212963 , -0.05925926])
390.1326 	EXP 	marble: pos = array([-0.42314815, -0.06203704])
390.1494 	EXP 	marble: pos = array([-0.42314815, -0.06203704])
390.1660 	EXP 	marble: pos = array([-0.42314815, -0.06203704])
390.1825 	EXP 	marble: pos = array([-0.42314815, -0.06203704])
390.1995 	EXP 	marble: pos = array([-0.42314815, -0.06203704])
390.2159 	EXP 	marble: pos = array([-0.42407407, -0.06296296])
390.2325 	EXP 	marble: pos = array([-0.425     , -0.06296296])
390.2493 	EXP 	marble: pos = array([-0.42592593, -0.06296296])
390.2659 	EXP 	marble: pos = array([-0.42777778, -0.06203704])
390.2825 	EXP 	marble: pos = array([-0.43055556, -0.05555556])
390.2993 	EXP 	marble: pos = array([-0.43148148, -0.04814815])
390.3159 	EXP 	marble: pos = array([-0.42962963, -0.02592593])
390.3325 	EXP 	marble: pos = array([-0.42407407, -0.01111111])
390.3491 	EXP 	marble: pos = array([-0.39722222,  0.04722222])
390.3657 	EXP 	marble: pos = array([-0.35092593,  0.13240741])
390.3826 	EXP 	marble: pos = array([-0.30833333,  0.20925926])
390.3993 	EXP 	marble: pos = array([-0.26666667,  0.28333333])
390.9998 	EXP 	marble: pos = array([-0.25740741,  0.3212963 ])
391.0167 	EXP 	marble: pos = array([-0.24259259,  0.34351852])
391.0336 	EXP 	marble: pos = array([-0.23240741,  0.36018519])
391.0498 	EXP 	marble: pos = array([-0.22962963,  0.36481481])
391.0665 	EXP 	marble: pos = array([-0.22962963,  0.36481481])
391.0831 	EXP 	marble: pos = array([-0.22962963,  0.36574074])
391.0996 	EXP 	marble: pos = array([-0.22962963,  0.36574074])
391.1166 	EXP 	marble: pos = array([-0.22962963,  0.36574074])
391.1336 	EXP 	marble: pos = array([-0.22962963,  0.36574074])
391.1497 	EXP 	marble: pos = array([-0.22962963,  0.36574074])
391.1666 	EXP 	marble: pos = array([-0.22962963,  0.36574074])
391.1830 	EXP 	marble: pos = array([-0.22962963,  0.36574074])
391.1997 	EXP 	marble: pos = array([-0.22962963,  0.36574074])
391.2167 	EXP 	marble: pos = array([-0.22962963,  0.36574074])
391.2330 	EXP 	marble: pos = array([-0.22962963,  0.36574074])
391.2498 	EXP 	marble: pos = array([-0.22962963,  0.36574074])
391.2667 	EXP 	marble: pos = array([-0.22962963,  0.36574074])
391.2833 	EXP 	marble: pos = array([-0.22962963,  0.36574074])
391.2995 	EXP 	marble: pos = array([-0.22962963,  0.36574074])
391.3161 	EXP 	marble: pos = array([-0.22962963,  0.36574074])
391.3330 	EXP 	marble: pos = array([-0.24074074,  0.3537037 ])
391.3503 	EXP 	marble: pos = array([-0.29351852,  0.28425926])
391.9157 	EXP 	marble: pos = array([-0.32962963,  0.23796296])
391.9326 	EXP 	marble: pos = array([-0.32407407,  0.25      ])
391.9494 	EXP 	marble: pos = array([-0.32037037,  0.25833333])
391.9656 	EXP 	marble: pos = array([-0.32037037,  0.26018519])
391.9826 	EXP 	marble: pos = array([-0.32037037,  0.26018519])
391.9993 	EXP 	marble: pos = array([-0.32037037,  0.26018519])
392.0154 	EXP 	marble: pos = array([-0.32037037,  0.26018519])
392.0324 	EXP 	marble: pos = array([-0.32037037,  0.26018519])
392.0489 	EXP 	marble: pos = array([-0.32037037,  0.26018519])
392.0655 	EXP 	marble: pos = array([-0.32037037,  0.26018519])
392.0834 	EXP 	marble: pos = array([-0.32037037,  0.26018519])
392.0988 	EXP 	marble: pos = array([-0.32037037,  0.26018519])
392.1154 	EXP 	marble: pos = array([-0.32037037,  0.26018519])
392.1324 	EXP 	marble: pos = array([-0.32037037,  0.26018519])
392.1489 	EXP 	marble: pos = array([-0.32037037,  0.26018519])
392.1656 	EXP 	marble: pos = array([-0.32037037,  0.26018519])
392.1830 	EXP 	marble: pos = array([-0.32037037,  0.26018519])
392.1990 	EXP 	marble: pos = array([-0.32037037,  0.26018519])
392.2160 	EXP 	marble: pos = array([-0.32037037,  0.26018519])
392.2324 	EXP 	marble: pos = array([-0.32037037,  0.26018519])
392.2486 	EXP 	marble: pos = array([-0.32037037,  0.26018519])
392.2660 	EXP 	marble: pos = array([-0.32037037,  0.26018519])
392.2820 	EXP 	marble: pos = array([-0.32037037,  0.26018519])
392.2987 	EXP 	marble: pos = array([-0.32037037,  0.26018519])
392.3162 	EXP 	marble: pos = array([-0.32037037,  0.26018519])
392.3321 	EXP 	marble: pos = array([-0.32037037,  0.26018519])
392.3486 	EXP 	marble: pos = array([-0.32037037,  0.26018519])
392.3657 	EXP 	marble: pos = array([-0.34537037,  0.24351852])
392.3820 	EXP 	marble: pos = array([-0.375,  0.225])
392.3985 	EXP 	marble: pos = array([-0.41666667,  0.18981481])
392.4152 	EXP 	marble: pos = array([-0.43425926,  0.17407407])
392.4323 	EXP 	marble: pos = array([-0.46851852,  0.1537037 ])
392.4484 	EXP 	marble: pos = array([-0.48611111,  0.13981481])
392.4652 	EXP 	marble: pos = array([-0.49537037,  0.12962963])
392.4817 	EXP 	marble: pos = array([-0.50925926,  0.11296296])
392.4985 	EXP 	marble: pos = array([-0.52037037,  0.10648148])
392.5150 	EXP 	marble: pos = array([-0.5287037 ,  0.10462963])
392.5322 	EXP 	marble: pos = array([-0.53333333,  0.10185185])
392.5484 	EXP 	marble: pos = array([-0.53703704,  0.09907407])
392.5654 	EXP 	marble: pos = array([-0.53981481,  0.0962963 ])
392.5817 	EXP 	marble: pos = array([-0.54351852,  0.09166667])
392.5983 	EXP 	marble: pos = array([-0.5462963 ,  0.08796296])
392.6155 	EXP 	marble: pos = array([-0.54814815,  0.08518519])
392.6318 	EXP 	marble: pos = array([-0.55092593,  0.08240741])
392.6482 	EXP 	marble: pos = array([-0.55185185,  0.08148148])
392.6654 	EXP 	marble: pos = array([-0.55185185,  0.08055556])
392.6817 	EXP 	marble: pos = array([-0.5537037 ,  0.07962963])
392.6990 	EXP 	marble: pos = array([-0.5537037,  0.0787037])
392.7150 	EXP 	marble: pos = array([-0.5537037,  0.0787037])
392.7318 	EXP 	marble: pos = array([-0.5537037,  0.0787037])
392.7485 	EXP 	marble: pos = array([-0.5537037,  0.0787037])
392.7651 	EXP 	marble: pos = array([-0.5537037,  0.0787037])
392.7815 	EXP 	marble: pos = array([-0.5537037,  0.0787037])
392.7987 	EXP 	marble: pos = array([-0.55092593,  0.09537037])
392.8150 	EXP 	marble: pos = array([-0.50555556,  0.14814815])
392.8319 	EXP 	marble: pos = array([-0.44166667,  0.21388889])
393.4812 	EXP 	marble: pos = array([-0.39444444,  0.17592593])
393.4981 	EXP 	marble: pos = array([-0.4037037 ,  0.19722222])
393.5142 	EXP 	marble: pos = array([-0.40833333,  0.20648148])
393.5312 	EXP 	marble: pos = array([-0.41388889,  0.22037037])
393.5474 	EXP 	marble: pos = array([-0.41388889,  0.22222222])
393.5648 	EXP 	marble: pos = array([-0.41481481,  0.22314815])
393.5814 	EXP 	marble: pos = array([-0.41481481,  0.22407407])
393.5974 	EXP 	marble: pos = array([-0.41481481,  0.22407407])
393.6144 	EXP 	marble: pos = array([-0.41481481,  0.22407407])
393.6309 	EXP 	marble: pos = array([-0.41481481,  0.22407407])
393.6473 	EXP 	marble: pos = array([-0.41481481,  0.22407407])
393.6643 	EXP 	marble: pos = array([-0.41481481,  0.22407407])
393.6808 	EXP 	marble: pos = array([-0.41481481,  0.22407407])
393.6973 	EXP 	marble: pos = array([-0.41481481,  0.22407407])
393.7147 	EXP 	marble: pos = array([-0.41481481,  0.22407407])
393.7307 	EXP 	marble: pos = array([-0.41481481,  0.22407407])
393.7476 	EXP 	marble: pos = array([-0.41481481,  0.22407407])
393.7644 	EXP 	marble: pos = array([-0.41481481,  0.22407407])
393.7809 	EXP 	marble: pos = array([-0.41481481,  0.22407407])
393.7979 	EXP 	marble: pos = array([-0.41481481,  0.22407407])
393.8142 	EXP 	marble: pos = array([-0.41481481,  0.22407407])
393.8305 	EXP 	marble: pos = array([-0.41481481,  0.22407407])
393.8474 	EXP 	marble: pos = array([-0.41481481,  0.22407407])
393.8639 	EXP 	marble: pos = array([-0.41481481,  0.22407407])
393.8808 	EXP 	marble: pos = array([-0.41481481,  0.22407407])
393.8975 	EXP 	marble: pos = array([-0.41481481,  0.22407407])
393.9140 	EXP 	marble: pos = array([-0.41481481,  0.22407407])
393.9310 	EXP 	marble: pos = array([-0.41481481,  0.22407407])
393.9475 	EXP 	marble: pos = array([-0.41481481,  0.22407407])
393.9640 	EXP 	marble: pos = array([-0.41388889,  0.22407407])
393.9804 	EXP 	marble: pos = array([-0.41111111,  0.22314815])
393.9973 	EXP 	marble: pos = array([-0.41111111,  0.22314815])
394.0141 	EXP 	marble: pos = array([-0.41111111,  0.22314815])
394.0303 	EXP 	marble: pos = array([-0.41111111,  0.22314815])
394.0472 	EXP 	marble: pos = array([-0.41111111,  0.22314815])
394.0642 	EXP 	marble: pos = array([-0.41111111,  0.22314815])
394.0802 	EXP 	marble: pos = array([-0.41111111,  0.22314815])
394.0972 	EXP 	marble: pos = array([-0.41111111,  0.22314815])
394.1136 	EXP 	marble: pos = array([-0.41111111,  0.22314815])
394.1302 	EXP 	marble: pos = array([-0.41111111,  0.22314815])
394.1473 	EXP 	marble: pos = array([-0.41111111,  0.22314815])
394.1638 	EXP 	marble: pos = array([-0.41111111,  0.22314815])
394.1804 	EXP 	marble: pos = array([-0.41111111,  0.22314815])
394.1973 	EXP 	marble: pos = array([-0.41111111,  0.22314815])
394.2136 	EXP 	marble: pos = array([-0.41111111,  0.22314815])
394.2310 	EXP 	marble: pos = array([-0.41111111,  0.22314815])
394.2476 	EXP 	marble: pos = array([-0.41111111,  0.22314815])
394.2638 	EXP 	marble: pos = array([-0.44814815,  0.16944444])
394.2809 	EXP 	marble: pos = array([-0.48611111,  0.09537037])
394.8462 	EXP 	marble: pos = array([-0.475     ,  0.01481481])
394.8632 	EXP 	marble: pos = array([-0.47222222,  0.0212963 ])
394.8802 	EXP 	marble: pos = array([-0.4712963,  0.025    ])
394.8962 	EXP 	marble: pos = array([-0.4712963 ,  0.02592593])
394.9133 	EXP 	marble: pos = array([-0.4712963 ,  0.02592593])
394.9302 	EXP 	marble: pos = array([-0.4712963 ,  0.02592593])
394.9462 	EXP 	marble: pos = array([-0.47037037,  0.02685185])
394.9630 	EXP 	marble: pos = array([-0.47037037,  0.02685185])
394.9795 	EXP 	marble: pos = array([-0.47037037,  0.02685185])
394.9959 	EXP 	marble: pos = array([-0.47037037,  0.02685185])
395.0130 	EXP 	marble: pos = array([-0.47037037,  0.02685185])
395.0299 	EXP 	marble: pos = array([-0.47037037,  0.02685185])
395.0460 	EXP 	marble: pos = array([-0.47037037,  0.02685185])
395.0627 	EXP 	marble: pos = array([-0.47037037,  0.02685185])
395.0792 	EXP 	marble: pos = array([-0.47037037,  0.02685185])
395.0959 	EXP 	marble: pos = array([-0.47037037,  0.02685185])
395.1132 	EXP 	marble: pos = array([-0.47037037,  0.02685185])
395.1293 	EXP 	marble: pos = array([-0.47037037,  0.02685185])
395.1466 	EXP 	marble: pos = array([-0.47037037,  0.02685185])
395.1633 	EXP 	marble: pos = array([-0.47037037,  0.02685185])
395.1793 	EXP 	marble: pos = array([-0.47037037,  0.02685185])
395.1963 	EXP 	marble: pos = array([-0.47037037,  0.02685185])
395.2129 	EXP 	marble: pos = array([-0.47037037,  0.02685185])
395.2294 	EXP 	marble: pos = array([-0.47037037,  0.02685185])
395.2462 	EXP 	marble: pos = array([-0.47037037,  0.02685185])
395.2628 	EXP 	marble: pos = array([-0.47037037,  0.02685185])
395.2791 	EXP 	marble: pos = array([-0.47037037,  0.02685185])
395.2963 	EXP 	marble: pos = array([-0.47037037,  0.02685185])
395.3128 	EXP 	marble: pos = array([-0.47037037,  0.02685185])
395.3290 	EXP 	marble: pos = array([-0.47037037,  0.02685185])
395.3460 	EXP 	marble: pos = array([-0.47037037,  0.02685185])
395.3628 	EXP 	marble: pos = array([-0.47037037,  0.02685185])
395.3792 	EXP 	marble: pos = array([-0.47037037,  0.02685185])
395.3959 	EXP 	marble: pos = array([-0.47037037,  0.02685185])
395.4128 	EXP 	marble: pos = array([-0.47037037,  0.02685185])
395.4290 	EXP 	marble: pos = array([-0.47037037,  0.02685185])
395.4459 	EXP 	marble: pos = array([-0.46851852,  0.04444444])
395.4629 	EXP 	marble: pos = array([-0.45462963,  0.11111111])
395.4789 	EXP 	marble: pos = array([-0.43333333,  0.16666667])
396.5280 	EXP 	marble: pos = array([-0.37314815,  0.22685185])
396.5453 	EXP 	marble: pos = array([-0.3787037,  0.225    ])
396.5620 	EXP 	marble: pos = array([-0.38518519,  0.22407407])
396.5780 	EXP 	marble: pos = array([-0.38703704,  0.22407407])
396.5954 	EXP 	marble: pos = array([-0.38888889,  0.22222222])
396.6112 	EXP 	marble: pos = array([-0.39166667,  0.2212963 ])
396.6278 	EXP 	marble: pos = array([-0.39259259,  0.2212963 ])
396.6455 	EXP 	marble: pos = array([-0.3962963 ,  0.22037037])
396.6618 	EXP 	marble: pos = array([-0.4       ,  0.22037037])
396.6778 	EXP 	marble: pos = array([-0.4037037 ,  0.22037037])
396.6950 	EXP 	marble: pos = array([-0.40740741,  0.22037037])
396.7112 	EXP 	marble: pos = array([-0.40740741,  0.22037037])
396.7285 	EXP 	marble: pos = array([-0.40740741,  0.22037037])
396.7450 	EXP 	marble: pos = array([-0.40740741,  0.22037037])
396.7611 	EXP 	marble: pos = array([-0.40740741,  0.22037037])
396.7784 	EXP 	marble: pos = array([-0.40740741,  0.22037037])
396.7953 	EXP 	marble: pos = array([-0.40740741,  0.22037037])
396.8111 	EXP 	marble: pos = array([-0.40740741,  0.22037037])
396.8282 	EXP 	marble: pos = array([-0.40740741,  0.22037037])
396.8450 	EXP 	marble: pos = array([-0.40740741,  0.22037037])
396.8610 	EXP 	marble: pos = array([-0.40740741,  0.22037037])
396.8779 	EXP 	marble: pos = array([-0.40740741,  0.22037037])
396.8952 	EXP 	marble: pos = array([-0.40740741,  0.22037037])
396.9110 	EXP 	marble: pos = array([-0.40740741,  0.22037037])
396.9281 	EXP 	marble: pos = array([-0.40740741,  0.22037037])
396.9449 	EXP 	marble: pos = array([-0.40740741,  0.22037037])
396.9610 	EXP 	marble: pos = array([-0.40740741,  0.22037037])
396.9778 	EXP 	marble: pos = array([-0.40740741,  0.22037037])
396.9947 	EXP 	marble: pos = array([-0.40740741,  0.22037037])
397.0108 	EXP 	marble: pos = array([-0.40740741,  0.22037037])
397.0278 	EXP 	marble: pos = array([-0.40740741,  0.22037037])
397.0449 	EXP 	marble: pos = array([-0.35462963,  0.20092593])
397.6794 	DATA 	Mouse:  Left button up, pos=(753,629)
487.6127 	DATA 	Keypress: escape
487.9414 	EXP 	window1: mouseVisible = True
