2.0748 	WARNING 	We strongly recommend you activate the PTB sound engine in PsychoPy prefs as the preferred audio engine. Its timing is vastly superior. Your prefs are currently set to use ['sounddevice', 'PTB', 'pyo', 'pygame'] (in that order).
6.5476 	WARNING 	User requested fullscreen with size [1024  768], but screen is actually [1920, 1080]. Using actual size
10.6245 	EXP 	Created window1 = Window(allowGUI=False, allowStencil=False, autoLog=True, backendConf=UNKNOWN, bitsMode=UNKNOWN, blendMode='avg', bpc=(8, 8, 8), color=array([0, 0, 0]), colorSpace='rgb', depthBits=8, fullscr=<method-wrapper '__getattribute__' of attributeSetter object at 0x00000201576E0C50>, gamma=None, gammaErrorPolicy='raise', lms=UNKNOWN, monitor=<psychopy.monitors.calibTools.Monitor object at 0x000002015764D390>, multiSample=False, name='window1', numSamples=2, pos=[0.0, 0.0], screen=0, size=array([1920, 1080]), stencilBits=0, stereo=False, units='height', useFBO=True, useRetina=False, viewOri=0.0, viewPos=None, viewScale=None, waitBlanking=True, winType='pyglet')
10.6248 	EXP 	window1: mouseVisible = True
10.6248 	EXP 	window1: recordFrameIntervals = False
10.7896 	EXP 	window1: recordFrameIntervals = True
10.9730 	EXP 	window1: recordFrameIntervals = False
11.2023 	EXP 	Created polygon = Rect(__class__=<class 'psychopy.visual.rect.Rect'>, autoDraw=False, autoLog=True, closeShape=True, color=method-wrapper(...), colorSpace='rgb', contrast=None, depth=0.0, fillColor=array([1, 0, 0]), fillColorSpace='rgb', fillRGB=array([1, 0, 0]), interpolate=True, lineColor=array([1., 1., 1.]), lineColorSpace='rgb', lineRGB=array([1, 1, 1]), lineWidth=1, name='polygon', opacity=1, ori=0.0, pos=array([-0.4,  0. ]), size=array([0.25, 0.25]), units='height', vertices=ndarray(...), win=Window(...))
11.2033 	EXP 	Created polygon_2 = Rect(__class__=<class 'psychopy.visual.rect.Rect'>, autoDraw=False, autoLog=True, closeShape=True, color=method-wrapper(...), colorSpace='rgb', contrast=None, depth=-1.0, fillColor=array([0, 0, 1]), fillColorSpace='rgb', fillRGB=array([0, 0, 1]), interpolate=True, lineColor=array([1., 1., 1.]), lineColorSpace='rgb', lineRGB=array([1, 1, 1]), lineWidth=1, name='polygon_2', opacity=1, ori=0.0, pos=array([0.4, 0. ]), size=array([0.25, 0.25]), units='height', vertices=ndarray(...), win=Window(...))
11.2034 	EXP 	window1: mouseVisible = True
11.2145 	EXP 	Created sequence: random, trialTypes=1, nReps=5, seed=None
11.2147 	EXP 	New trial (rep=0, index=0): None
11.2481 	EXP 	polygon: autoDraw = True
11.2481 	EXP 	polygon_2: autoDraw = True
13.4240 	DATA 	Mouse: Left button down, pos=(546,485)
13.4552 	EXP 	polygon: pos = array([-0.38333333, -0.05092593])
13.4718 	EXP 	polygon: pos = array([-0.38333333, -0.05092593])
13.4884 	EXP 	polygon: pos = array([-0.38333333, -0.05092593])
13.5050 	EXP 	polygon: pos = array([-0.38333333, -0.05092593])
13.5216 	EXP 	polygon: pos = array([-0.38333333, -0.05092593])
13.5383 	EXP 	polygon: pos = array([-0.38333333, -0.05092593])
13.5550 	EXP 	polygon: pos = array([-0.38333333, -0.05092593])
13.5716 	EXP 	polygon: pos = array([-0.38333333, -0.05092593])
13.5883 	EXP 	polygon: pos = array([-0.38333333, -0.05092593])
13.6049 	EXP 	polygon: pos = array([-0.38333333, -0.05092593])
13.6216 	EXP 	polygon: pos = array([-0.38333333, -0.05092593])
13.6383 	EXP 	polygon: pos = array([-0.38148148, -0.04814815])
13.6549 	EXP 	polygon: pos = array([-0.37407407, -0.03981481])
13.6716 	EXP 	polygon: pos = array([-0.35833333, -0.01851852])
13.6883 	EXP 	polygon: pos = array([-0.34444444,  0.00833333])
13.7049 	EXP 	polygon: pos = array([-0.33148148,  0.02407407])
13.7216 	EXP 	polygon: pos = array([-0.31388889,  0.03981481])
13.7382 	EXP 	polygon: pos = array([-0.29351852,  0.06481481])
13.7549 	EXP 	polygon: pos = array([-0.28611111,  0.07407407])
13.7715 	EXP 	polygon: pos = array([-0.28055556,  0.07962963])
13.7882 	EXP 	polygon: pos = array([-0.26111111,  0.09074074])
13.8049 	EXP 	polygon: pos = array([-0.24907407,  0.09814815])
13.8215 	EXP 	polygon: pos = array([-0.24074074,  0.10277778])
13.8382 	EXP 	polygon: pos = array([-0.23425926,  0.10833333])
13.8549 	EXP 	polygon: pos = array([-0.2287037 ,  0.11111111])
13.8715 	EXP 	polygon: pos = array([-0.2212963 ,  0.11481481])
13.8881 	EXP 	polygon: pos = array([-0.21388889,  0.11666667])
13.9048 	EXP 	polygon: pos = array([-0.20833333,  0.11759259])
13.9214 	EXP 	polygon: pos = array([-0.20277778,  0.11388889])
13.9381 	EXP 	polygon: pos = array([-0.19814815,  0.10925926])
13.9547 	EXP 	polygon: pos = array([-0.19351852,  0.08703704])
13.9714 	EXP 	polygon: pos = array([-0.19444444,  0.04444444])
13.9881 	EXP 	polygon: pos = array([-0.2037037 , -0.02314815])
14.0047 	EXP 	polygon: pos = array([-0.20833333, -0.04814815])
14.0214 	EXP 	polygon: pos = array([-0.21759259, -0.07222222])
14.0381 	EXP 	polygon: pos = array([-0.2287037 , -0.09814815])
14.0547 	EXP 	polygon: pos = array([-0.23611111, -0.11666667])
14.0713 	EXP 	polygon: pos = array([-0.2462963 , -0.13518519])
14.0881 	EXP 	polygon: pos = array([-0.26018519, -0.15648148])
14.1047 	EXP 	polygon: pos = array([-0.2787037, -0.175    ])
14.1213 	EXP 	polygon: pos = array([-0.28703704, -0.18333333])
14.1380 	EXP 	polygon: pos = array([-0.29351852, -0.18796296])
14.1547 	EXP 	polygon: pos = array([-0.30185185, -0.18888889])
14.1714 	EXP 	polygon: pos = array([-0.32037037, -0.18148148])
14.1880 	EXP 	polygon: pos = array([-0.33518519, -0.16018519])
14.2047 	EXP 	polygon: pos = array([-0.34444444, -0.13425926])
14.2213 	EXP 	polygon: pos = array([-0.3462963 , -0.07777778])
14.2380 	EXP 	polygon: pos = array([-0.34351852, -0.05      ])
14.2546 	EXP 	polygon: pos = array([-0.33240741, -0.00185185])
14.2713 	EXP 	polygon: pos = array([-0.32314815,  0.01759259])
14.2879 	EXP 	polygon: pos = array([-0.29351852,  0.06759259])
14.3046 	EXP 	polygon: pos = array([-0.27314815,  0.08888889])
14.3212 	EXP 	polygon: pos = array([-0.25     ,  0.1037037])
14.3380 	EXP 	polygon: pos = array([-0.24074074,  0.10833333])
14.3546 	EXP 	polygon: pos = array([-0.23148148,  0.11203704])
14.3713 	EXP 	polygon: pos = array([-0.22592593,  0.11388889])
14.3881 	EXP 	polygon: pos = array([-0.22222222,  0.11388889])
14.4046 	EXP 	polygon: pos = array([-0.20833333,  0.11296296])
14.4213 	EXP 	polygon: pos = array([-0.20462963,  0.11018519])
14.4379 	EXP 	polygon: pos = array([-0.19722222,  0.10092593])
14.4545 	EXP 	polygon: pos = array([-0.18981481,  0.08148148])
14.4712 	EXP 	polygon: pos = array([-0.18425926,  0.06574074])
14.4879 	EXP 	polygon: pos = array([-0.18240741,  0.05277778])
14.5045 	EXP 	polygon: pos = array([-0.18055556,  0.03240741])
14.5212 	EXP 	polygon: pos = array([-0.17777778,  0.00462963])
14.5378 	EXP 	polygon: pos = array([-0.17962963, -0.02037037])
14.5545 	EXP 	polygon: pos = array([-0.18148148, -0.04074074])
14.5713 	EXP 	polygon: pos = array([-0.18518519, -0.05833333])
14.5878 	EXP 	polygon: pos = array([-0.19444444, -0.08055556])
14.6044 	EXP 	polygon: pos = array([-0.2037037 , -0.09537037])
14.6211 	EXP 	polygon: pos = array([-0.21203704, -0.1037037 ])
14.6377 	EXP 	polygon: pos = array([-0.22037037, -0.11296296])
14.6544 	EXP 	polygon: pos = array([-0.23796296, -0.1212963 ])
14.6711 	EXP 	polygon: pos = array([-0.26203704, -0.12222222])
14.6878 	EXP 	polygon: pos = array([-0.28518519, -0.11481481])
14.7044 	EXP 	polygon: pos = array([-0.30648148, -0.10092593])
14.7210 	EXP 	polygon: pos = array([-0.3462963 , -0.07962963])
14.7378 	EXP 	polygon: pos = array([-0.35833333, -0.07407407])
14.7545 	EXP 	polygon: pos = array([-0.36944444, -0.06851852])
14.7711 	EXP 	polygon: pos = array([-0.38981481, -0.04444444])
14.7878 	EXP 	polygon: pos = array([-0.39814815, -0.02777778])
14.8044 	EXP 	polygon: pos = array([-0.40092593, -0.01759259])
14.8211 	EXP 	polygon: pos = array([-0.40277778, -0.0037037 ])
14.8377 	EXP 	polygon: pos = array([-0.39444444,  0.03333333])
14.8544 	EXP 	polygon: pos = array([-0.38055556,  0.05277778])
14.8710 	EXP 	polygon: pos = array([-0.35648148,  0.08425926])
14.8877 	EXP 	polygon: pos = array([-0.33148148,  0.10833333])
14.9044 	EXP 	polygon: pos = array([-0.30277778,  0.13148148])
14.9210 	EXP 	polygon: pos = array([-0.28425926,  0.14444444])
14.9377 	EXP 	polygon: pos = array([-0.27037037,  0.1537037 ])
14.9543 	EXP 	polygon: pos = array([-0.2537037 ,  0.16481481])
14.9710 	EXP 	polygon: pos = array([-0.24907407,  0.16666667])
14.9876 	EXP 	polygon: pos = array([-0.24722222,  0.16851852])
15.0043 	EXP 	polygon: pos = array([-0.24537037,  0.16944444])
15.0210 	EXP 	polygon: pos = array([-0.24259259,  0.16944444])
15.0376 	EXP 	polygon: pos = array([-0.23981481,  0.16759259])
15.0543 	EXP 	polygon: pos = array([-0.23796296,  0.16481481])
15.0709 	EXP 	polygon: pos = array([-0.23518519,  0.15648148])
15.0876 	EXP 	polygon: pos = array([-0.23333333,  0.15      ])
15.1042 	EXP 	polygon: pos = array([-0.23148148,  0.14444444])
15.1209 	EXP 	polygon: pos = array([-0.22962963,  0.13888889])
15.1375 	EXP 	polygon: pos = array([-0.22592593,  0.11851852])
15.1543 	EXP 	polygon: pos = array([-0.22407407,  0.10092593])
15.1709 	EXP 	polygon: pos = array([-0.22222222,  0.08981481])
15.1876 	EXP 	polygon: pos = array([-0.22222222,  0.075     ])
15.2043 	EXP 	polygon: pos = array([-0.225     ,  0.04814815])
15.2209 	EXP 	polygon: pos = array([-0.22962963,  0.03518519])
15.2376 	EXP 	polygon: pos = array([-0.23703704,  0.02037037])
15.2542 	EXP 	polygon: pos = array([-0.24537037,  0.00092593])
15.2709 	EXP 	polygon: pos = array([-0.24722222, -0.0037037 ])
15.2875 	EXP 	polygon: pos = array([-0.24907407, -0.00740741])
15.3042 	EXP 	polygon: pos = array([-0.25      , -0.00925926])
15.3208 	EXP 	polygon: pos = array([-0.25555556, -0.01203704])
15.3375 	EXP 	polygon: pos = array([-0.26111111, -0.01203704])
15.3541 	EXP 	polygon: pos = array([-0.26666667, -0.01111111])
15.3708 	EXP 	polygon: pos = array([-0.27314815, -0.00648148])
15.3875 	EXP 	polygon: pos = array([-0.28055556, -0.00092593])
15.4041 	EXP 	polygon: pos = array([-0.28703704,  0.0037037 ])
15.4208 	EXP 	polygon: pos = array([-0.29166667,  0.00648148])
15.4374 	EXP 	polygon: pos = array([-0.29907407,  0.01203704])
15.4540 	EXP 	polygon: pos = array([-0.31481481,  0.01666667])
15.4707 	EXP 	polygon: pos = array([-0.325     ,  0.01851852])
15.4874 	EXP 	polygon: pos = array([-0.33333333,  0.02037037])
15.5041 	EXP 	polygon: pos = array([-0.34351852,  0.02222222])
15.5207 	EXP 	polygon: pos = array([-0.35277778,  0.02407407])
15.5373 	EXP 	polygon: pos = array([-0.36203704,  0.025     ])
15.5541 	EXP 	polygon: pos = array([-0.37222222,  0.02592593])
15.5708 	EXP 	polygon: pos = array([-0.38333333,  0.02592593])
15.5873 	EXP 	polygon: pos = array([-0.39444444,  0.02592593])
15.6040 	EXP 	polygon: pos = array([-0.40648148,  0.02407407])
15.6207 	EXP 	polygon: pos = array([-0.42037037,  0.01666667])
15.6373 	EXP 	polygon: pos = array([-0.44814815,  0.        ])
15.6540 	EXP 	polygon: pos = array([-0.46944444, -0.01296296])
15.6707 	EXP 	polygon: pos = array([-0.49166667, -0.02777778])
15.6873 	EXP 	polygon: pos = array([-0.52037037, -0.05555556])
15.7040 	EXP 	polygon: pos = array([-0.53333333, -0.07037037])
15.7206 	EXP 	polygon: pos = array([-0.54814815, -0.08888889])
15.7373 	EXP 	polygon: pos = array([-0.55925926, -0.10277778])
15.7541 	EXP 	polygon: pos = array([-0.56851852, -0.12037037])
15.7706 	EXP 	polygon: pos = array([-0.57222222, -0.13240741])
15.7873 	EXP 	polygon: pos = array([-0.575     , -0.14351852])
15.8039 	EXP 	polygon: pos = array([-0.575     , -0.15277778])
15.8206 	EXP 	polygon: pos = array([-0.575     , -0.15648148])
15.8372 	EXP 	polygon: pos = array([-0.57407407, -0.16018519])
15.8539 	EXP 	polygon: pos = array([-0.5712963 , -0.16296296])
15.8706 	EXP 	polygon: pos = array([-0.55833333, -0.16481481])
15.8872 	EXP 	polygon: pos = array([-0.53981481, -0.16296296])
15.9038 	EXP 	polygon: pos = array([-0.51111111, -0.15925926])
15.9205 	EXP 	polygon: pos = array([-0.47777778, -0.1537037 ])
15.9373 	EXP 	polygon: pos = array([-0.45277778, -0.15      ])
15.9539 	EXP 	polygon: pos = array([-0.43240741, -0.1462963 ])
15.9705 	EXP 	polygon: pos = array([-0.41296296, -0.13888889])
15.9872 	EXP 	polygon: pos = array([-0.40185185, -0.13240741])
16.0038 	EXP 	polygon: pos = array([-0.375     , -0.11574074])
16.0205 	EXP 	polygon: pos = array([-0.35277778, -0.10555556])
16.0371 	EXP 	polygon: pos = array([-0.32962963, -0.09722222])
16.0538 	EXP 	polygon: pos = array([-0.31296296, -0.08888889])
16.0704 	EXP 	polygon: pos = array([-0.30092593, -0.07962963])
16.0871 	EXP 	polygon: pos = array([-0.29259259, -0.06851852])
16.1038 	EXP 	polygon: pos = array([-0.28703704, -0.05648148])
16.1206 	EXP 	polygon: pos = array([-0.28333333, -0.04351852])
16.1371 	EXP 	polygon: pos = array([-0.28240741, -0.03518519])
16.1538 	EXP 	polygon: pos = array([-0.28240741, -0.02777778])
16.1704 	EXP 	polygon: pos = array([-0.28240741, -0.01759259])
16.1871 	EXP 	polygon: pos = array([-0.28240741, -0.00833333])
16.2037 	EXP 	polygon: pos = array([-0.28240741, -0.00555556])
16.2204 	EXP 	polygon: pos = array([-0.28240741, -0.00092593])
16.2371 	EXP 	polygon: pos = array([-0.28518519,  0.00648148])
16.2537 	EXP 	polygon: pos = array([-0.28703704,  0.01018519])
16.2704 	EXP 	polygon: pos = array([-0.28888889,  0.01574074])
16.2870 	EXP 	polygon: pos = array([-0.29074074,  0.01944444])
16.3039 	EXP 	polygon: pos = array([-0.29259259,  0.02685185])
16.3203 	EXP 	polygon: pos = array([-0.29537037,  0.03148148])
16.3370 	EXP 	polygon: pos = array([-0.29722222,  0.03333333])
16.3536 	EXP 	polygon: pos = array([-0.29814815,  0.03518519])
16.3703 	EXP 	polygon: pos = array([-0.3       ,  0.03518519])
16.3870 	EXP 	polygon: pos = array([-0.3       ,  0.03518519])
16.3889 	DATA 	Mouse:  Left button up, pos=(636,578)
17.5546 	DATA 	Mouse: Left button down, pos=(1397,592)
17.5866 	EXP 	polygon_2: pos = array([0.40462963, 0.04814815])
17.6030 	EXP 	polygon_2: pos = array([0.40462963, 0.04814815])
17.6197 	EXP 	polygon_2: pos = array([0.40462963, 0.04814815])
17.6363 	EXP 	polygon_2: pos = array([0.40462963, 0.04814815])
17.6530 	EXP 	polygon_2: pos = array([0.40462963, 0.04814815])
17.6696 	EXP 	polygon_2: pos = array([0.40462963, 0.04814815])
17.6863 	EXP 	polygon_2: pos = array([0.40462963, 0.04814815])
17.7030 	EXP 	polygon_2: pos = array([0.40462963, 0.04814815])
17.7196 	EXP 	polygon_2: pos = array([0.40462963, 0.04814815])
17.7363 	EXP 	polygon_2: pos = array([0.40185185, 0.04814815])
17.7530 	EXP 	polygon_2: pos = array([0.39351852, 0.05      ])
17.7696 	EXP 	polygon_2: pos = array([0.36759259, 0.06296296])
17.7863 	EXP 	polygon_2: pos = array([0.34351852, 0.07314815])
17.8029 	EXP 	polygon_2: pos = array([0.32592593, 0.08611111])
17.8196 	EXP 	polygon_2: pos = array([0.29907407, 0.10462963])
17.8365 	EXP 	polygon_2: pos = array([0.26481481, 0.125     ])
17.8529 	EXP 	polygon_2: pos = array([0.24814815, 0.13148148])
17.8695 	EXP 	polygon_2: pos = array([0.22777778, 0.13888889])
17.8862 	EXP 	polygon_2: pos = array([0.21018519, 0.14259259])
17.9029 	EXP 	polygon_2: pos = array([0.18703704, 0.15277778])
17.9195 	EXP 	polygon_2: pos = array([0.16851852, 0.16203704])
17.9362 	EXP 	polygon_2: pos = array([0.15462963, 0.16851852])
17.9528 	EXP 	polygon_2: pos = array([0.14444444, 0.17314815])
17.9695 	EXP 	polygon_2: pos = array([0.13611111, 0.17407407])
17.9862 	EXP 	polygon_2: pos = array([0.13148148, 0.17407407])
18.0029 	EXP 	polygon_2: pos = array([0.12777778, 0.17407407])
18.0196 	EXP 	polygon_2: pos = array([0.12407407, 0.17407407])
18.0362 	EXP 	polygon_2: pos = array([0.1212963 , 0.17407407])
18.0528 	EXP 	polygon_2: pos = array([0.12037037, 0.17407407])
18.0694 	EXP 	polygon_2: pos = array([0.11851852, 0.17407407])
18.0861 	EXP 	polygon_2: pos = array([0.11666667, 0.17407407])
18.1027 	EXP 	polygon_2: pos = array([0.11481481, 0.17407407])
18.1194 	EXP 	polygon_2: pos = array([0.11388889, 0.17314815])
18.1361 	EXP 	polygon_2: pos = array([0.11296296, 0.1712963 ])
18.1528 	EXP 	polygon_2: pos = array([0.11296296, 0.16944444])
18.1694 	EXP 	polygon_2: pos = array([0.11296296, 0.16759259])
18.1861 	EXP 	polygon_2: pos = array([0.11296296, 0.16388889])
18.2028 	EXP 	polygon_2: pos = array([0.11296296, 0.15648148])
18.2194 	EXP 	polygon_2: pos = array([0.11296296, 0.14166667])
18.2361 	EXP 	polygon_2: pos = array([0.11296296, 0.12314815])
18.2527 	EXP 	polygon_2: pos = array([0.11481481, 0.10925926])
18.2693 	EXP 	polygon_2: pos = array([0.12314815, 0.08611111])
18.2861 	EXP 	polygon_2: pos = array([0.13333333, 0.06203704])
18.3027 	EXP 	polygon_2: pos = array([0.13796296, 0.05092593])
18.3193 	EXP 	polygon_2: pos = array([0.14537037, 0.03888889])
18.3360 	EXP 	polygon_2: pos = array([0.16018519, 0.01666667])
18.3527 	EXP 	polygon_2: pos = array([0.17314815, 0.00092593])
18.3694 	EXP 	polygon_2: pos = array([ 0.18518519, -0.01018519])
18.3862 	EXP 	polygon_2: pos = array([ 0.19537037, -0.01851852])
18.4027 	EXP 	polygon_2: pos = array([ 0.20277778, -0.02037037])
18.4193 	EXP 	polygon_2: pos = array([ 0.21481481, -0.02037037])
18.4360 	EXP 	polygon_2: pos = array([ 0.23703704, -0.01481481])
18.4526 	EXP 	polygon_2: pos = array([0.26296296, 0.00462963])
18.4692 	EXP 	polygon_2: pos = array([0.28148148, 0.01851852])
18.4859 	EXP 	polygon_2: pos = array([0.3       , 0.03055556])
18.5026 	EXP 	polygon_2: pos = array([0.31111111, 0.03981481])
18.5192 	EXP 	polygon_2: pos = array([0.325     , 0.06018519])
18.5359 	EXP 	polygon_2: pos = array([0.33425926, 0.0712963 ])
18.5526 	EXP 	polygon_2: pos = array([0.34259259, 0.08148148])
18.5692 	EXP 	polygon_2: pos = array([0.35462963, 0.09166667])
18.5859 	EXP 	polygon_2: pos = array([0.36203704, 0.09722222])
18.6025 	EXP 	polygon_2: pos = array([0.36574074, 0.10648148])
18.6192 	EXP 	polygon_2: pos = array([0.3712963 , 0.11851852])
18.6358 	EXP 	polygon_2: pos = array([0.37685185, 0.13425926])
18.6525 	EXP 	polygon_2: pos = array([0.37685185, 0.13888889])
18.6691 	EXP 	polygon_2: pos = array([0.37685185, 0.14722222])
18.6858 	EXP 	polygon_2: pos = array([0.37685185, 0.15462963])
18.7025 	EXP 	polygon_2: pos = array([0.37685185, 0.16574074])
18.7191 	EXP 	polygon_2: pos = array([0.375     , 0.17222222])
18.7359 	EXP 	polygon_2: pos = array([0.37222222, 0.175     ])
18.7525 	EXP 	polygon_2: pos = array([0.36759259, 0.18055556])
18.7692 	EXP 	polygon_2: pos = array([0.36111111, 0.18425926])
18.7858 	EXP 	polygon_2: pos = array([0.35462963, 0.18888889])
18.8024 	EXP 	polygon_2: pos = array([0.34907407, 0.19166667])
18.8191 	EXP 	polygon_2: pos = array([0.34166667, 0.19444444])
18.8358 	EXP 	polygon_2: pos = array([0.33518519, 0.19814815])
18.8524 	EXP 	polygon_2: pos = array([0.3287037 , 0.19907407])
18.8690 	EXP 	polygon_2: pos = array([0.32314815, 0.2       ])
18.8857 	EXP 	polygon_2: pos = array([0.31574074, 0.2       ])
18.9023 	EXP 	polygon_2: pos = array([0.31203704, 0.2       ])
18.9190 	EXP 	polygon_2: pos = array([0.31018519, 0.2       ])
18.9357 	EXP 	polygon_2: pos = array([0.30740741, 0.19722222])
18.9523 	EXP 	polygon_2: pos = array([0.29351852, 0.15925926])
18.9690 	EXP 	polygon_2: pos = array([0.28703704, 0.13240741])
18.9856 	EXP 	polygon_2: pos = array([0.28703704, 0.08425926])
19.0023 	EXP 	polygon_2: pos = array([0.28703704, 0.04722222])
19.0190 	EXP 	polygon_2: pos = array([0.29444444, 0.01111111])
19.0356 	EXP 	polygon_2: pos = array([ 0.29907407, -0.00648148])
19.0523 	EXP 	polygon_2: pos = array([ 0.30740741, -0.0287037 ])
19.0689 	EXP 	polygon_2: pos = array([ 0.32037037, -0.05833333])
19.0856 	EXP 	polygon_2: pos = array([ 0.32685185, -0.06944444])
19.1022 	EXP 	polygon_2: pos = array([ 0.33148148, -0.07685185])
19.1190 	EXP 	polygon_2: pos = array([ 0.33611111, -0.08703704])
19.1357 	EXP 	polygon_2: pos = array([ 0.33796296, -0.09166667])
19.1523 	EXP 	polygon_2: pos = array([ 0.33796296, -0.09259259])
19.1689 	EXP 	polygon_2: pos = array([ 0.33796296, -0.09351852])
19.1855 	EXP 	polygon_2: pos = array([ 0.33796296, -0.0962963 ])
19.2023 	EXP 	polygon_2: pos = array([ 0.33796296, -0.0962963 ])
19.2189 	EXP 	polygon_2: pos = array([ 0.33796296, -0.0962963 ])
19.2355 	EXP 	polygon_2: pos = array([ 0.33796296, -0.0962963 ])
19.2522 	EXP 	polygon_2: pos = array([ 0.33796296, -0.0962963 ])
19.2688 	EXP 	polygon_2: pos = array([ 0.33796296, -0.0962963 ])
19.2855 	EXP 	polygon_2: pos = array([ 0.33796296, -0.0962963 ])
19.3022 	EXP 	polygon_2: pos = array([ 0.33796296, -0.0962963 ])
19.3190 	EXP 	polygon_2: pos = array([ 0.33796296, -0.09351852])
19.3355 	EXP 	polygon_2: pos = array([ 0.33703704, -0.08888889])
19.3521 	EXP 	polygon_2: pos = array([ 0.33518519, -0.08611111])
19.3689 	EXP 	polygon_2: pos = array([ 0.33333333, -0.08425926])
19.3855 	EXP 	polygon_2: pos = array([ 0.33055556, -0.08240741])
19.4021 	EXP 	polygon_2: pos = array([ 0.32685185, -0.07962963])
19.4188 	EXP 	polygon_2: pos = array([ 0.32314815, -0.07592593])
19.4354 	EXP 	polygon_2: pos = array([ 0.31574074, -0.06574074])
19.4521 	EXP 	polygon_2: pos = array([ 0.30925926, -0.05648148])
19.4687 	EXP 	polygon_2: pos = array([ 0.30462963, -0.04722222])
19.4854 	EXP 	polygon_2: pos = array([ 0.29814815, -0.03703704])
19.5021 	EXP 	polygon_2: pos = array([ 0.28333333, -0.00925926])
19.5187 	EXP 	polygon_2: pos = array([0.27222222, 0.01018519])
19.5354 	EXP 	polygon_2: pos = array([0.26574074, 0.0212963 ])
19.5521 	EXP 	polygon_2: pos = array([0.25740741, 0.03611111])
19.5687 	EXP 	polygon_2: pos = array([0.25277778, 0.05185185])
19.5854 	EXP 	polygon_2: pos = array([0.24907407, 0.06388889])
19.6020 	EXP 	polygon_2: pos = array([0.24722222, 0.0712963 ])
19.6187 	EXP 	polygon_2: pos = array([0.24537037, 0.07777778])
19.6353 	EXP 	polygon_2: pos = array([0.24537037, 0.08148148])
19.6520 	EXP 	polygon_2: pos = array([0.24537037, 0.08425926])
19.6686 	EXP 	polygon_2: pos = array([0.24537037, 0.08518519])
19.6853 	EXP 	polygon_2: pos = array([0.24537037, 0.08611111])
19.7019 	EXP 	polygon_2: pos = array([0.24537037, 0.08611111])
19.7187 	EXP 	polygon_2: pos = array([0.24537037, 0.08611111])
19.7355 	EXP 	polygon_2: pos = array([0.25277778, 0.08333333])
19.7520 	EXP 	polygon_2: pos = array([0.26111111, 0.07685185])
19.7686 	EXP 	polygon_2: pos = array([0.26944444, 0.06759259])
19.7852 	EXP 	polygon_2: pos = array([0.2787037 , 0.05277778])
19.8020 	EXP 	polygon_2: pos = array([0.28518519, 0.03981481])
19.8186 	EXP 	polygon_2: pos = array([0.28611111, 0.03703704])
19.8353 	EXP 	polygon_2: pos = array([0.28796296, 0.03518519])
19.8520 	EXP 	polygon_2: pos = array([0.28796296, 0.03333333])
19.8687 	EXP 	polygon_2: pos = array([0.28888889, 0.03240741])
19.8852 	EXP 	polygon_2: pos = array([0.28981481, 0.03240741])
19.9019 	EXP 	polygon_2: pos = array([0.29074074, 0.03240741])
19.9185 	EXP 	polygon_2: pos = array([0.29351852, 0.03240741])
19.9352 	EXP 	polygon_2: pos = array([0.29351852, 0.03240741])
19.9518 	EXP 	polygon_2: pos = array([0.29537037, 0.03240741])
19.9685 	EXP 	polygon_2: pos = array([0.30092593, 0.03240741])
19.9852 	EXP 	polygon_2: pos = array([0.31203704, 0.03425926])
20.0018 	EXP 	polygon_2: pos = array([0.32037037, 0.03425926])
20.0186 	EXP 	polygon_2: pos = array([0.32407407, 0.03425926])
20.0352 	EXP 	polygon_2: pos = array([0.33148148, 0.03425926])
20.0520 	EXP 	polygon_2: pos = array([0.33703704, 0.03333333])
20.0685 	EXP 	polygon_2: pos = array([0.3462963 , 0.03333333])
20.0852 	EXP 	polygon_2: pos = array([0.35648148, 0.03240741])
20.1018 	EXP 	polygon_2: pos = array([0.36388889, 0.03240741])
20.1184 	EXP 	polygon_2: pos = array([0.36666667, 0.03240741])
20.1351 	EXP 	polygon_2: pos = array([0.36851852, 0.03240741])
20.1517 	EXP 	polygon_2: pos = array([0.37037037, 0.03240741])
20.1684 	EXP 	polygon_2: pos = array([0.3712963 , 0.03240741])
20.1851 	EXP 	polygon_2: pos = array([0.3712963 , 0.03240741])
20.2017 	EXP 	polygon_2: pos = array([0.3712963 , 0.03240741])
20.2184 	EXP 	polygon_2: pos = array([0.3712963 , 0.03240741])
20.2350 	EXP 	polygon_2: pos = array([0.3712963 , 0.03240741])
20.2517 	EXP 	polygon_2: pos = array([0.3712963 , 0.03240741])
20.2683 	EXP 	polygon_2: pos = array([0.3712963 , 0.03240741])
20.2850 	EXP 	polygon_2: pos = array([0.3712963 , 0.03240741])
20.3017 	EXP 	polygon_2: pos = array([0.3712963 , 0.03240741])
20.3183 	EXP 	polygon_2: pos = array([0.3712963 , 0.03240741])
20.3350 	EXP 	polygon_2: pos = array([0.3712963 , 0.03240741])
20.3517 	EXP 	polygon_2: pos = array([0.3712963 , 0.03240741])
20.3536 	DATA 	Mouse:  Left button up, pos=(1361,575)
32.9379 	DATA 	Mouse: Left button down, pos=(545,529)
32.9792 	EXP 	polygon: pos = array([-0.38425926, -0.01018519])
32.9959 	EXP 	polygon: pos = array([-0.38425926, -0.01018519])
33.0125 	EXP 	polygon: pos = array([-0.38425926, -0.01018519])
33.0294 	EXP 	polygon: pos = array([-0.38425926, -0.01018519])
33.0459 	EXP 	polygon: pos = array([-0.38425926, -0.01018519])
33.0625 	EXP 	polygon: pos = array([-0.38425926, -0.01018519])
33.0792 	EXP 	polygon: pos = array([-0.38425926, -0.00740741])
33.0958 	EXP 	polygon: pos = array([-0.38425926,  0.0037037 ])
33.1124 	EXP 	polygon: pos = array([-0.38148148,  0.03611111])
33.1291 	EXP 	polygon: pos = array([-0.37777778,  0.06111111])
33.1457 	EXP 	polygon: pos = array([-0.35092593,  0.14351852])
33.1625 	EXP 	polygon: pos = array([-0.31851852,  0.21851852])
33.1791 	EXP 	polygon: pos = array([-0.29907407,  0.26203704])
33.1958 	EXP 	polygon: pos = array([-0.26574074,  0.33055556])
33.2124 	EXP 	polygon: pos = array([-0.24166667,  0.36296296])
33.2291 	EXP 	polygon: pos = array([-0.22407407,  0.39444444])
33.2457 	EXP 	polygon: pos = array([-0.21203704,  0.41296296])
33.2624 	EXP 	polygon: pos = array([-0.18333333,  0.45092593])
33.2790 	EXP 	polygon: pos = array([-0.16851852,  0.46666667])
33.2957 	EXP 	polygon: pos = array([-0.15740741,  0.47777778])
33.3123 	EXP 	polygon: pos = array([-0.14166667,  0.48981481])
33.3289 	EXP 	polygon: pos = array([-0.12222222,  0.5       ])
33.3457 	EXP 	polygon: pos = array([-0.11388889,  0.5       ])
33.3623 	EXP 	polygon: pos = array([-0.11018519,  0.5       ])
33.3791 	EXP 	polygon: pos = array([-0.10833333,  0.5       ])
33.3956 	EXP 	polygon: pos = array([-0.10740741,  0.49722222])
33.4123 	EXP 	polygon: pos = array([-0.10555556,  0.49259259])
33.4290 	EXP 	polygon: pos = array([-0.10092593,  0.475     ])
33.4456 	EXP 	polygon: pos = array([-0.09907407,  0.425     ])
33.4625 	EXP 	polygon: pos = array([-0.1       ,  0.38055556])
33.4790 	EXP 	polygon: pos = array([-0.10462963,  0.34537037])
33.4956 	EXP 	polygon: pos = array([-0.11111111,  0.29537037])
33.5123 	EXP 	polygon: pos = array([-0.12592593,  0.2212963 ])
33.5289 	EXP 	polygon: pos = array([-0.13148148,  0.17685185])
33.5456 	EXP 	polygon: pos = array([-0.13888889,  0.1462963 ])
33.5624 	EXP 	polygon: pos = array([-0.14074074,  0.12685185])
33.5789 	EXP 	polygon: pos = array([-0.14814815,  0.09722222])
33.5956 	EXP 	polygon: pos = array([-0.15      ,  0.08148148])
33.6122 	EXP 	polygon: pos = array([-0.15277778,  0.06851852])
33.6289 	EXP 	polygon: pos = array([-0.15555556,  0.04166667])
33.6455 	EXP 	polygon: pos = array([-0.16018519,  0.03055556])
33.6621 	EXP 	polygon: pos = array([-0.16203704,  0.02407407])
33.6787 	EXP 	polygon: pos = array([-0.16666667,  0.01203704])
33.6954 	EXP 	polygon: pos = array([-0.17777778, -0.01018519])
33.7120 	EXP 	polygon: pos = array([-0.18518519, -0.0212963 ])
33.7287 	EXP 	polygon: pos = array([-0.19722222, -0.03148148])
33.7455 	EXP 	polygon: pos = array([-0.21111111, -0.04166667])
33.7621 	EXP 	polygon: pos = array([-0.23703704, -0.0537037 ])
33.7787 	EXP 	polygon: pos = array([-0.25648148, -0.06018519])
33.7953 	EXP 	polygon: pos = array([-0.27777778, -0.06574074])
33.8120 	EXP 	polygon: pos = array([-0.31018519, -0.06851852])
33.8287 	EXP 	polygon: pos = array([-0.33518519, -0.06851852])
33.8453 	EXP 	polygon: pos = array([-0.35833333, -0.06481481])
33.8620 	EXP 	polygon: pos = array([-0.38611111, -0.06018519])
33.8786 	EXP 	polygon: pos = array([-0.41851852, -0.05185185])
33.8952 	EXP 	polygon: pos = array([-0.44537037, -0.04259259])
33.9120 	EXP 	polygon: pos = array([-0.46666667, -0.03055556])
33.9286 	EXP 	polygon: pos = array([-0.48981481, -0.01388889])
33.9453 	EXP 	polygon: pos = array([-0.51574074,  0.01574074])
33.9619 	EXP 	polygon: pos = array([-0.51574074,  0.01574074])
33.9786 	EXP 	polygon: pos = array([-0.51574074,  0.01574074])
33.9952 	EXP 	polygon: pos = array([-0.51574074,  0.01574074])
34.0118 	EXP 	polygon: pos = array([-0.51574074,  0.01574074])
34.0285 	EXP 	polygon: pos = array([-0.51574074,  0.01574074])
34.0452 	EXP 	polygon: pos = array([-0.51574074,  0.01574074])
34.0619 	EXP 	polygon: pos = array([-0.51574074,  0.01574074])
34.0785 	EXP 	polygon: pos = array([-0.51574074,  0.01574074])
34.0952 	EXP 	polygon: pos = array([-0.51574074,  0.01574074])
34.1118 	EXP 	polygon: pos = array([-0.51574074,  0.01574074])
34.1286 	EXP 	polygon: pos = array([-0.51574074,  0.01574074])
34.1452 	EXP 	polygon: pos = array([-0.51574074,  0.01574074])
34.1618 	EXP 	polygon: pos = array([-0.51574074,  0.01574074])
34.1785 	EXP 	polygon: pos = array([-0.51574074,  0.01574074])
34.1951 	EXP 	polygon: pos = array([-0.51574074,  0.01574074])
34.2118 	EXP 	polygon: pos = array([-0.51574074,  0.01574074])
34.2285 	EXP 	polygon: pos = array([-0.51574074,  0.01574074])
34.2451 	EXP 	polygon: pos = array([-0.51574074,  0.01574074])
34.2618 	EXP 	polygon: pos = array([-0.51574074,  0.01574074])
34.2784 	EXP 	polygon: pos = array([-0.51574074,  0.01574074])
34.2951 	EXP 	polygon: pos = array([-0.51574074,  0.01574074])
34.3118 	EXP 	polygon: pos = array([-0.48703704,  0.03981481])
34.3284 	EXP 	polygon: pos = array([-0.45092593,  0.06666667])
34.3451 	EXP 	polygon: pos = array([-0.38703704,  0.11388889])
34.3617 	EXP 	polygon: pos = array([-0.33518519,  0.16388889])
34.3786 	EXP 	polygon: pos = array([-0.25185185,  0.22314815])
34.3951 	EXP 	polygon: pos = array([-0.17962963,  0.27314815])
34.4117 	EXP 	polygon: pos = array([-0.0962963 ,  0.34166667])
34.7282 	EXP 	polygon: pos = array([0.00648148, 0.21759259])
34.7449 	EXP 	polygon: pos = array([-0.01018519,  0.18518519])
34.7615 	EXP 	polygon: pos = array([-0.01851852,  0.16666667])
34.7782 	EXP 	polygon: pos = array([-0.02962963,  0.14814815])
34.7949 	EXP 	polygon: pos = array([-0.03888889,  0.13055556])
34.8115 	EXP 	polygon: pos = array([-0.05648148,  0.09907407])
34.8282 	EXP 	polygon: pos = array([-0.06759259,  0.08240741])
34.8448 	EXP 	polygon: pos = array([-0.075    ,  0.0712963])
34.8615 	EXP 	polygon: pos = array([-0.08518519,  0.05462963])
34.8781 	EXP 	polygon: pos = array([-0.09166667,  0.04259259])
34.8948 	EXP 	polygon: pos = array([-0.1      ,  0.0287037])
34.9115 	EXP 	polygon: pos = array([-0.10740741,  0.01759259])
34.9282 	EXP 	polygon: pos = array([-0.11851852,  0.00462963])
34.9448 	EXP 	polygon: pos = array([-0.125     , -0.00555556])
34.9614 	EXP 	polygon: pos = array([-0.13055556, -0.01481481])
34.9781 	EXP 	polygon: pos = array([-0.13518519, -0.02222222])
34.9948 	EXP 	polygon: pos = array([-0.13981481, -0.0287037 ])
35.0114 	EXP 	polygon: pos = array([-0.14259259, -0.03518519])
35.0281 	EXP 	polygon: pos = array([-0.14722222, -0.03888889])
35.0447 	EXP 	polygon: pos = array([-0.15277778, -0.04722222])
35.0614 	EXP 	polygon: pos = array([-0.15740741, -0.0537037 ])
35.0780 	EXP 	polygon: pos = array([-0.16296296, -0.06203704])
35.0947 	EXP 	polygon: pos = array([-0.16944444, -0.07222222])
35.1113 	EXP 	polygon: pos = array([-0.17962963, -0.08888889])
35.1280 	EXP 	polygon: pos = array([-0.18240741, -0.09537037])
35.1447 	EXP 	polygon: pos = array([-0.18703704, -0.1       ])
35.1613 	EXP 	polygon: pos = array([-0.19259259, -0.10925926])
35.1780 	EXP 	polygon: pos = array([-0.19537037, -0.11481481])
35.1946 	EXP 	polygon: pos = array([-0.1962963 , -0.11759259])
35.2113 	EXP 	polygon: pos = array([-0.19814815, -0.1212963 ])
35.2279 	EXP 	polygon: pos = array([-0.2       , -0.12407407])
35.2446 	EXP 	polygon: pos = array([-0.20277778, -0.12777778])
35.2612 	EXP 	polygon: pos = array([-0.2037037, -0.1287037])
35.2779 	EXP 	polygon: pos = array([-0.20555556, -0.13055556])
35.2947 	EXP 	polygon: pos = array([-0.20740741, -0.13240741])
35.3113 	EXP 	polygon: pos = array([-0.20925926, -0.13425926])
35.3279 	EXP 	polygon: pos = array([-0.21111111, -0.13611111])
35.3446 	EXP 	polygon: pos = array([-0.21296296, -0.13796296])
35.3612 	EXP 	polygon: pos = array([-0.21296296, -0.13796296])
35.3779 	EXP 	polygon: pos = array([-0.21296296, -0.13796296])
35.3946 	EXP 	polygon: pos = array([-0.21296296, -0.13796296])
35.4112 	EXP 	polygon: pos = array([-0.21388889, -0.13796296])
35.4278 	EXP 	polygon: pos = array([-0.21388889, -0.13888889])
35.4446 	EXP 	polygon: pos = array([-0.21574074, -0.13888889])
35.4611 	EXP 	polygon: pos = array([-0.21574074, -0.13888889])
35.4778 	EXP 	polygon: pos = array([-0.21666667, -0.13888889])
35.4944 	EXP 	polygon: pos = array([-0.21666667, -0.13888889])
35.5110 	EXP 	polygon: pos = array([-0.21759259, -0.13981481])
35.5279 	EXP 	polygon: pos = array([-0.21851852, -0.14074074])
35.5446 	EXP 	polygon: pos = array([-0.2212963 , -0.14074074])
35.5613 	EXP 	polygon: pos = array([-0.2287037 , -0.13981481])
35.5779 	EXP 	polygon: pos = array([-0.25277778, -0.12777778])
35.5946 	EXP 	polygon: pos = array([-0.28796296, -0.1       ])
35.6112 	EXP 	polygon: pos = array([-0.31574074, -0.08240741])
35.6278 	EXP 	polygon: pos = array([-0.33981481, -0.06203704])
35.6448 	EXP 	polygon: pos = array([-0.35740741, -0.03796296])
35.6612 	EXP 	polygon: pos = array([-0.37685185, -0.0212963 ])
35.6779 	EXP 	polygon: pos = array([-0.38518519, -0.01574074])
35.6946 	EXP 	polygon: pos = array([-0.39444444, -0.01018519])
35.7112 	EXP 	polygon: pos = array([-0.40185185, -0.00648148])
35.7281 	EXP 	polygon: pos = array([-0.40648148, -0.00555556])
35.7445 	EXP 	polygon: pos = array([-0.40925926, -0.00277778])
35.7612 	EXP 	polygon: pos = array([-0.41388889, -0.00277778])
35.7778 	EXP 	polygon: pos = array([-0.41574074, -0.00277778])
35.7945 	EXP 	polygon: pos = array([-0.41666667, -0.00277778])
35.8111 	EXP 	polygon: pos = array([-0.41759259, -0.00277778])
35.8279 	EXP 	polygon: pos = array([-0.42037037, -0.00277778])
35.8445 	EXP 	polygon: pos = array([-0.42037037, -0.00277778])
35.8611 	EXP 	polygon: pos = array([-0.42037037, -0.00277778])
35.8778 	EXP 	polygon: pos = array([-0.4212963 , -0.00185185])
35.8945 	EXP 	polygon: pos = array([-0.4212963 , -0.00185185])
35.9110 	EXP 	polygon: pos = array([-0.4212963 , -0.00185185])
35.9277 	EXP 	polygon: pos = array([-0.42222222, -0.00185185])
35.9444 	EXP 	polygon: pos = array([-0.42222222, -0.00185185])
35.9611 	EXP 	polygon: pos = array([-0.42222222, -0.00185185])
35.9716 	DATA 	Mouse:  Left button up, pos=(504,538)
35.9777 	EXP 	polygon: pos = array([-0.42222222, -0.00185185])
45.6421 	DATA 	Mouse: Left button down, pos=(504,538)
45.6730 	EXP 	polygon: pos = array([-0.42222222, -0.00185185])
45.6896 	EXP 	polygon: pos = array([-0.42222222, -0.00185185])
45.7063 	EXP 	polygon: pos = array([-0.42222222, -0.00185185])
45.7229 	EXP 	polygon: pos = array([-0.42222222, -0.00185185])
45.7396 	EXP 	polygon: pos = array([-0.42222222, -0.00185185])
45.7563 	EXP 	polygon: pos = array([-0.42222222, -0.00185185])
45.7729 	EXP 	polygon: pos = array([-0.42222222, -0.00185185])
45.7896 	EXP 	polygon: pos = array([-0.42222222, -0.00185185])
45.8062 	EXP 	polygon: pos = array([-0.42222222, -0.00185185])
45.8231 	EXP 	polygon: pos = array([-0.42222222, -0.00185185])
45.8395 	EXP 	polygon: pos = array([-0.39444444,  0.04814815])
45.8562 	EXP 	polygon: pos = array([-0.35555556,  0.11018519])
45.8729 	EXP 	polygon: pos = array([-0.32037037,  0.16666667])
45.8895 	EXP 	polygon: pos = array([-0.25648148,  0.25277778])
45.9064 	EXP 	polygon: pos = array([-0.21481481,  0.30555556])
45.9228 	EXP 	polygon: pos = array([-0.18425926,  0.33611111])
45.9393 	EXP 	polygon: pos = array([-0.15833333,  0.35833333])
45.9560 	EXP 	polygon: pos = array([-0.11018519,  0.39351852])
45.9727 	EXP 	polygon: pos = array([-0.09166667,  0.40555556])
45.9893 	EXP 	polygon: pos = array([-0.07685185,  0.41388889])
46.0060 	EXP 	polygon: pos = array([-0.05185185,  0.42037037])
46.0226 	EXP 	polygon: pos = array([-0.0212963 ,  0.42777778])
46.0393 	EXP 	polygon: pos = array([-0.00092593,  0.42962963])
46.0560 	EXP 	polygon: pos = array([0.01296296, 0.42962963])
46.0727 	EXP 	polygon: pos = array([0.02222222, 0.42962963])
46.0894 	EXP 	polygon: pos = array([0.03055556, 0.425     ])
46.1060 	EXP 	polygon: pos = array([0.03425926, 0.4212963 ])
46.1227 	EXP 	polygon: pos = array([0.04166667, 0.40833333])
46.1393 	EXP 	polygon: pos = array([0.05092593, 0.38518519])
46.1560 	EXP 	polygon: pos = array([0.0537037, 0.3462963])
46.1726 	EXP 	polygon: pos = array([0.05      , 0.30925926])
46.1893 	EXP 	polygon: pos = array([0.03981481, 0.24814815])
46.2060 	EXP 	polygon: pos = array([0.02685185, 0.1962963 ])
46.2226 	EXP 	polygon: pos = array([0.02222222, 0.1712963 ])
46.2393 	EXP 	polygon: pos = array([0.01296296, 0.13888889])
46.2560 	EXP 	polygon: pos = array([0.00462963, 0.11296296])
46.2729 	EXP 	polygon: pos = array([-0.01111111,  0.06759259])
46.2893 	EXP 	polygon: pos = array([-0.01851852,  0.0462963 ])
46.3059 	EXP 	polygon: pos = array([-0.0212963 ,  0.03425926])
46.3226 	EXP 	polygon: pos = array([-0.03425926,  0.01481481])
46.3392 	EXP 	polygon: pos = array([-0.03981481,  0.01018519])
46.3559 	EXP 	polygon: pos = array([-0.04907407,  0.00555556])
46.3726 	EXP 	polygon: pos = array([-0.06203704,  0.        ])
46.3892 	EXP 	polygon: pos = array([-0.08333333, -0.0037037 ])
46.4059 	EXP 	polygon: pos = array([-0.09444444, -0.0037037 ])
46.4225 	EXP 	polygon: pos = array([-0.11018519, -0.0037037 ])
46.4392 	EXP 	polygon: pos = array([-0.12685185,  0.        ])
46.4559 	EXP 	polygon: pos = array([-0.13333333,  0.        ])
46.4725 	EXP 	polygon: pos = array([-0.14074074,  0.00185185])
46.4892 	EXP 	polygon: pos = array([-0.15     ,  0.0037037])
46.5059 	EXP 	polygon: pos = array([-0.16388889,  0.00740741])
46.5225 	EXP 	polygon: pos = array([-0.17037037,  0.00740741])
46.5392 	EXP 	polygon: pos = array([-0.17407407,  0.00740741])
46.5558 	EXP 	polygon: pos = array([-0.1787037 ,  0.00740741])
46.5725 	EXP 	polygon: pos = array([-0.18240741,  0.00740741])
46.5891 	EXP 	polygon: pos = array([-0.18703704,  0.00740741])
46.6058 	EXP 	polygon: pos = array([-0.18981481,  0.00648148])
46.6225 	EXP 	polygon: pos = array([-0.19537037,  0.0037037 ])
46.6394 	EXP 	polygon: pos = array([-0.20555556, -0.00925926])
46.6558 	EXP 	polygon: pos = array([-0.21296296, -0.01851852])
46.6724 	EXP 	polygon: pos = array([-0.21851852, -0.02685185])
46.6890 	EXP 	polygon: pos = array([-0.22685185, -0.03888889])
46.7060 	EXP 	polygon: pos = array([-0.23240741, -0.05092593])
46.7224 	EXP 	polygon: pos = array([-0.23796296, -0.06296296])
46.7391 	EXP 	polygon: pos = array([-0.24166667, -0.07037037])
46.7557 	EXP 	polygon: pos = array([-0.24444444, -0.07592593])
46.7724 	EXP 	polygon: pos = array([-0.24537037, -0.07777778])
46.7890 	EXP 	polygon: pos = array([-0.24537037, -0.07777778])
46.8057 	EXP 	polygon: pos = array([-0.24537037, -0.07777778])
46.8223 	EXP 	polygon: pos = array([-0.24537037, -0.07777778])
46.8390 	EXP 	polygon: pos = array([-0.24537037, -0.07777778])
46.8557 	EXP 	polygon: pos = array([-0.24537037, -0.07777778])
46.8723 	EXP 	polygon: pos = array([-0.24537037, -0.07777778])
46.8890 	EXP 	polygon: pos = array([-0.24537037, -0.07777778])
46.9056 	EXP 	polygon: pos = array([-0.24537037, -0.07777778])
46.9224 	EXP 	polygon: pos = array([-0.24537037, -0.07777778])
46.9392 	EXP 	polygon: pos = array([-0.24537037, -0.07777778])
46.9557 	EXP 	polygon: pos = array([-0.24537037, -0.07777778])
46.9723 	EXP 	polygon: pos = array([-0.24537037, -0.07777778])
46.9889 	EXP 	polygon: pos = array([-0.24537037, -0.07777778])
47.0057 	EXP 	polygon: pos = array([-0.24537037, -0.07777778])
47.0223 	EXP 	polygon: pos = array([-0.24537037, -0.07777778])
47.0389 	EXP 	polygon: pos = array([-0.24537037, -0.07777778])
47.0556 	EXP 	polygon: pos = array([-0.24537037, -0.07777778])
47.0722 	EXP 	polygon: pos = array([-0.24907407, -0.07777778])
47.0889 	EXP 	polygon: pos = array([-0.25925926, -0.07407407])
47.1056 	EXP 	polygon: pos = array([-0.28055556, -0.06203704])
47.1222 	EXP 	polygon: pos = array([-0.30833333, -0.03703704])
47.1389 	EXP 	polygon: pos = array([-0.33148148, -0.02314815])
47.1555 	EXP 	polygon: pos = array([-0.35277778, -0.00925926])
47.1723 	EXP 	polygon: pos = array([-0.36666667,  0.00185185])
47.1889 	EXP 	polygon: pos = array([-0.38240741,  0.01574074])
47.2055 	EXP 	polygon: pos = array([-0.39074074,  0.02314815])
47.2222 	EXP 	polygon: pos = array([-0.3962963 ,  0.02685185])
47.2388 	EXP 	polygon: pos = array([-0.4      ,  0.0287037])
47.2554 	EXP 	polygon: pos = array([-0.40092593,  0.0287037 ])
47.2721 	EXP 	polygon: pos = array([-0.40185185,  0.0287037 ])
47.2888 	EXP 	polygon: pos = array([-0.40185185,  0.0287037 ])
47.3054 	EXP 	polygon: pos = array([-0.40185185,  0.03055556])
47.3221 	EXP 	polygon: pos = array([-0.40092593,  0.03148148])
47.3387 	EXP 	polygon: pos = array([-0.39074074,  0.03703704])
47.3556 	EXP 	polygon: pos = array([-0.36388889,  0.0462963 ])
47.3721 	EXP 	polygon: pos = array([-0.32407407,  0.0537037 ])
47.3888 	EXP 	polygon: pos = array([-0.30648148,  0.05185185])
47.4054 	EXP 	polygon: pos = array([-0.29814815,  0.05      ])
47.4221 	EXP 	polygon: pos = array([-0.29259259,  0.04814815])
47.4389 	EXP 	polygon: pos = array([-0.29166667,  0.04351852])
47.4554 	EXP 	polygon: pos = array([-0.28981481,  0.03888889])
47.4720 	EXP 	polygon: pos = array([-0.28703704,  0.0212963 ])
47.4887 	EXP 	polygon: pos = array([-0.28703704,  0.00462963])
47.5054 	EXP 	polygon: pos = array([-0.28703704,  0.00092593])
47.5220 	EXP 	polygon: pos = array([-0.28703704, -0.00092593])
47.5387 	EXP 	polygon: pos = array([-0.28703704, -0.00185185])
47.5553 	EXP 	polygon: pos = array([-0.28703704, -0.0037037 ])
47.5720 	EXP 	polygon: pos = array([-0.28703704, -0.0037037 ])
47.5886 	EXP 	polygon: pos = array([-0.28703704, -0.0037037 ])
47.6053 	EXP 	polygon: pos = array([-0.28703704, -0.0037037 ])
47.6219 	EXP 	polygon: pos = array([-0.28703704, -0.0037037 ])
47.6386 	EXP 	polygon: pos = array([-0.28796296, -0.0037037 ])
47.6553 	EXP 	polygon: pos = array([-0.29166667, -0.00648148])
47.6720 	EXP 	polygon: pos = array([-0.30185185, -0.00925926])
47.6886 	EXP 	polygon: pos = array([-0.31481481, -0.01203704])
47.7052 	EXP 	polygon: pos = array([-0.33425926, -0.0212963 ])
47.7221 	EXP 	polygon: pos = array([-0.34907407, -0.02592593])
47.7386 	EXP 	polygon: pos = array([-0.36481481, -0.03425926])
47.7552 	EXP 	polygon: pos = array([-0.37222222, -0.03518519])
47.7719 	EXP 	polygon: pos = array([-0.37777778, -0.03518519])
47.7885 	EXP 	polygon: pos = array([-0.38703704, -0.03240741])
47.8053 	EXP 	polygon: pos = array([-0.39259259, -0.02592593])
47.8219 	EXP 	polygon: pos = array([-0.3962963 , -0.01851852])
47.8385 	EXP 	polygon: pos = array([-0.39722222, -0.01018519])
47.8552 	EXP 	polygon: pos = array([-0.39722222,  0.01296296])
47.8718 	EXP 	polygon: pos = array([-0.39444444,  0.025     ])
47.8884 	EXP 	polygon: pos = array([-0.39351852,  0.02962963])
47.9051 	EXP 	polygon: pos = array([-0.39166667,  0.03425926])
47.9218 	EXP 	polygon: pos = array([-0.39074074,  0.03796296])
47.9385 	EXP 	polygon: pos = array([-0.39074074,  0.03888889])
47.9551 	EXP 	polygon: pos = array([-0.39074074,  0.03888889])
47.9718 	EXP 	polygon: pos = array([-0.39074074,  0.03888889])
47.9887 	EXP 	polygon: pos = array([-0.39074074,  0.03888889])
48.0051 	EXP 	polygon: pos = array([-0.39074074,  0.03888889])
48.0218 	EXP 	polygon: pos = array([-0.39074074,  0.03888889])
48.0328 	DATA 	Mouse:  Left button up, pos=(538,581)
48.0384 	EXP 	polygon: pos = array([-0.39074074,  0.03796296])
516.9475 	DATA 	Keypress: escape
519.2215 	EXP 	window1: mouseVisible = True
